Change Component Designator: Old Designator=BQ? New Designator=BQ3
Change Component Designator: Old Designator=C? New Designator=C40
Change Component Designator: Old Designator=C? New Designator=C41
Change Component Designator: Old Designator=C? New Designator=C42
Change Component Designator: Old Designator=C? New Designator=C43
Change Component Designator: Old Designator=C? New Designator=C44
Change Component Designator: Old Designator=C? New Designator=C45
Change Component Designator: Old Designator=C? New Designator=C46
Change Component Designator: Old Designator=C? New Designator=C47
Change Component Designator: Old Designator=C? New Designator=C48
Change Component Designator: Old Designator=C? New Designator=C49
Change Component Designator: Old Designator=C? New Designator=C50
Change Component Designator: Old Designator=C? New Designator=C51
Change Component Designator: Old Designator=C? New Designator=C52
Change Component Designator: Old Designator=C? New Designator=C53
Change Component Designator: Old Designator=C? New Designator=C54
Change Component Designator: Old Designator=C? New Designator=C55
Change Component Designator: Old Designator=DD? New Designator=DD5
Change Component Designator: Old Designator=L? New Designator=L8
Change Component Designator: Old Designator=R? New Designator=R29
Change Component Part ID : Designator=R29 Old Part ID =1 New Part ID =4
Change Component Designator: Old Designator=R? New Designator=R30
Change Component Designator: Old Designator=R? New Designator=R30
Change Component Part ID : Designator=R30 Old Part ID =1 New Part ID =2
Change Component Designator: Old Designator=R? New Designator=R30
Change Component Part ID : Designator=R30 Old Part ID =2 New Part ID =3
Change Component Designator: Old Designator=R? New Designator=R31
Change Component Designator: Old Designator=R? New Designator=R31
Change Component Part ID : Designator=R31 Old Part ID =2 New Part ID =3
Change Component Designator: Old Designator=R? New Designator=R30
Change Component Part ID : Designator=R30 Old Part ID =3 New Part ID =4
Change Component Designator: Old Designator=R? New Designator=R32
Change Component Part ID : Designator=R32 Old Part ID =3 New Part ID =1
Change Component Designator: Old Designator=R? New Designator=R32
Change Component Part ID : Designator=R32 Old Part ID =3 New Part ID =2
Change Component Designator: Old Designator=R? New Designator=R29
Change Component Part ID : Designator=R29 Old Part ID =4 New Part ID =3
Change Component Designator: Old Designator=R? New Designator=R31
Change Component Part ID : Designator=R31 Old Part ID =4 New Part ID =1
Change Component Designator: Old Designator=R? New Designator=R31
Change Component Designator: Old Designator=R? New Designator=R33
Change Component Designator: Old Designator=R? New Designator=R34
Change Component Designator: Old Designator=R? New Designator=R35
Change Component Designator: Old Designator=R? New Designator=R36
Change Component Designator: Old Designator=R? New Designator=R37
Change Component Designator: Old Designator=R? New Designator=R38
Change Component Designator: Old Designator=R? New Designator=R39
Change Component Designator: Old Designator=R? New Designator=R40
Change Component Designator: Old Designator=R? New Designator=R41
Change Component Designator: Old Designator=R? New Designator=R42
Change Component Designator: Old Designator=R? New Designator=R43
Change Component Designator: Old Designator=R? New Designator=R44
Change Component Designator: Old Designator=XS? New Designator=XS7
