Change Component Physical Designator: Old Designator=A1_C39 New Designator=C39_A1
Change Component Physical Designator: Old Designator=A1_C40 New Designator=C40_A1
Change Component Physical Designator: Old Designator=A1_G1 New Designator=G1_A1
Change Component Physical Designator: Old Designator=A1_L6 New Designator=L6_A1
Change Component Physical Designator: Old Designator=A1_VD19 New Designator=VD19_A1
Change Component Physical Designator: Old Designator=A2_C39 New Designator=C39_A2
Change Component Physical Designator: Old Designator=A2_C40 New Designator=C40_A2
Change Component Physical Designator: Old Designator=A2_G1 New Designator=G1_A2
Change Component Physical Designator: Old Designator=A2_L6 New Designator=L6_A2
Change Component Physical Designator: Old Designator=A2_VD19 New Designator=VD19_A2
Change Component Physical Designator: Old Designator=A3_C39 New Designator=C39_A3
Change Component Physical Designator: Old Designator=A3_C40 New Designator=C40_A3
Change Component Physical Designator: Old Designator=A3_G1 New Designator=G1_A3
Change Component Physical Designator: Old Designator=A3_L6 New Designator=L6_A3
Change Component Physical Designator: Old Designator=A3_VD19 New Designator=VD19_A3
Change Component Physical Designator: Old Designator=A4_C39 New Designator=C39_A4
Change Component Physical Designator: Old Designator=A4_C40 New Designator=C40_A4
Change Component Physical Designator: Old Designator=A4_G1 New Designator=G1_A4
Change Component Physical Designator: Old Designator=A4_L6 New Designator=L6_A4
Change Component Physical Designator: Old Designator=A4_VD19 New Designator=VD19_A4
Change Component Physical Designator: Old Designator=B1_C41 New Designator=C41_B1
Change Component Physical Designator: Old Designator=B1_C42 New Designator=C42_B1
Change Component Physical Designator: Old Designator=B1_DA2 New Designator=DA2_B1
Change Component Physical Designator: Old Designator=B1_R43 New Designator=R43_B1
Change Component Physical Designator: Old Designator=B1_R44 New Designator=R44_B1
Change Component Physical Designator: Old Designator=B1_R45 New Designator=R45_B1
Change Component Physical Designator: Old Designator=B1_R46 New Designator=R46_B1
Change Component Physical Designator: Old Designator=B1_VD20 New Designator=VD20_B1
Change Component Physical Designator: Old Designator=B2_C41 New Designator=C41_B2
Change Component Physical Designator: Old Designator=B2_C42 New Designator=C42_B2
Change Component Physical Designator: Old Designator=B2_DA2 New Designator=DA2_B2
Change Component Physical Designator: Old Designator=B2_R43 New Designator=R43_B2
Change Component Physical Designator: Old Designator=B2_R44 New Designator=R44_B2
Change Component Physical Designator: Old Designator=B2_R45 New Designator=R45_B2
Change Component Physical Designator: Old Designator=B2_R46 New Designator=R46_B2
Change Component Physical Designator: Old Designator=B2_VD20 New Designator=VD20_B2
Change Component Physical Designator: Old Designator=I1_DA3 New Designator=DA3_I1
Change Component Physical Designator: Old Designator=I1_R47 New Designator=R47_I1
Change Component Physical Designator: Old Designator=I1_VD21 New Designator=VD21_I1
Change Component Physical Designator: Old Designator=I2_DA3 New Designator=DA3_I2
Change Component Physical Designator: Old Designator=I2_R47 New Designator=R47_I2
Change Component Physical Designator: Old Designator=I2_VD21 New Designator=VD21_I2
Change Component Physical Designator: Old Designator=I3_DA3 New Designator=DA3_I3
Change Component Physical Designator: Old Designator=I3_R47 New Designator=R47_I3
Change Component Physical Designator: Old Designator=I3_VD21 New Designator=VD21_I3
Change Component Physical Designator: Old Designator=I4_DA3 New Designator=DA3_I4
Change Component Physical Designator: Old Designator=I4_R47 New Designator=R47_I4
Change Component Physical Designator: Old Designator=I4_VD21 New Designator=VD21_I4
Change Component Physical Designator: Old Designator=O1_KL1 New Designator=KL1_O1
Change Component Physical Designator: Old Designator=O1_KL1 New Designator=KL1_O1
Change Component Physical Designator: Old Designator=O1_R48 New Designator=R48_O1
Change Component Physical Designator: Old Designator=O1_VD22 New Designator=VD22_O1
Change Component Physical Designator: Old Designator=O1_VT2 New Designator=VT2_O1
Change Component Physical Designator: Old Designator=O2_KL1 New Designator=KL1_O2
Change Component Physical Designator: Old Designator=O2_KL1 New Designator=KL1_O2
Change Component Physical Designator: Old Designator=O2_R48 New Designator=R48_O2
Change Component Physical Designator: Old Designator=O2_VD22 New Designator=VD22_O2
Change Component Physical Designator: Old Designator=O2_VT2 New Designator=VT2_O2
Change Component Physical Designator: Old Designator=O3_KL1 New Designator=KL1_O3
Change Component Physical Designator: Old Designator=O3_KL1 New Designator=KL1_O3
Change Component Physical Designator: Old Designator=O3_R48 New Designator=R48_O3
Change Component Physical Designator: Old Designator=O3_VD22 New Designator=VD22_O3
Change Component Physical Designator: Old Designator=O3_VT2 New Designator=VT2_O3
