Change Component Physical Designator: Old Designator=B1_C41 New Designator=C41_B1
Change Component Physical Designator: Old Designator=B1_C42 New Designator=C42_B1
Change Component Physical Designator: Old Designator=B1_DA2 New Designator=DA2_B1
Change Component Physical Designator: Old Designator=B1_R45 New Designator=R45_B1
Change Component Physical Designator: Old Designator=B1_R46 New Designator=R46_B1
Change Component Physical Designator: Old Designator=B1_R47 New Designator=R47_B1
Change Component Physical Designator: Old Designator=B1_R48 New Designator=R48_B1
Change Component Physical Designator: Old Designator=B1_VD20 New Designator=VD20_B1
Change Component Physical Designator: Old Designator=B2_C41 New Designator=C41_B2
Change Component Physical Designator: Old Designator=B2_C42 New Designator=C42_B2
Change Component Physical Designator: Old Designator=B2_DA2 New Designator=DA2_B2
Change Component Physical Designator: Old Designator=B2_R45 New Designator=R45_B2
Change Component Physical Designator: Old Designator=B2_R46 New Designator=R46_B2
Change Component Physical Designator: Old Designator=B2_R47 New Designator=R47_B2
Change Component Physical Designator: Old Designator=B2_R48 New Designator=R48_B2
Change Component Physical Designator: Old Designator=B2_VD20 New Designator=VD20_B2
Change Component Physical Designator: Old Designator=I1_DA3 New Designator=DA3_I1
Change Component Physical Designator: Old Designator=I1_R49 New Designator=R49_I1
Change Component Physical Designator: Old Designator=I1_VD21 New Designator=VD21_I1
Change Component Physical Designator: Old Designator=I2_DA3 New Designator=DA3_I2
Change Component Physical Designator: Old Designator=I2_R49 New Designator=R49_I2
Change Component Physical Designator: Old Designator=I2_VD21 New Designator=VD21_I2
Change Component Physical Designator: Old Designator=I3_DA3 New Designator=DA3_I3
Change Component Physical Designator: Old Designator=I3_R49 New Designator=R49_I3
Change Component Physical Designator: Old Designator=I3_VD21 New Designator=VD21_I3
Change Component Physical Designator: Old Designator=O1_KL1 New Designator=KL1_O1
Change Component Physical Designator: Old Designator=O1_KL1 New Designator=KL1_O1
Change Component Physical Designator: Old Designator=O1_R53 New Designator=R53_O1
Change Component Physical Designator: Old Designator=O1_VD22 New Designator=VD22_O1
Change Component Physical Designator: Old Designator=O1_VT2 New Designator=VT2_O1
Change Component Physical Designator: Old Designator=O2_KL1 New Designator=KL1_O2
Change Component Physical Designator: Old Designator=O2_KL1 New Designator=KL1_O2
Change Component Physical Designator: Old Designator=O2_R53 New Designator=R53_O2
Change Component Physical Designator: Old Designator=O2_VD22 New Designator=VD22_O2
Change Component Physical Designator: Old Designator=O2_VT2 New Designator=VT2_O2
Change Component Physical Designator: Old Designator=O3_KL1 New Designator=KL1_O3
Change Component Physical Designator: Old Designator=O3_KL1 New Designator=KL1_O3
Change Component Physical Designator: Old Designator=O3_R53 New Designator=R53_O3
Change Component Physical Designator: Old Designator=O3_VD22 New Designator=VD22_O3
Change Component Physical Designator: Old Designator=O3_VT2 New Designator=VT2_O3
Change Component Physical Designator: Old Designator=P1_C39 New Designator=C39_P1
Change Component Physical Designator: Old Designator=P1_C40 New Designator=C40_P1
Change Component Physical Designator: Old Designator=P1_G1 New Designator=G1_P1
Change Component Physical Designator: Old Designator=P1_L6 New Designator=L6_P1
Change Component Physical Designator: Old Designator=P1_VD19 New Designator=VD19_P1
Change Component Physical Designator: Old Designator=P2_C39 New Designator=C39_P2
Change Component Physical Designator: Old Designator=P2_C40 New Designator=C40_P2
Change Component Physical Designator: Old Designator=P2_G1 New Designator=G1_P2
Change Component Physical Designator: Old Designator=P2_L6 New Designator=L6_P2
Change Component Physical Designator: Old Designator=P2_VD19 New Designator=VD19_P2
Change Component Physical Designator: Old Designator=P3_C39 New Designator=C39_P3
Change Component Physical Designator: Old Designator=P3_C40 New Designator=C40_P3
Change Component Physical Designator: Old Designator=P3_G1 New Designator=G1_P3
Change Component Physical Designator: Old Designator=P3_L6 New Designator=L6_P3
Change Component Physical Designator: Old Designator=P3_VD19 New Designator=VD19_P3
Change Component Physical Designator: Old Designator=P4_C39 New Designator=C39_P4
Change Component Physical Designator: Old Designator=P4_C40 New Designator=C40_P4
Change Component Physical Designator: Old Designator=P4_G1 New Designator=G1_P4
Change Component Physical Designator: Old Designator=P4_L6 New Designator=L6_P4
Change Component Physical Designator: Old Designator=P4_VD19 New Designator=VD19_P4
