Reset Component Physical Designator: Old Designator=B1 New Designator=_B?
Reset Component Physical Designator: Old Designator=BQ1 New Designator=_BQ?
Reset Component Physical Designator: Old Designator=BQ2 New Designator=_BQ?
Reset Component Physical Designator: Old Designator=BQ3 New Designator=_BQ?
Reset Component Physical Designator: Old Designator=C1 New Designator=_C?
Reset Component Physical Designator: Old Designator=C2 New Designator=_C3
Reset Component Physical Designator: Old Designator=C3 New Designator=_C2
Reset Component Physical Designator: Old Designator=C4 New Designator=_C?
Reset Component Physical Designator: Old Designator=C5 New Designator=_C?
Reset Component Physical Designator: Old Designator=C6 New Designator=_C?
Reset Component Physical Designator: Old Designator=C7 New Designator=_C?
Reset Component Physical Designator: Old Designator=C8 New Designator=_C?
Reset Component Physical Designator: Old Designator=C9 New Designator=_C?
Reset Component Physical Designator: Old Designator=C10 New Designator=_C?
Reset Component Physical Designator: Old Designator=C11 New Designator=_C?
Reset Component Physical Designator: Old Designator=C12 New Designator=_C?
Reset Component Physical Designator: Old Designator=C13 New Designator=_C?
Reset Component Physical Designator: Old Designator=C14 New Designator=_C?
Reset Component Physical Designator: Old Designator=C15 New Designator=_C?
Reset Component Physical Designator: Old Designator=C16 New Designator=_C?
Reset Component Physical Designator: Old Designator=C17 New Designator=_C?
Reset Component Physical Designator: Old Designator=C18 New Designator=_C?
Reset Component Physical Designator: Old Designator=C19 New Designator=_C?
Reset Component Physical Designator: Old Designator=C20 New Designator=_C?
Reset Component Physical Designator: Old Designator=C21 New Designator=_C?
Reset Component Physical Designator: Old Designator=C22 New Designator=_C?
Reset Component Physical Designator: Old Designator=C23 New Designator=_C?
Reset Component Physical Designator: Old Designator=C24 New Designator=_C?
Reset Component Physical Designator: Old Designator=C25 New Designator=_C?
Reset Component Physical Designator: Old Designator=C26 New Designator=_C?
Reset Component Physical Designator: Old Designator=C27 New Designator=_C?
Reset Component Physical Designator: Old Designator=C28 New Designator=_C?
Reset Component Physical Designator: Old Designator=C29 New Designator=_C?
Reset Component Physical Designator: Old Designator=C30 New Designator=_C?
Reset Component Physical Designator: Old Designator=C31 New Designator=_C?
Reset Component Physical Designator: Old Designator=C32 New Designator=_C?
Reset Component Physical Designator: Old Designator=C33 New Designator=_C?
Reset Component Physical Designator: Old Designator=C34 New Designator=_C?
Reset Component Physical Designator: Old Designator=C35 New Designator=_C?
Reset Component Physical Designator: Old Designator=C36 New Designator=_C?
Reset Component Physical Designator: Old Designator=C37 New Designator=_C?
Reset Component Physical Designator: Old Designator=C38 New Designator=_C?
Reset Component Physical Designator: Old Designator=C39_P1 New Designator=P1_C?
Reset Component Physical Designator: Old Designator=C39_P2 New Designator=P2_C?
Reset Component Physical Designator: Old Designator=C39_P3 New Designator=P3_C?
Reset Component Physical Designator: Old Designator=C39_P4 New Designator=P4_C?
Reset Component Physical Designator: Old Designator=C40_P1 New Designator=P1_C?
Reset Component Physical Designator: Old Designator=C40_P2 New Designator=P2_C?
Reset Component Physical Designator: Old Designator=C40_P3 New Designator=P3_C?
Reset Component Physical Designator: Old Designator=C40_P4 New Designator=P4_C?
Reset Component Physical Designator: Old Designator=C41_B1 New Designator=B1_C?
Reset Component Physical Designator: Old Designator=C41_B2 New Designator=B2_C?
Reset Component Physical Designator: Old Designator=C42_B1 New Designator=B1_C?
Reset Component Physical Designator: Old Designator=C42_B2 New Designator=B2_C?
Reset Component Physical Designator: Old Designator=C43 New Designator=_C?
Reset Component Physical Designator: Old Designator=C44 New Designator=_C?
Reset Component Physical Designator: Old Designator=C45 New Designator=_C?
Reset Component Physical Designator: Old Designator=C47 New Designator=_C?
Reset Component Physical Designator: Old Designator=C48 New Designator=_C?
Reset Component Physical Designator: Old Designator=C49 New Designator=_C?
Reset Component Physical Designator: Old Designator=C50 New Designator=_C?
Reset Component Physical Designator: Old Designator=C51 New Designator=_C?
Reset Component Physical Designator: Old Designator=C52 New Designator=_C?
Reset Component Physical Designator: Old Designator=C53 New Designator=_C?
Reset Component Physical Designator: Old Designator=C54 New Designator=_C?
Reset Component Physical Designator: Old Designator=C55 New Designator=_C?
Reset Component Physical Designator: Old Designator=C56 New Designator=_C?
Reset Component Physical Designator: Old Designator=C57 New Designator=_C?
Reset Component Physical Designator: Old Designator=C58 New Designator=_C?
Reset Component Physical Designator: Old Designator=C59 New Designator=_C?
Reset Component Physical Designator: Old Designator=C60 New Designator=_C?
Reset Component Physical Designator: Old Designator=C61 New Designator=_C?
Reset Component Physical Designator: Old Designator=C62 New Designator=_C?
Reset Component Physical Designator: Old Designator=C63 New Designator=_C?
Reset Component Physical Designator: Old Designator=C64 New Designator=_C?
Reset Component Physical Designator: Old Designator=C65 New Designator=_C?
Reset Component Physical Designator: Old Designator=DA1 New Designator=_DA?
Reset Component Physical Designator: Old Designator=DA2_B1 New Designator=B1_DA?
Reset Component Physical Designator: Old Designator=DA2_B2 New Designator=B2_DA?
Reset Component Physical Designator: Old Designator=DA3_I1 New Designator=I1_DA?
Reset Component Physical Designator: Old Designator=DA3_I2 New Designator=I2_DA?
Reset Component Physical Designator: Old Designator=DA3_I3 New Designator=I3_DA?
Reset Component Physical Designator: Old Designator=DA4 New Designator=_DA?
Reset Component Physical Designator: Old Designator=DD1 New Designator=_DD?
Reset Component Physical Designator: Old Designator=DD1 New Designator=_DD?
Reset Component Physical Designator: Old Designator=DD2 New Designator=_DD?
Reset Component Physical Designator: Old Designator=DD3 New Designator=_DD?
Reset Component Physical Designator: Old Designator=DD4 New Designator=_DD?
Reset Component Physical Designator: Old Designator=DD5 New Designator=_DD?
Reset Component Physical Designator: Old Designator=DD6 New Designator=_DD?
Reset Component Physical Designator: Old Designator=G1_P1 New Designator=P1_G?
Reset Component Physical Designator: Old Designator=G1_P2 New Designator=P2_G?
Reset Component Physical Designator: Old Designator=G1_P3 New Designator=P3_G?
Reset Component Physical Designator: Old Designator=G1_P4 New Designator=P4_G?
Reset Component Physical Designator: Old Designator=G2 New Designator=_G?
Reset Component Physical Designator: Old Designator=KL1_O1 New Designator=O1_KL?
Reset Component Physical Designator: Old Designator=KL1_O1 New Designator=O1_KL?
Reset Component Physical Designator: Old Designator=KL1_O2 New Designator=O2_KL?
Reset Component Physical Designator: Old Designator=KL1_O2 New Designator=O2_KL?
Reset Component Physical Designator: Old Designator=KL1_O3 New Designator=O3_KL?
Reset Component Physical Designator: Old Designator=KL1_O3 New Designator=O3_KL?
Reset Component Physical Designator: Old Designator=L1 New Designator=_L?
Reset Component Physical Designator: Old Designator=L2 New Designator=_L?
Reset Component Physical Designator: Old Designator=L3 New Designator=_L?
Reset Component Physical Designator: Old Designator=L4 New Designator=_L?
Reset Component Physical Designator: Old Designator=L5 New Designator=_L?
Reset Component Physical Designator: Old Designator=L6_P1 New Designator=P1_L?
Reset Component Physical Designator: Old Designator=L6_P2 New Designator=P2_L?
Reset Component Physical Designator: Old Designator=L6_P3 New Designator=P3_L?
Reset Component Physical Designator: Old Designator=L6_P4 New Designator=P4_L?
Reset Component Physical Designator: Old Designator=L7 New Designator=_L?
Reset Component Physical Designator: Old Designator=L8 New Designator=_L?
Reset Component Physical Designator: Old Designator=L9 New Designator=_L?
Reset Component Physical Designator: Old Designator=R1 New Designator=_R?
Reset Component Physical Designator: Old Designator=R2 New Designator=_R?
Reset Component Physical Designator: Old Designator=R3 New Designator=_R?
Reset Component Physical Designator: Old Designator=R4 New Designator=_R?
Reset Component Physical Designator: Old Designator=R5 New Designator=_R?
Reset Component Physical Designator: Old Designator=R6 New Designator=_R?
Reset Component Physical Designator: Old Designator=R7 New Designator=_R?
Reset Component Physical Designator: Old Designator=R8 New Designator=_R?
Reset Component Physical Designator: Old Designator=R9 New Designator=_R?
Reset Component Physical Designator: Old Designator=R10 New Designator=_R?
Reset Component Physical Designator: Old Designator=R11 New Designator=_R?
Reset Component Physical Designator: Old Designator=R12 New Designator=_R?
Reset Component Physical Designator: Old Designator=R13 New Designator=_R?
Reset Component Physical Designator: Old Designator=R14 New Designator=_R?
Reset Component Physical Designator: Old Designator=R15 New Designator=_R?
Reset Component Physical Designator: Old Designator=R16 New Designator=_R?
Reset Component Physical Designator: Old Designator=R17 New Designator=_R?
Reset Component Physical Designator: Old Designator=R18 New Designator=_R?
Reset Component Physical Designator: Old Designator=R19 New Designator=_R?
Reset Component Physical Designator: Old Designator=R20 New Designator=_R?
Reset Component Physical Designator: Old Designator=R21 New Designator=_R?
Reset Component Physical Designator: Old Designator=R22 New Designator=_R?
Reset Component Physical Designator: Old Designator=R22 New Designator=_R?
Reset Component Physical Designator: Old Designator=R22 New Designator=_R?
Reset Component Physical Designator: Old Designator=R22 New Designator=_R?
Reset Component Physical Designator: Old Designator=R23 New Designator=_R?
Reset Component Physical Designator: Old Designator=R24 New Designator=_R24
Reset Component Physical Designator: Old Designator=R24 New Designator=_R24
Reset Component Physical Designator: Old Designator=R24 New Designator=_R?
Reset Component Physical Designator: Old Designator=R24 New Designator=_R?
Reset Component Physical Designator: Old Designator=R25 New Designator=_R?
Reset Component Physical Designator: Old Designator=R25 New Designator=_R?
Reset Component Physical Designator: Old Designator=R25 New Designator=_R?
Reset Component Physical Designator: Old Designator=R25 New Designator=_R?
Reset Component Physical Designator: Old Designator=R26 New Designator=_R28
Reset Component Physical Designator: Old Designator=R26 New Designator=_R28
Reset Component Physical Designator: Old Designator=R27 New Designator=_R?
Reset Component Physical Designator: Old Designator=R28 New Designator=_R29
Reset Component Physical Designator: Old Designator=R28 New Designator=_R29
Reset Component Physical Designator: Old Designator=R28 New Designator=_R27
Reset Component Physical Designator: Old Designator=R28 New Designator=_R28
Reset Component Physical Designator: Old Designator=R29 New Designator=_R27
Reset Component Physical Designator: Old Designator=R29 New Designator=_R27
Reset Component Physical Designator: Old Designator=R29 New Designator=_R29
Reset Component Physical Designator: Old Designator=R29 New Designator=_R29
Reset Component Physical Designator: Old Designator=R30 New Designator=_R?
Reset Component Physical Designator: Old Designator=R30 New Designator=_R?
Reset Component Physical Designator: Old Designator=R30 New Designator=_R28
Reset Component Physical Designator: Old Designator=R30 New Designator=_R?
Reset Component Physical Designator: Old Designator=R31 New Designator=_R?
Reset Component Physical Designator: Old Designator=R32 New Designator=_R?
Reset Component Physical Designator: Old Designator=R33 New Designator=_R?
Reset Component Physical Designator: Old Designator=R34 New Designator=_R?
Reset Component Physical Designator: Old Designator=R35 New Designator=_R?
Reset Component Physical Designator: Old Designator=R36 New Designator=_R?
Reset Component Physical Designator: Old Designator=R37 New Designator=_R?
Reset Component Physical Designator: Old Designator=R38 New Designator=_R?
Reset Component Physical Designator: Old Designator=R39 New Designator=_R?
Reset Component Physical Designator: Old Designator=R40 New Designator=_R?
Reset Component Physical Designator: Old Designator=R41 New Designator=_R?
Reset Component Physical Designator: Old Designator=R42 New Designator=_R?
Reset Component Physical Designator: Old Designator=R43_B1 New Designator=B1_R?
Reset Component Physical Designator: Old Designator=R43_B2 New Designator=B2_R?
Reset Component Physical Designator: Old Designator=R44_B1 New Designator=B1_R?
Reset Component Physical Designator: Old Designator=R44_B2 New Designator=B2_R?
Reset Component Physical Designator: Old Designator=R45_B1 New Designator=B1_R?
Reset Component Physical Designator: Old Designator=R45_B2 New Designator=B2_R?
Reset Component Physical Designator: Old Designator=R46_B1 New Designator=B1_R?
Reset Component Physical Designator: Old Designator=R46_B2 New Designator=B2_R?
Reset Component Physical Designator: Old Designator=R47_I1 New Designator=I1_R?
Reset Component Physical Designator: Old Designator=R47_I2 New Designator=I2_R?
Reset Component Physical Designator: Old Designator=R47_I3 New Designator=I3_R?
Reset Component Physical Designator: Old Designator=R48_O1 New Designator=O1_R?
Reset Component Physical Designator: Old Designator=R48_O2 New Designator=O2_R?
Reset Component Physical Designator: Old Designator=R48_O3 New Designator=O3_R?
Reset Component Physical Designator: Old Designator=R49 New Designator=_R?
Reset Component Physical Designator: Old Designator=R49 New Designator=_R?
Reset Component Physical Designator: Old Designator=R49 New Designator=_R?
Reset Component Physical Designator: Old Designator=R50 New Designator=_R50
Reset Component Physical Designator: Old Designator=R50 New Designator=_R?
Reset Component Physical Designator: Old Designator=R50 New Designator=_R50
Reset Component Physical Designator: Old Designator=R50 New Designator=_R?
Reset Component Physical Designator: Old Designator=R50 New Designator=_R50
Reset Component Physical Designator: Old Designator=R50 New Designator=_R?
Reset Component Physical Designator: Old Designator=R50 New Designator=_R50
Reset Component Physical Designator: Old Designator=R51 New Designator=_R51
Reset Component Physical Designator: Old Designator=R51 New Designator=_R?
Reset Component Physical Designator: Old Designator=R51 New Designator=_R51
Reset Component Physical Designator: Old Designator=R51 New Designator=_R?
Reset Component Physical Designator: Old Designator=R51 New Designator=_R51
Reset Component Physical Designator: Old Designator=R51 New Designator=_R?
Reset Component Physical Designator: Old Designator=R51 New Designator=_R51
Reset Component Physical Designator: Old Designator=R52 New Designator=_R52
Reset Component Physical Designator: Old Designator=R52 New Designator=_R52
Reset Component Physical Designator: Old Designator=R52 New Designator=_R52
Reset Component Physical Designator: Old Designator=R52 New Designator=_R52
Reset Component Physical Designator: Old Designator=R53 New Designator=_R?
Reset Component Physical Designator: Old Designator=R54 New Designator=_R?
Reset Component Physical Designator: Old Designator=R55 New Designator=_R?
Reset Component Physical Designator: Old Designator=R56 New Designator=_R?
Reset Component Physical Designator: Old Designator=R57 New Designator=_R?
Reset Component Physical Designator: Old Designator=R58 New Designator=_R?
Reset Component Physical Designator: Old Designator=R61 New Designator=_R?
Reset Component Physical Designator: Old Designator=R62 New Designator=_R?
Reset Component Physical Designator: Old Designator=R? New Designator=_R?
Reset Component Physical Designator: Old Designator=R? New Designator=_R?
Reset Component Physical Designator: Old Designator=SB1 New Designator=_SB?
Reset Component Physical Designator: Old Designator=VD1 New Designator=_VD?
Reset Component Physical Designator: Old Designator=VD2 New Designator=_VD2
Reset Component Physical Designator: Old Designator=VD2 New Designator=_VD2
Reset Component Physical Designator: Old Designator=VD3 New Designator=_VD?
Reset Component Physical Designator: Old Designator=VD4 New Designator=_VD?
Reset Component Physical Designator: Old Designator=VD5 New Designator=_VD?
Reset Component Physical Designator: Old Designator=VD6 New Designator=_VD6
Reset Component Physical Designator: Old Designator=VD7 New Designator=_VD?
Reset Component Physical Designator: Old Designator=VD8 New Designator=_VD?
Reset Component Physical Designator: Old Designator=VD9 New Designator=_VD?
Reset Component Physical Designator: Old Designator=VD10 New Designator=_VD?
Reset Component Physical Designator: Old Designator=VD11 New Designator=_VD?
Reset Component Physical Designator: Old Designator=VD12 New Designator=_VD?
Reset Component Physical Designator: Old Designator=VD13 New Designator=_VD?
Reset Component Physical Designator: Old Designator=VD14 New Designator=_VD?
Reset Component Physical Designator: Old Designator=VD15 New Designator=_VD?
Reset Component Physical Designator: Old Designator=VD16 New Designator=_VD?
Reset Component Physical Designator: Old Designator=VD17 New Designator=_VD?
Reset Component Physical Designator: Old Designator=VD17 New Designator=_VD?
Reset Component Physical Designator: Old Designator=VD17 New Designator=_VD?
Reset Component Physical Designator: Old Designator=VD17 New Designator=_VD?
Reset Component Physical Designator: Old Designator=VD17 New Designator=_VD?
Reset Component Physical Designator: Old Designator=VD18 New Designator=_VD?
Reset Component Physical Designator: Old Designator=VD19_P1 New Designator=P1_VD?
Reset Component Physical Designator: Old Designator=VD19_P2 New Designator=P2_VD?
Reset Component Physical Designator: Old Designator=VD19_P3 New Designator=P3_VD?
Reset Component Physical Designator: Old Designator=VD19_P4 New Designator=P4_VD?
Reset Component Physical Designator: Old Designator=VD20_B1 New Designator=B1_VD?
Reset Component Physical Designator: Old Designator=VD20_B2 New Designator=B2_VD?
Reset Component Physical Designator: Old Designator=VD21_I1 New Designator=I1_VD?
Reset Component Physical Designator: Old Designator=VD21_I2 New Designator=I2_VD?
Reset Component Physical Designator: Old Designator=VD21_I3 New Designator=I3_VD?
Reset Component Physical Designator: Old Designator=VD22_O1 New Designator=O1_VD?
Reset Component Physical Designator: Old Designator=VD22_O2 New Designator=O2_VD?
Reset Component Physical Designator: Old Designator=VD22_O3 New Designator=O3_VD?
Reset Component Physical Designator: Old Designator=VD23 New Designator=_VD?
Reset Component Physical Designator: Old Designator=VD24 New Designator=_VD?
Reset Component Physical Designator: Old Designator=VD25 New Designator=_VD?
Reset Component Physical Designator: Old Designator=VD26 New Designator=_VD?
Reset Component Physical Designator: Old Designator=VD27 New Designator=_VD?
Reset Component Physical Designator: Old Designator=VD28 New Designator=_VD?
Reset Component Physical Designator: Old Designator=VD29 New Designator=_VD?
Reset Component Physical Designator: Old Designator=VD30 New Designator=_VD?
Reset Component Physical Designator: Old Designator=VD31 New Designator=_VD?
Reset Component Physical Designator: Old Designator=VT1 New Designator=_VT?
Reset Component Physical Designator: Old Designator=VT2_O1 New Designator=O1_VT?
Reset Component Physical Designator: Old Designator=VT2_O2 New Designator=O2_VT?
Reset Component Physical Designator: Old Designator=VT2_O3 New Designator=O3_VT?
Reset Component Physical Designator: Old Designator=WG1 New Designator=_WG?
Reset Component Physical Designator: Old Designator=XP1 New Designator=_XP?
Reset Component Physical Designator: Old Designator=XP2 New Designator=_XP?
Reset Component Physical Designator: Old Designator=XP3 New Designator=_XP?
Reset Component Physical Designator: Old Designator=XS1 New Designator=_XS?
Reset Component Physical Designator: Old Designator=XS2 New Designator=_XS?
Reset Component Physical Designator: Old Designator=XS3 New Designator=_XS?
Reset Component Physical Designator: Old Designator=XS4 New Designator=_XS?
Reset Component Physical Designator: Old Designator=XS5 New Designator=_XS?
Reset Component Physical Designator: Old Designator=XS6 New Designator=_XS?
Reset Component Physical Designator: Old Designator=XS7 New Designator=_XS?
Reset Component Physical Designator: Old Designator=XS8 New Designator=_XS?
Reset Component Physical Designator: Old Designator=XS9 New Designator=_XS?
Reset Component Physical Designator: Old Designator=XS10 New Designator=_XS?
Reset Component Physical Designator: Old Designator=XS11 New Designator=_XS?
