Change Component Physical Designator: Old Designator=B? New Designator=B1
Change Component Physical Designator: Old Designator=BQ? New Designator=BQ1
Change Component Physical Designator: Old Designator=BQ? New Designator=BQ2
Change Component Physical Designator: Old Designator=BQ? New Designator=BQ3
Change Component Physical Designator: Old Designator=C? New Designator=C1
Change Component Physical Designator: Old Designator=C? New Designator=C2
Change Component Physical Designator: Old Designator=C? New Designator=C3
Change Component Physical Designator: Old Designator=C? New Designator=C4
Change Component Physical Designator: Old Designator=C? New Designator=C5
Change Component Physical Designator: Old Designator=C? New Designator=C6
Change Component Physical Designator: Old Designator=C? New Designator=C7
Change Component Physical Designator: Old Designator=C? New Designator=C8
Change Component Physical Designator: Old Designator=C? New Designator=C9
Change Component Physical Designator: Old Designator=C? New Designator=C10
Change Component Physical Designator: Old Designator=C? New Designator=C11
Change Component Physical Designator: Old Designator=C? New Designator=C12
Change Component Physical Designator: Old Designator=C? New Designator=C13
Change Component Physical Designator: Old Designator=C? New Designator=C14
Change Component Physical Designator: Old Designator=C? New Designator=C15
Change Component Physical Designator: Old Designator=C? New Designator=C16
Change Component Physical Designator: Old Designator=C? New Designator=C17
Change Component Physical Designator: Old Designator=C? New Designator=C18
Change Component Physical Designator: Old Designator=C? New Designator=C19
Change Component Physical Designator: Old Designator=C? New Designator=C20
Change Component Physical Designator: Old Designator=C? New Designator=C21
Change Component Physical Designator: Old Designator=C? New Designator=C22
Change Component Physical Designator: Old Designator=C? New Designator=C23
Change Component Physical Designator: Old Designator=C? New Designator=C24
Change Component Physical Designator: Old Designator=C? New Designator=C25
Change Component Physical Designator: Old Designator=C? New Designator=C26
Change Component Physical Designator: Old Designator=C? New Designator=C27
Change Component Physical Designator: Old Designator=C? New Designator=C28
Change Component Physical Designator: Old Designator=C? New Designator=C29
Change Component Physical Designator: Old Designator=C? New Designator=C30
Change Component Physical Designator: Old Designator=C? New Designator=C31
Change Component Physical Designator: Old Designator=C? New Designator=C32
Change Component Physical Designator: Old Designator=C? New Designator=C33
Change Component Physical Designator: Old Designator=C? New Designator=C34
Change Component Physical Designator: Old Designator=C? New Designator=C35
Change Component Physical Designator: Old Designator=C? New Designator=C36
Change Component Physical Designator: Old Designator=C? New Designator=C37
Change Component Physical Designator: Old Designator=C? New Designator=C38
Change Component Physical Designator: Old Designator=C? New Designator=C43
Change Component Physical Designator: Old Designator=C? New Designator=C44
Change Component Physical Designator: Old Designator=C? New Designator=C45
Change Component Physical Designator: Old Designator=C? New Designator=C46
Change Component Physical Designator: Old Designator=C? New Designator=C47
Change Component Physical Designator: Old Designator=C? New Designator=C48
Change Component Physical Designator: Old Designator=C? New Designator=C49
Change Component Physical Designator: Old Designator=C? New Designator=C50
Change Component Physical Designator: Old Designator=C? New Designator=C51
Change Component Physical Designator: Old Designator=C? New Designator=C52
Change Component Physical Designator: Old Designator=C? New Designator=C53
Change Component Physical Designator: Old Designator=C? New Designator=C54
Change Component Physical Designator: Old Designator=C? New Designator=C55
Change Component Physical Designator: Old Designator=C? New Designator=C56
Change Component Physical Designator: Old Designator=C? New Designator=C57
Change Component Physical Designator: Old Designator=C? New Designator=C58
Change Component Physical Designator: Old Designator=C? New Designator=C59
Change Component Physical Designator: Old Designator=C? New Designator=C60
Change Component Physical Designator: Old Designator=C? New Designator=C61
Change Component Physical Designator: Old Designator=C? New Designator=C62
Change Component Physical Designator: Old Designator=C? New Designator=C63
Change Component Physical Designator: Old Designator=C? New Designator=C64
Change Component Physical Designator: Old Designator=C? New Designator=C65
Change Component Physical Designator: Old Designator=C?_A1 New Designator=C39_A1
Change Component Physical Designator: Old Designator=C?_A1 New Designator=C40_A1
Change Component Physical Designator: Old Designator=C?_A2 New Designator=C39_A2
Change Component Physical Designator: Old Designator=C?_A2 New Designator=C40_A2
Change Component Physical Designator: Old Designator=C?_A3 New Designator=C39_A3
Change Component Physical Designator: Old Designator=C?_A3 New Designator=C40_A3
Change Component Physical Designator: Old Designator=C?_A4 New Designator=C39_A4
Change Component Physical Designator: Old Designator=C?_A4 New Designator=C40_A4
Change Component Physical Designator: Old Designator=C?_B1 New Designator=C41_B1
Change Component Physical Designator: Old Designator=C?_B1 New Designator=C42_B1
Change Component Physical Designator: Old Designator=C?_B2 New Designator=C41_B2
Change Component Physical Designator: Old Designator=C?_B2 New Designator=C42_B2
Change Component Physical Designator: Old Designator=DA? New Designator=DA1
Change Component Physical Designator: Old Designator=DA? New Designator=DA4
Change Component Physical Designator: Old Designator=DA?_B1 New Designator=DA2_B1
Change Component Physical Designator: Old Designator=DA?_B2 New Designator=DA2_B2
Change Component Physical Designator: Old Designator=DA?_I_1 New Designator=DA3_I_1
Change Component Physical Designator: Old Designator=DA?_I_2 New Designator=DA3_I_2
Change Component Physical Designator: Old Designator=DA?_I_3 New Designator=DA3_I_3
Change Component Physical Designator: Old Designator=DA?_I_4 New Designator=DA3_I_4
Change Component Physical Designator: Old Designator=DD? New Designator=DD1
Change Component Physical Designator: Old Designator=DD? New Designator=DD1
Change Component Physical Designator: Old Designator=DD? New Designator=DD2
Change Component Physical Designator: Old Designator=DD? New Designator=DD3
Change Component Physical Designator: Old Designator=DD? New Designator=DD4
Change Component Physical Designator: Old Designator=DD? New Designator=DD5
Change Component Physical Designator: Old Designator=DD? New Designator=DD6
Change Component Physical Designator: Old Designator=G? New Designator=G2
Change Component Physical Designator: Old Designator=G?_A1 New Designator=G1_A1
Change Component Physical Designator: Old Designator=G?_A2 New Designator=G1_A2
Change Component Physical Designator: Old Designator=G?_A3 New Designator=G1_A3
Change Component Physical Designator: Old Designator=G?_A4 New Designator=G1_A4
Change Component Physical Designator: Old Designator=KL?_O_1 New Designator=KL1_O_1
Change Component Physical Designator: Old Designator=KL?_O_1 New Designator=KL2_O_1
Change Component Physical Designator: Old Designator=KL?_O_2 New Designator=KL1_O_2
Change Component Physical Designator: Old Designator=KL?_O_2 New Designator=KL2_O_2
Change Component Physical Designator: Old Designator=KL?_O_3 New Designator=KL1_O_3
Change Component Physical Designator: Old Designator=KL?_O_3 New Designator=KL2_O_3
Change Component Physical Designator: Old Designator=L? New Designator=L1
Change Component Physical Designator: Old Designator=L? New Designator=L2
Change Component Physical Designator: Old Designator=L? New Designator=L3
Change Component Physical Designator: Old Designator=L? New Designator=L4
Change Component Physical Designator: Old Designator=L? New Designator=L5
Change Component Physical Designator: Old Designator=L? New Designator=L7
Change Component Physical Designator: Old Designator=L? New Designator=L8
Change Component Physical Designator: Old Designator=L? New Designator=L9
Change Component Physical Designator: Old Designator=L?_A1 New Designator=L6_A1
Change Component Physical Designator: Old Designator=L?_A2 New Designator=L6_A2
Change Component Physical Designator: Old Designator=L?_A3 New Designator=L6_A3
Change Component Physical Designator: Old Designator=L?_A4 New Designator=L6_A4
Change Component Physical Designator: Old Designator=R? New Designator=R22
Change Component Physical Designator: Old Designator=R? New Designator=R24
Change Component Physical Designator: Old Designator=R? New Designator=R25
Change Component Physical Designator: Old Designator=R? New Designator=R26
Change Component Physical Designator: Old Designator=R? New Designator=R28
Change Component Physical Designator: Old Designator=R? New Designator=R29
Change Component Physical Designator: Old Designator=R? New Designator=R30
Change Component Physical Designator: Old Designator=R? New Designator=R49
Change Component Physical Designator: Old Designator=R? New Designator=R50
Change Component Physical Designator: Old Designator=R? New Designator=R51
Change Component Physical Designator: Old Designator=R? New Designator=R52
Change Component Physical Designator: Old Designator=R? New Designator=R59
Change Component Physical Designator: Old Designator=R? New Designator=R60
Change Component Physical Designator: Old Designator=R? New Designator=R22
Change Component Physical Designator: Old Designator=R? New Designator=R24
Change Component Physical Designator: Old Designator=R? New Designator=R25
Change Component Physical Designator: Old Designator=R? New Designator=R26
Change Component Physical Designator: Old Designator=R? New Designator=R28
Change Component Physical Designator: Old Designator=R? New Designator=R29
Change Component Physical Designator: Old Designator=R? New Designator=R30
Change Component Physical Designator: Old Designator=R? New Designator=R49
Change Component Physical Designator: Old Designator=R? New Designator=R50
Change Component Physical Designator: Old Designator=R? New Designator=R51
Change Component Physical Designator: Old Designator=R? New Designator=R52
Change Component Physical Designator: Old Designator=R? New Designator=R59
Change Component Physical Designator: Old Designator=R? New Designator=R60
Change Component Physical Designator: Old Designator=R? New Designator=R22
Change Component Physical Designator: Old Designator=R? New Designator=R24
Change Component Physical Designator: Old Designator=R? New Designator=R25
Change Component Physical Designator: Old Designator=R? New Designator=R26
Change Component Physical Designator: Old Designator=R? New Designator=R28
Change Component Physical Designator: Old Designator=R? New Designator=R29
Change Component Physical Designator: Old Designator=R? New Designator=R30
Change Component Physical Designator: Old Designator=R? New Designator=R49
Change Component Physical Designator: Old Designator=R? New Designator=R50
Change Component Physical Designator: Old Designator=R? New Designator=R51
Change Component Physical Designator: Old Designator=R? New Designator=R52
Change Component Physical Designator: Old Designator=R? New Designator=R59
Change Component Physical Designator: Old Designator=R? New Designator=R60
Change Component Physical Designator: Old Designator=R? New Designator=R63
Change Component Physical Designator: Old Designator=R? New Designator=R22
Change Component Physical Designator: Old Designator=R? New Designator=R24
Change Component Physical Designator: Old Designator=R? New Designator=R25
Change Component Physical Designator: Old Designator=R? New Designator=R26
Change Component Physical Designator: Old Designator=R? New Designator=R28
Change Component Physical Designator: Old Designator=R? New Designator=R29
Change Component Physical Designator: Old Designator=R? New Designator=R30
Change Component Physical Designator: Old Designator=R? New Designator=R49
Change Component Physical Designator: Old Designator=R? New Designator=R50
Change Component Physical Designator: Old Designator=R? New Designator=R51
Change Component Physical Designator: Old Designator=R? New Designator=R52
Change Component Physical Designator: Old Designator=R? New Designator=R1
Change Component Physical Designator: Old Designator=R? New Designator=R2
Change Component Physical Designator: Old Designator=R? New Designator=R3
Change Component Physical Designator: Old Designator=R? New Designator=R4
Change Component Physical Designator: Old Designator=R? New Designator=R5
Change Component Physical Designator: Old Designator=R? New Designator=R6
Change Component Physical Designator: Old Designator=R? New Designator=R7
Change Component Physical Designator: Old Designator=R? New Designator=R8
Change Component Physical Designator: Old Designator=R? New Designator=R9
Change Component Physical Designator: Old Designator=R? New Designator=R10
Change Component Physical Designator: Old Designator=R? New Designator=R11
Change Component Physical Designator: Old Designator=R? New Designator=R12
Change Component Physical Designator: Old Designator=R? New Designator=R13
Change Component Physical Designator: Old Designator=R? New Designator=R14
Change Component Physical Designator: Old Designator=R? New Designator=R15
Change Component Physical Designator: Old Designator=R? New Designator=R16
Change Component Physical Designator: Old Designator=R? New Designator=R17
Change Component Physical Designator: Old Designator=R? New Designator=R18
Change Component Physical Designator: Old Designator=R? New Designator=R19
Change Component Physical Designator: Old Designator=R? New Designator=R20
Change Component Physical Designator: Old Designator=R? New Designator=R21
Change Component Physical Designator: Old Designator=R? New Designator=R23
Change Component Physical Designator: Old Designator=R? New Designator=R27
Change Component Physical Designator: Old Designator=R? New Designator=R31
Change Component Physical Designator: Old Designator=R? New Designator=R32
Change Component Physical Designator: Old Designator=R? New Designator=R33
Change Component Physical Designator: Old Designator=R? New Designator=R34
Change Component Physical Designator: Old Designator=R? New Designator=R35
Change Component Physical Designator: Old Designator=R? New Designator=R36
Change Component Physical Designator: Old Designator=R? New Designator=R37
Change Component Physical Designator: Old Designator=R? New Designator=R38
Change Component Physical Designator: Old Designator=R? New Designator=R39
Change Component Physical Designator: Old Designator=R? New Designator=R40
Change Component Physical Designator: Old Designator=R? New Designator=R41
Change Component Physical Designator: Old Designator=R? New Designator=R42
Change Component Physical Designator: Old Designator=R? New Designator=R53
Change Component Physical Designator: Old Designator=R? New Designator=R54
Change Component Physical Designator: Old Designator=R? New Designator=R55
Change Component Physical Designator: Old Designator=R? New Designator=R56
Change Component Physical Designator: Old Designator=R? New Designator=R57
Change Component Physical Designator: Old Designator=R? New Designator=R58
Change Component Physical Designator: Old Designator=R? New Designator=R61
Change Component Physical Designator: Old Designator=R? New Designator=R62
Change Component Physical Designator: Old Designator=R?_B1 New Designator=R43_B1
Change Component Physical Designator: Old Designator=R?_B1 New Designator=R44_B1
Change Component Physical Designator: Old Designator=R?_B1 New Designator=R45_B1
Change Component Physical Designator: Old Designator=R?_B1 New Designator=R46_B1
Change Component Physical Designator: Old Designator=R?_B2 New Designator=R43_B2
Change Component Physical Designator: Old Designator=R?_B2 New Designator=R44_B2
Change Component Physical Designator: Old Designator=R?_B2 New Designator=R45_B2
Change Component Physical Designator: Old Designator=R?_B2 New Designator=R46_B2
Change Component Physical Designator: Old Designator=R?_I_1 New Designator=R47_I_1
Change Component Physical Designator: Old Designator=R?_I_2 New Designator=R47_I_2
Change Component Physical Designator: Old Designator=R?_I_3 New Designator=R47_I_3
Change Component Physical Designator: Old Designator=R?_I_4 New Designator=R47_I_4
Change Component Physical Designator: Old Designator=R?_O_1 New Designator=R48_O_1
Change Component Physical Designator: Old Designator=R?_O_2 New Designator=R48_O_2
Change Component Physical Designator: Old Designator=R?_O_3 New Designator=R48_O_3
Change Component Physical Designator: Old Designator=SB? New Designator=SB1
Change Component Physical Designator: Old Designator=VD? New Designator=VD17
Change Component Physical Designator: Old Designator=VD? New Designator=VD17
Change Component Physical Designator: Old Designator=VD? New Designator=VD17
Change Component Physical Designator: Old Designator=VD? New Designator=VD17
Change Component Physical Designator: Old Designator=VD? New Designator=VD17
Change Component Physical Designator: Old Designator=VD? New Designator=VD1
Change Component Physical Designator: Old Designator=VD? New Designator=VD3
Change Component Physical Designator: Old Designator=VD? New Designator=VD4
Change Component Physical Designator: Old Designator=VD? New Designator=VD5
Change Component Physical Designator: Old Designator=VD? New Designator=VD7
Change Component Physical Designator: Old Designator=VD? New Designator=VD8
Change Component Physical Designator: Old Designator=VD? New Designator=VD9
Change Component Physical Designator: Old Designator=VD? New Designator=VD10
Change Component Physical Designator: Old Designator=VD? New Designator=VD11
Change Component Physical Designator: Old Designator=VD? New Designator=VD12
Change Component Physical Designator: Old Designator=VD? New Designator=VD13
Change Component Physical Designator: Old Designator=VD? New Designator=VD14
Change Component Physical Designator: Old Designator=VD? New Designator=VD15
Change Component Physical Designator: Old Designator=VD? New Designator=VD16
Change Component Physical Designator: Old Designator=VD? New Designator=VD18
Change Component Physical Designator: Old Designator=VD? New Designator=VD23
Change Component Physical Designator: Old Designator=VD? New Designator=VD24
Change Component Physical Designator: Old Designator=VD? New Designator=VD25
Change Component Physical Designator: Old Designator=VD? New Designator=VD26
Change Component Physical Designator: Old Designator=VD? New Designator=VD27
Change Component Physical Designator: Old Designator=VD? New Designator=VD28
Change Component Physical Designator: Old Designator=VD? New Designator=VD29
Change Component Physical Designator: Old Designator=VD? New Designator=VD30
Change Component Physical Designator: Old Designator=VD?_A1 New Designator=VD19_A1
Change Component Physical Designator: Old Designator=VD?_A2 New Designator=VD19_A2
Change Component Physical Designator: Old Designator=VD?_A3 New Designator=VD19_A3
Change Component Physical Designator: Old Designator=VD?_A4 New Designator=VD19_A4
Change Component Physical Designator: Old Designator=VD?_B1 New Designator=VD20_B1
Change Component Physical Designator: Old Designator=VD?_B2 New Designator=VD20_B2
Change Component Physical Designator: Old Designator=VD?_I_1 New Designator=VD21_I_1
Change Component Physical Designator: Old Designator=VD?_I_2 New Designator=VD21_I_2
Change Component Physical Designator: Old Designator=VD?_I_3 New Designator=VD21_I_3
Change Component Physical Designator: Old Designator=VD?_I_4 New Designator=VD21_I_4
Change Component Physical Designator: Old Designator=VD?_O_1 New Designator=VD22_O_1
Change Component Physical Designator: Old Designator=VD?_O_2 New Designator=VD22_O_2
Change Component Physical Designator: Old Designator=VD?_O_3 New Designator=VD22_O_3
Change Component Physical Designator: Old Designator=VT? New Designator=VT1
Change Component Physical Designator: Old Designator=VT?_O_1 New Designator=VT2_O_1
Change Component Physical Designator: Old Designator=VT?_O_2 New Designator=VT2_O_2
Change Component Physical Designator: Old Designator=VT?_O_3 New Designator=VT2_O_3
Change Component Physical Designator: Old Designator=WG? New Designator=WG1
Change Component Physical Designator: Old Designator=XP? New Designator=XP1
Change Component Physical Designator: Old Designator=XP? New Designator=XP2
Change Component Physical Designator: Old Designator=XP? New Designator=XP3
Change Component Physical Designator: Old Designator=XS? New Designator=XS1
Change Component Physical Designator: Old Designator=XS? New Designator=XS2
Change Component Physical Designator: Old Designator=XS? New Designator=XS3
Change Component Physical Designator: Old Designator=XS? New Designator=XS4
Change Component Physical Designator: Old Designator=XS? New Designator=XS5
Change Component Physical Designator: Old Designator=XS? New Designator=XS6
Change Component Physical Designator: Old Designator=XS? New Designator=XS7
Change Component Physical Designator: Old Designator=XS? New Designator=XS8
Change Component Physical Designator: Old Designator=XS? New Designator=XS9
Change Component Physical Designator: Old Designator=XS? New Designator=XS10
Change Component Physical Designator: Old Designator=XS? New Designator=XS11
