Change Component Physical Designator: Old Designator=A1_C? New Designator=C?_A1
Change Component Physical Designator: Old Designator=A1_C? New Designator=C?_A1
Change Component Physical Designator: Old Designator=A1_G? New Designator=G?_A1
Change Component Physical Designator: Old Designator=A1_L? New Designator=L?_A1
Change Component Physical Designator: Old Designator=A1_VD? New Designator=VD?_A1
Change Component Physical Designator: Old Designator=A2_C? New Designator=C?_A2
Change Component Physical Designator: Old Designator=A2_C? New Designator=C?_A2
Change Component Physical Designator: Old Designator=A2_G? New Designator=G?_A2
Change Component Physical Designator: Old Designator=A2_L? New Designator=L?_A2
Change Component Physical Designator: Old Designator=A2_VD? New Designator=VD?_A2
Change Component Physical Designator: Old Designator=A3_C? New Designator=C?_A3
Change Component Physical Designator: Old Designator=A3_C? New Designator=C?_A3
Change Component Physical Designator: Old Designator=A3_G? New Designator=G?_A3
Change Component Physical Designator: Old Designator=A3_L? New Designator=L?_A3
Change Component Physical Designator: Old Designator=A3_VD? New Designator=VD?_A3
Change Component Physical Designator: Old Designator=A4_C? New Designator=C?_A4
Change Component Physical Designator: Old Designator=A4_C? New Designator=C?_A4
Change Component Physical Designator: Old Designator=A4_G? New Designator=G?_A4
Change Component Physical Designator: Old Designator=A4_L? New Designator=L?_A4
Change Component Physical Designator: Old Designator=A4_VD? New Designator=VD?_A4
Change Component Physical Designator: Old Designator=B1_C? New Designator=C?_B1
Change Component Physical Designator: Old Designator=B1_C? New Designator=C?_B1
Change Component Physical Designator: Old Designator=B1_DA? New Designator=DA?_B1
Change Component Physical Designator: Old Designator=B1_R? New Designator=R?_B1
Change Component Physical Designator: Old Designator=B1_R? New Designator=R?_B1
Change Component Physical Designator: Old Designator=B1_R? New Designator=R?_B1
Change Component Physical Designator: Old Designator=B1_R? New Designator=R?_B1
Change Component Physical Designator: Old Designator=B1_VD? New Designator=VD?_B1
Change Component Physical Designator: Old Designator=B2_C? New Designator=C?_B2
Change Component Physical Designator: Old Designator=B2_C? New Designator=C?_B2
Change Component Physical Designator: Old Designator=B2_DA? New Designator=DA?_B2
Change Component Physical Designator: Old Designator=B2_R? New Designator=R?_B2
Change Component Physical Designator: Old Designator=B2_R? New Designator=R?_B2
Change Component Physical Designator: Old Designator=B2_R? New Designator=R?_B2
Change Component Physical Designator: Old Designator=B2_R? New Designator=R?_B2
Change Component Physical Designator: Old Designator=B2_VD? New Designator=VD?_B2
Change Component Physical Designator: Old Designator=I_1_DA? New Designator=DA?_I_1
Change Component Physical Designator: Old Designator=I_1_R? New Designator=R?_I_1
Change Component Physical Designator: Old Designator=I_1_VD? New Designator=VD?_I_1
Change Component Physical Designator: Old Designator=I_2_DA? New Designator=DA?_I_2
Change Component Physical Designator: Old Designator=I_2_R? New Designator=R?_I_2
Change Component Physical Designator: Old Designator=I_2_VD? New Designator=VD?_I_2
Change Component Physical Designator: Old Designator=I_3_DA? New Designator=DA?_I_3
Change Component Physical Designator: Old Designator=I_3_R? New Designator=R?_I_3
Change Component Physical Designator: Old Designator=I_3_VD? New Designator=VD?_I_3
Change Component Physical Designator: Old Designator=I_4_DA? New Designator=DA?_I_4
Change Component Physical Designator: Old Designator=I_4_R? New Designator=R?_I_4
Change Component Physical Designator: Old Designator=I_4_VD? New Designator=VD?_I_4
Change Component Physical Designator: Old Designator=O_1_KL? New Designator=KL?_O_1
Change Component Physical Designator: Old Designator=O_1_KL? New Designator=KL?_O_1
Change Component Physical Designator: Old Designator=O_1_R? New Designator=R?_O_1
Change Component Physical Designator: Old Designator=O_1_VD? New Designator=VD?_O_1
Change Component Physical Designator: Old Designator=O_1_VT? New Designator=VT?_O_1
Change Component Physical Designator: Old Designator=O_2_KL? New Designator=KL?_O_2
Change Component Physical Designator: Old Designator=O_2_KL? New Designator=KL?_O_2
Change Component Physical Designator: Old Designator=O_2_R? New Designator=R?_O_2
Change Component Physical Designator: Old Designator=O_2_VD? New Designator=VD?_O_2
Change Component Physical Designator: Old Designator=O_2_VT? New Designator=VT?_O_2
Change Component Physical Designator: Old Designator=O_3_KL? New Designator=KL?_O_3
Change Component Physical Designator: Old Designator=O_3_KL? New Designator=KL?_O_3
Change Component Physical Designator: Old Designator=O_3_R? New Designator=R?_O_3
Change Component Physical Designator: Old Designator=O_3_VD? New Designator=VD?_O_3
Change Component Physical Designator: Old Designator=O_3_VT? New Designator=VT?_O_3
