Reset Component Physical Designator: Old Designator=B1 New Designator=_B1
Reset Component Physical Designator: Old Designator=BQ1 New Designator=_BQ1
Reset Component Physical Designator: Old Designator=BQ2 New Designator=_BQ2
Reset Component Physical Designator: Old Designator=BQ3 New Designator=_BQ3
Reset Component Physical Designator: Old Designator=C1 New Designator=_C1
Reset Component Physical Designator: Old Designator=C2 New Designator=_C2
Reset Component Physical Designator: Old Designator=C3 New Designator=_C3
Reset Component Physical Designator: Old Designator=C4 New Designator=_C4
Reset Component Physical Designator: Old Designator=C5 New Designator=_C5
Reset Component Physical Designator: Old Designator=C6 New Designator=_C6
Reset Component Physical Designator: Old Designator=C7 New Designator=_C7
Reset Component Physical Designator: Old Designator=C8 New Designator=_C8
Reset Component Physical Designator: Old Designator=C9 New Designator=_C9
Reset Component Physical Designator: Old Designator=C10 New Designator=_C10
Reset Component Physical Designator: Old Designator=C11 New Designator=_C11
Reset Component Physical Designator: Old Designator=C12 New Designator=_C12
Reset Component Physical Designator: Old Designator=C13 New Designator=_C13
Reset Component Physical Designator: Old Designator=C14 New Designator=_C14
Reset Component Physical Designator: Old Designator=C15 New Designator=_C15
Reset Component Physical Designator: Old Designator=C16 New Designator=_C16
Reset Component Physical Designator: Old Designator=C17 New Designator=_C17
Reset Component Physical Designator: Old Designator=C18 New Designator=_C18
Reset Component Physical Designator: Old Designator=C19 New Designator=_C19
Reset Component Physical Designator: Old Designator=C20 New Designator=_C20
Reset Component Physical Designator: Old Designator=C21 New Designator=_C21
Reset Component Physical Designator: Old Designator=C22 New Designator=_C22
Reset Component Physical Designator: Old Designator=C23 New Designator=_C23
Reset Component Physical Designator: Old Designator=C24 New Designator=_C24
Reset Component Physical Designator: Old Designator=C25 New Designator=_C25
Reset Component Physical Designator: Old Designator=C26 New Designator=_C26
Reset Component Physical Designator: Old Designator=C27 New Designator=_C27
Reset Component Physical Designator: Old Designator=C28 New Designator=_C28
Reset Component Physical Designator: Old Designator=C29 New Designator=_C29
Reset Component Physical Designator: Old Designator=C30 New Designator=_C30
Reset Component Physical Designator: Old Designator=C31 New Designator=_C31
Reset Component Physical Designator: Old Designator=C32 New Designator=_C32
Reset Component Physical Designator: Old Designator=C33 New Designator=_C33
Reset Component Physical Designator: Old Designator=C34 New Designator=_C34
Reset Component Physical Designator: Old Designator=C35 New Designator=_C35
Reset Component Physical Designator: Old Designator=C36 New Designator=_C36
Reset Component Physical Designator: Old Designator=C37 New Designator=_C37
Reset Component Physical Designator: Old Designator=C38 New Designator=_C38
Reset Component Physical Designator: Old Designator=C39_A1 New Designator=A1_C39
Reset Component Physical Designator: Old Designator=C39_A2 New Designator=A2_C39
Reset Component Physical Designator: Old Designator=C39_A3 New Designator=A3_C39
Reset Component Physical Designator: Old Designator=C39_A4 New Designator=A4_C39
Reset Component Physical Designator: Old Designator=C40_A1 New Designator=A1_C40
Reset Component Physical Designator: Old Designator=C40_A2 New Designator=A2_C40
Reset Component Physical Designator: Old Designator=C40_A3 New Designator=A3_C40
Reset Component Physical Designator: Old Designator=C40_A4 New Designator=A4_C40
Reset Component Physical Designator: Old Designator=C41_B1 New Designator=B1_C41
Reset Component Physical Designator: Old Designator=C41_B2 New Designator=B2_C41
Reset Component Physical Designator: Old Designator=C42_B1 New Designator=B1_C42
Reset Component Physical Designator: Old Designator=C42_B2 New Designator=B2_C42
Reset Component Physical Designator: Old Designator=C43 New Designator=_C43
Reset Component Physical Designator: Old Designator=C44 New Designator=_C44
Reset Component Physical Designator: Old Designator=C45 New Designator=_C45
Reset Component Physical Designator: Old Designator=C46 New Designator=_C46
Reset Component Physical Designator: Old Designator=C47 New Designator=_C47
Reset Component Physical Designator: Old Designator=C48 New Designator=_C48
Reset Component Physical Designator: Old Designator=C49 New Designator=_C49
Reset Component Physical Designator: Old Designator=C50 New Designator=_C50
Reset Component Physical Designator: Old Designator=C51 New Designator=_C51
Reset Component Physical Designator: Old Designator=C52 New Designator=_C52
Reset Component Physical Designator: Old Designator=C53 New Designator=_C53
Reset Component Physical Designator: Old Designator=C54 New Designator=_C54
Reset Component Physical Designator: Old Designator=C55 New Designator=_C55
Reset Component Physical Designator: Old Designator=C56 New Designator=_C56
Reset Component Physical Designator: Old Designator=C57 New Designator=_C57
Reset Component Physical Designator: Old Designator=C58 New Designator=_C58
Reset Component Physical Designator: Old Designator=C59 New Designator=_C59
Reset Component Physical Designator: Old Designator=C60 New Designator=_C60
Reset Component Physical Designator: Old Designator=C61 New Designator=_C61
Reset Component Physical Designator: Old Designator=C62 New Designator=_C62
Reset Component Physical Designator: Old Designator=C63 New Designator=_C63
Reset Component Physical Designator: Old Designator=C64 New Designator=_C64
Reset Component Physical Designator: Old Designator=C65 New Designator=_C65
Reset Component Physical Designator: Old Designator=DA1 New Designator=_DA1
Reset Component Physical Designator: Old Designator=DA2_B1 New Designator=B1_DA2
Reset Component Physical Designator: Old Designator=DA2_B2 New Designator=B2_DA2
Reset Component Physical Designator: Old Designator=DA3_I_1 New Designator=I1_DA3
Reset Component Physical Designator: Old Designator=DA3_I_2 New Designator=I2_DA3
Reset Component Physical Designator: Old Designator=DA3_I_3 New Designator=I3_DA3
Reset Component Physical Designator: Old Designator=DA3_I_4 New Designator=I4_DA3
Reset Component Physical Designator: Old Designator=DA4 New Designator=_DA4
Reset Component Physical Designator: Old Designator=DD1 New Designator=_DD1
Reset Component Physical Designator: Old Designator=DD1 New Designator=_DD1
Reset Component Physical Designator: Old Designator=DD2 New Designator=_DD2
Reset Component Physical Designator: Old Designator=DD3 New Designator=_DD3
Reset Component Physical Designator: Old Designator=DD4 New Designator=_DD4
Reset Component Physical Designator: Old Designator=DD5 New Designator=_DD5
Reset Component Physical Designator: Old Designator=DD6 New Designator=_DD6
Reset Component Physical Designator: Old Designator=G1_A1 New Designator=A1_G1
Reset Component Physical Designator: Old Designator=G1_A2 New Designator=A2_G1
Reset Component Physical Designator: Old Designator=G1_A3 New Designator=A3_G1
Reset Component Physical Designator: Old Designator=G1_A4 New Designator=A4_G1
Reset Component Physical Designator: Old Designator=G2 New Designator=_G2
Reset Component Physical Designator: Old Designator=KL1_O_1 New Designator=O1_KL1
Reset Component Physical Designator: Old Designator=KL1_O_2 New Designator=O2_KL1
Reset Component Physical Designator: Old Designator=KL1_O_3 New Designator=O3_KL1
Reset Component Physical Designator: Old Designator=KL2_O_1 New Designator=O1_KL1
Reset Component Physical Designator: Old Designator=KL2_O_2 New Designator=O2_KL1
Reset Component Physical Designator: Old Designator=KL2_O_3 New Designator=O3_KL1
Reset Component Physical Designator: Old Designator=L1 New Designator=_L1
Reset Component Physical Designator: Old Designator=L2 New Designator=_L2
Reset Component Physical Designator: Old Designator=L3 New Designator=_L3
Reset Component Physical Designator: Old Designator=L4 New Designator=_L4
Reset Component Physical Designator: Old Designator=L5 New Designator=_L5
Reset Component Physical Designator: Old Designator=L6_A1 New Designator=A1_L6
Reset Component Physical Designator: Old Designator=L6_A2 New Designator=A2_L6
Reset Component Physical Designator: Old Designator=L6_A3 New Designator=A3_L6
Reset Component Physical Designator: Old Designator=L6_A4 New Designator=A4_L6
Reset Component Physical Designator: Old Designator=L7 New Designator=_L7
Reset Component Physical Designator: Old Designator=L8 New Designator=_L8
Reset Component Physical Designator: Old Designator=L9 New Designator=_L9
Reset Component Physical Designator: Old Designator=R1 New Designator=_R1
Reset Component Physical Designator: Old Designator=R2 New Designator=_R2
Reset Component Physical Designator: Old Designator=R3 New Designator=_R3
Reset Component Physical Designator: Old Designator=R4 New Designator=_R4
Reset Component Physical Designator: Old Designator=R5 New Designator=_R5
Reset Component Physical Designator: Old Designator=R6 New Designator=_R6
Reset Component Physical Designator: Old Designator=R7 New Designator=_R7
Reset Component Physical Designator: Old Designator=R8 New Designator=_R8
Reset Component Physical Designator: Old Designator=R9 New Designator=_R9
Reset Component Physical Designator: Old Designator=R10 New Designator=_R10
Reset Component Physical Designator: Old Designator=R11 New Designator=_R11
Reset Component Physical Designator: Old Designator=R12 New Designator=_R12
Reset Component Physical Designator: Old Designator=R13 New Designator=_R13
Reset Component Physical Designator: Old Designator=R14 New Designator=_R14
Reset Component Physical Designator: Old Designator=R15 New Designator=_R15
Reset Component Physical Designator: Old Designator=R16 New Designator=_R16
Reset Component Physical Designator: Old Designator=R17 New Designator=_R17
Reset Component Physical Designator: Old Designator=R18 New Designator=_R18
Reset Component Physical Designator: Old Designator=R19 New Designator=_R19
Reset Component Physical Designator: Old Designator=R20 New Designator=_R20
Reset Component Physical Designator: Old Designator=R21 New Designator=_R21
Reset Component Physical Designator: Old Designator=R22 New Designator=_R22
Reset Component Physical Designator: Old Designator=R22 New Designator=_R22
Reset Component Physical Designator: Old Designator=R22 New Designator=_R22
Reset Component Physical Designator: Old Designator=R22 New Designator=_R22
Reset Component Physical Designator: Old Designator=R23 New Designator=_R23
Reset Component Physical Designator: Old Designator=R24 New Designator=_R24
Reset Component Physical Designator: Old Designator=R24 New Designator=_R24
Reset Component Physical Designator: Old Designator=R24 New Designator=_R24
Reset Component Physical Designator: Old Designator=R24 New Designator=_R24
Reset Component Physical Designator: Old Designator=R25 New Designator=_R25
Reset Component Physical Designator: Old Designator=R25 New Designator=_R25
Reset Component Physical Designator: Old Designator=R25 New Designator=_R25
Reset Component Physical Designator: Old Designator=R25 New Designator=_R25
Reset Component Physical Designator: Old Designator=R26 New Designator=_R26
Reset Component Physical Designator: Old Designator=R26 New Designator=_R26
Reset Component Physical Designator: Old Designator=R26 New Designator=_R26
Reset Component Physical Designator: Old Designator=R26 New Designator=_R26
Reset Component Physical Designator: Old Designator=R27 New Designator=_R27
Reset Component Physical Designator: Old Designator=R28 New Designator=_R28
Reset Component Physical Designator: Old Designator=R28 New Designator=_R28
Reset Component Physical Designator: Old Designator=R28 New Designator=_R28
Reset Component Physical Designator: Old Designator=R28 New Designator=_R28
Reset Component Physical Designator: Old Designator=R29 New Designator=_R29
Reset Component Physical Designator: Old Designator=R29 New Designator=_R29
Reset Component Physical Designator: Old Designator=R29 New Designator=_R29
Reset Component Physical Designator: Old Designator=R29 New Designator=_R29
Reset Component Physical Designator: Old Designator=R30 New Designator=_R30
Reset Component Physical Designator: Old Designator=R30 New Designator=_R30
Reset Component Physical Designator: Old Designator=R30 New Designator=_R30
Reset Component Physical Designator: Old Designator=R30 New Designator=_R30
Reset Component Physical Designator: Old Designator=R31 New Designator=_R31
Reset Component Physical Designator: Old Designator=R32 New Designator=_R32
Reset Component Physical Designator: Old Designator=R33 New Designator=_R33
Reset Component Physical Designator: Old Designator=R34 New Designator=_R34
Reset Component Physical Designator: Old Designator=R35 New Designator=_R35
Reset Component Physical Designator: Old Designator=R36 New Designator=_R36
Reset Component Physical Designator: Old Designator=R37 New Designator=_R37
Reset Component Physical Designator: Old Designator=R38 New Designator=_R38
Reset Component Physical Designator: Old Designator=R39 New Designator=_R39
Reset Component Physical Designator: Old Designator=R40 New Designator=_R40
Reset Component Physical Designator: Old Designator=R41 New Designator=_R41
Reset Component Physical Designator: Old Designator=R42 New Designator=_R42
Reset Component Physical Designator: Old Designator=R43_B1 New Designator=B1_R43
Reset Component Physical Designator: Old Designator=R43_B2 New Designator=B2_R43
Reset Component Physical Designator: Old Designator=R44_B1 New Designator=B1_R44
Reset Component Physical Designator: Old Designator=R44_B2 New Designator=B2_R44
Reset Component Physical Designator: Old Designator=R45_B1 New Designator=B1_R45
Reset Component Physical Designator: Old Designator=R45_B2 New Designator=B2_R45
Reset Component Physical Designator: Old Designator=R46_B1 New Designator=B1_R46
Reset Component Physical Designator: Old Designator=R46_B2 New Designator=B2_R46
Reset Component Physical Designator: Old Designator=R47_I_1 New Designator=I1_R47
Reset Component Physical Designator: Old Designator=R47_I_2 New Designator=I2_R47
Reset Component Physical Designator: Old Designator=R47_I_3 New Designator=I3_R47
Reset Component Physical Designator: Old Designator=R47_I_4 New Designator=I4_R47
Reset Component Physical Designator: Old Designator=R48_O_1 New Designator=O1_R48
Reset Component Physical Designator: Old Designator=R48_O_2 New Designator=O2_R48
Reset Component Physical Designator: Old Designator=R48_O_3 New Designator=O3_R48
Reset Component Physical Designator: Old Designator=R49 New Designator=_R49
Reset Component Physical Designator: Old Designator=R49 New Designator=_R49
Reset Component Physical Designator: Old Designator=R49 New Designator=_R49
Reset Component Physical Designator: Old Designator=R49 New Designator=_R49
Reset Component Physical Designator: Old Designator=R50 New Designator=_R50
Reset Component Physical Designator: Old Designator=R50 New Designator=_R50
Reset Component Physical Designator: Old Designator=R50 New Designator=_R50
Reset Component Physical Designator: Old Designator=R50 New Designator=_R50
Reset Component Physical Designator: Old Designator=R51 New Designator=_R51
Reset Component Physical Designator: Old Designator=R51 New Designator=_R51
Reset Component Physical Designator: Old Designator=R51 New Designator=_R51
Reset Component Physical Designator: Old Designator=R51 New Designator=_R51
Reset Component Physical Designator: Old Designator=R52 New Designator=_R52
Reset Component Physical Designator: Old Designator=R52 New Designator=_R52
Reset Component Physical Designator: Old Designator=R52 New Designator=_R52
Reset Component Physical Designator: Old Designator=R52 New Designator=_R52
Reset Component Physical Designator: Old Designator=R53 New Designator=_R53
Reset Component Physical Designator: Old Designator=R54 New Designator=_R54
Reset Component Physical Designator: Old Designator=R55 New Designator=_R55
Reset Component Physical Designator: Old Designator=R56 New Designator=_R56
Reset Component Physical Designator: Old Designator=R57 New Designator=_R57
Reset Component Physical Designator: Old Designator=R58 New Designator=_R58
Reset Component Physical Designator: Old Designator=R59 New Designator=_R59
Reset Component Physical Designator: Old Designator=R59 New Designator=_R59
Reset Component Physical Designator: Old Designator=R59 New Designator=_R59
Reset Component Physical Designator: Old Designator=R60 New Designator=_R60
Reset Component Physical Designator: Old Designator=R60 New Designator=_R60
Reset Component Physical Designator: Old Designator=R60 New Designator=_R60
Reset Component Physical Designator: Old Designator=R61 New Designator=_R61
Reset Component Physical Designator: Old Designator=R62 New Designator=_R62
Reset Component Physical Designator: Old Designator=R63 New Designator=_R63
Reset Component Physical Designator: Old Designator=SB1 New Designator=_SB1
Reset Component Physical Designator: Old Designator=VD1 New Designator=_VD1
Reset Component Physical Designator: Old Designator=VD2 New Designator=_VD2
Reset Component Physical Designator: Old Designator=VD2 New Designator=_VD2
Reset Component Physical Designator: Old Designator=VD3 New Designator=_VD3
Reset Component Physical Designator: Old Designator=VD4 New Designator=_VD4
Reset Component Physical Designator: Old Designator=VD5 New Designator=_VD5
Reset Component Physical Designator: Old Designator=VD6 New Designator=_VD6
Reset Component Physical Designator: Old Designator=VD7 New Designator=_VD7
Reset Component Physical Designator: Old Designator=VD8 New Designator=_VD8
Reset Component Physical Designator: Old Designator=VD9 New Designator=_VD9
Reset Component Physical Designator: Old Designator=VD10 New Designator=_VD10
Reset Component Physical Designator: Old Designator=VD11 New Designator=_VD11
Reset Component Physical Designator: Old Designator=VD12 New Designator=_VD12
Reset Component Physical Designator: Old Designator=VD13 New Designator=_VD13
Reset Component Physical Designator: Old Designator=VD14 New Designator=_VD14
Reset Component Physical Designator: Old Designator=VD15 New Designator=_VD15
Reset Component Physical Designator: Old Designator=VD16 New Designator=_VD16
Reset Component Physical Designator: Old Designator=VD17 New Designator=_VD17
Reset Component Physical Designator: Old Designator=VD17 New Designator=_VD17
Reset Component Physical Designator: Old Designator=VD17 New Designator=_VD17
Reset Component Physical Designator: Old Designator=VD17 New Designator=_VD17
Reset Component Physical Designator: Old Designator=VD17 New Designator=_VD17
Reset Component Physical Designator: Old Designator=VD18 New Designator=_VD18
Reset Component Physical Designator: Old Designator=VD19_A1 New Designator=A1_VD19
Reset Component Physical Designator: Old Designator=VD19_A2 New Designator=A2_VD19
Reset Component Physical Designator: Old Designator=VD19_A3 New Designator=A3_VD19
Reset Component Physical Designator: Old Designator=VD19_A4 New Designator=A4_VD19
Reset Component Physical Designator: Old Designator=VD20_B1 New Designator=B1_VD20
Reset Component Physical Designator: Old Designator=VD20_B2 New Designator=B2_VD20
Reset Component Physical Designator: Old Designator=VD21_I_1 New Designator=I1_VD21
Reset Component Physical Designator: Old Designator=VD21_I_2 New Designator=I2_VD21
Reset Component Physical Designator: Old Designator=VD21_I_3 New Designator=I3_VD21
Reset Component Physical Designator: Old Designator=VD21_I_4 New Designator=I4_VD21
Reset Component Physical Designator: Old Designator=VD22_O_1 New Designator=O1_VD22
Reset Component Physical Designator: Old Designator=VD22_O_2 New Designator=O2_VD22
Reset Component Physical Designator: Old Designator=VD22_O_3 New Designator=O3_VD22
Reset Component Physical Designator: Old Designator=VD23 New Designator=_VD23
Reset Component Physical Designator: Old Designator=VD24 New Designator=_VD24
Reset Component Physical Designator: Old Designator=VD25 New Designator=_VD25
Reset Component Physical Designator: Old Designator=VD26 New Designator=_VD26
Reset Component Physical Designator: Old Designator=VD27 New Designator=_VD27
Reset Component Physical Designator: Old Designator=VD28 New Designator=_VD28
Reset Component Physical Designator: Old Designator=VD29 New Designator=_VD29
Reset Component Physical Designator: Old Designator=VD30 New Designator=_VD30
Reset Component Physical Designator: Old Designator=VD31 New Designator=_VD31
Reset Component Physical Designator: Old Designator=VT1 New Designator=_VT1
Reset Component Physical Designator: Old Designator=VT2_O_1 New Designator=O1_VT2
Reset Component Physical Designator: Old Designator=VT2_O_2 New Designator=O2_VT2
Reset Component Physical Designator: Old Designator=VT2_O_3 New Designator=O3_VT2
Reset Component Physical Designator: Old Designator=WG1 New Designator=_WG1
Reset Component Physical Designator: Old Designator=XP1 New Designator=_XP1
Reset Component Physical Designator: Old Designator=XP2 New Designator=_XP2
Reset Component Physical Designator: Old Designator=XP3 New Designator=_XP3
Reset Component Physical Designator: Old Designator=XS1 New Designator=_XS1
Reset Component Physical Designator: Old Designator=XS2 New Designator=_XS2
Reset Component Physical Designator: Old Designator=XS3 New Designator=_XS3
Reset Component Physical Designator: Old Designator=XS4 New Designator=_XS4
Reset Component Physical Designator: Old Designator=XS5 New Designator=_XS5
Reset Component Physical Designator: Old Designator=XS6 New Designator=_XS6
Reset Component Physical Designator: Old Designator=XS7 New Designator=_XS7
Reset Component Physical Designator: Old Designator=XS8 New Designator=_XS8
Reset Component Physical Designator: Old Designator=XS9 New Designator=_XS9
Reset Component Physical Designator: Old Designator=XS10 New Designator=_XS10
Reset Component Physical Designator: Old Designator=XS11 New Designator=_XS11
