Change Component Designator: Old Designator=C? New Designator=C17
Change Component Designator: Old Designator=C? New Designator=C17
Change Component Part ID : Designator=C17 Old Part ID =2 New Part ID =3
Change Component Designator: Old Designator=C? New Designator=C17
Change Component Part ID : Designator=C17 Old Part ID =3 New Part ID =2
Change Component Designator: Old Designator=C? New Designator=C17
Change Component Designator: Old Designator=C? New Designator=C18
Change Component Designator: Old Designator=L? New Designator=L2
Change Component Designator: Old Designator=L? New Designator=L3
Change Component Designator: Old Designator=L? New Designator=L4
Change Component Designator: Old Designator=R? New Designator=R23
Change Component Designator: Old Designator=R? New Designator=R23
Change Component Designator: Old Designator=R? New Designator=R23
Change Component Designator: Old Designator=R? New Designator=R23
Change Component Designator: Old Designator=R? New Designator=R16
Change Component Designator: Old Designator=R? New Designator=R17
Change Component Designator: Old Designator=R? New Designator=R18
Change Component Designator: Old Designator=R? New Designator=R19
Change Component Designator: Old Designator=R? New Designator=R20
Change Component Designator: Old Designator=R? New Designator=R21
Change Component Designator: Old Designator=R? New Designator=R22
Change Component Designator: Old Designator=R? New Designator=R24
Change Component Designator: Old Designator=VD? New Designator=VD7
Change Component Part ID : Designator=VD7 Old Part ID =1 New Part ID =2
Change Component Designator: Old Designator=VD? New Designator=VD7
Change Component Part ID : Designator=VD7 Old Part ID =2 New Part ID =4
Change Component Designator: Old Designator=VD? New Designator=VD7
Change Component Designator: Old Designator=VD? New Designator=VD7
Change Component Part ID : Designator=VD7 Old Part ID =4 New Part ID =5
Change Component Designator: Old Designator=VD? New Designator=VD7
Change Component Part ID : Designator=VD7 Old Part ID =5 New Part ID =1
Change Component Designator: Old Designator=VD? New Designator=VD1
Change Component Designator: Old Designator=VD? New Designator=VD2
Change Component Designator: Old Designator=VD? New Designator=VD3
Change Component Designator: Old Designator=VD? New Designator=VD4
Change Component Designator: Old Designator=VD? New Designator=VD5
Change Component Designator: Old Designator=VD? New Designator=VD6
Change Component Designator: Old Designator=XP? New Designator=XP1
Change Component Designator: Old Designator=XS? New Designator=XS2
