Change Component Designator: Old Designator=C67 New Designator=C?
Change Component Designator: Old Designator=L1 New Designator=L?
Change Component Designator: Old Designator=L2 New Designator=L?
Change Component Designator: Old Designator=L3 New Designator=L?
Change Component Designator: Old Designator=R10 New Designator=R?
Change Component Designator: Old Designator=R11 New Designator=R?
Change Component Designator: Old Designator=R12 New Designator=R?
Change Component Designator: Old Designator=R13 New Designator=R?
Change Component Designator: Old Designator=R14 New Designator=R?
Change Component Designator: Old Designator=R15 New Designator=R?
Change Component Designator: Old Designator=R16 New Designator=R?
Change Component Designator: Old Designator=R47 New Designator=R?
Change Component Designator: Old Designator=R48 New Designator=R?
Change Component Designator: Old Designator=R55 New Designator=R?
Change Component Designator: Old Designator=R56 New Designator=R?
Change Component Designator: Old Designator=VD9 New Designator=VD?
Change Component Designator: Old Designator=VD10 New Designator=VD?
Change Component Designator: Old Designator=VD11 New Designator=VD?
Change Component Designator: Old Designator=VD12 New Designator=VD?
Change Component Designator: Old Designator=VD13 New Designator=VD?
Change Component Designator: Old Designator=VD14 New Designator=VD?
Change Component Designator: Old Designator=VD31 New Designator=VD?
Change Component Designator: Old Designator=VD32 New Designator=VD?
Change Component Designator: Old Designator=VD33 New Designator=VD?
Change Component Designator: Old Designator=XP2 New Designator=XP?
Change Component Designator: Old Designator=XS2 New Designator=XS?
Change Component Designator: Old Designator=XS9 New Designator=XS?
