Change Component Designator: Old Designator=B? New Designator=B1
Change Component Designator: Old Designator=BQ? New Designator=BQ2
Change Component Designator: Old Designator=BQ? New Designator=BQ3
Change Component Designator: Old Designator=C? New Designator=C19
Change Component Designator: Old Designator=C? New Designator=C20
Change Component Designator: Old Designator=C? New Designator=C21
Change Component Designator: Old Designator=C? New Designator=C22
Change Component Designator: Old Designator=C? New Designator=C23
Change Component Designator: Old Designator=C? New Designator=C24
Change Component Designator: Old Designator=C? New Designator=C25
Change Component Designator: Old Designator=C? New Designator=C26
Change Component Designator: Old Designator=C? New Designator=C27
Change Component Designator: Old Designator=C? New Designator=C28
Change Component Designator: Old Designator=C? New Designator=C29
Change Component Designator: Old Designator=C? New Designator=C30
Change Component Designator: Old Designator=C? New Designator=C31
Change Component Designator: Old Designator=C? New Designator=C32
Change Component Designator: Old Designator=C? New Designator=C33
Change Component Designator: Old Designator=DA? New Designator=DA1
Change Component Designator: Old Designator=R? New Designator=R25
Change Component Part ID : Designator=R25 Old Part ID =1 New Part ID =2
Change Component Designator: Old Designator=R? New Designator=R27
Change Component Part ID : Designator=R27 Old Part ID =1 New Part ID =3
Change Component Designator: Old Designator=R? New Designator=R25
Change Component Part ID : Designator=R25 Old Part ID =2 New Part ID =3
Change Component Designator: Old Designator=R? New Designator=R27
Change Component Part ID : Designator=R27 Old Part ID =2 New Part ID =4
Change Component Designator: Old Designator=R? New Designator=R25
Change Component Part ID : Designator=R25 Old Part ID =3 New Part ID =1
Change Component Designator: Old Designator=R? New Designator=R27
Change Component Part ID : Designator=R27 Old Part ID =3 New Part ID =1
Change Component Designator: Old Designator=R? New Designator=R25
Change Component Designator: Old Designator=R? New Designator=R27
Change Component Part ID : Designator=R27 Old Part ID =4 New Part ID =2
Change Component Designator: Old Designator=R? New Designator=R26
Change Component Designator: Old Designator=R? New Designator=R28
Change Component Designator: Old Designator=R? New Designator=R29
Change Component Designator: Old Designator=R? New Designator=R30
Change Component Designator: Old Designator=R? New Designator=R31
Change Component Designator: Old Designator=R? New Designator=R32
Change Component Designator: Old Designator=R? New Designator=R33
Change Component Designator: Old Designator=SB? New Designator=SB1
Change Component Designator: Old Designator=VD? New Designator=VD9
Change Component Designator: Old Designator=VD? New Designator=VD9
Change Component Part ID : Designator=VD9 Old Part ID =1 New Part ID =2
Change Component Designator: Old Designator=VD? New Designator=VD8
Change Component Designator: Old Designator=VD? New Designator=VD10
Change Component Designator: Old Designator=VD? New Designator=VD11
Change Component Designator: Old Designator=VD? New Designator=VD12
Change Component Designator: Old Designator=VD? New Designator=VD13
Change Component Designator: Old Designator=VD? New Designator=VD14
Change Component Designator: Old Designator=VD? New Designator=VD15
Change Component Designator: Old Designator=VT? New Designator=VT1
Change Component Designator: Old Designator=XP? New Designator=XP2
Change Component Designator: Old Designator=XS? New Designator=XS3
