Replace Part C? C_1206 in C:\AltiumPro\FP_LCD68_ver1\FP_LCD68\FP_LCD68_ver1\Main1.SchDoc with C_1206 from Privod_A_K.IntLib
Replace Part C? C_0805 in C:\AltiumPro\FP_LCD68_ver1\FP_LCD68\FP_LCD68_ver1\Main1.SchDoc with C_0805 from Privod_A_K.IntLib
Replace Part C? C_0805 in C:\AltiumPro\FP_LCD68_ver1\FP_LCD68\FP_LCD68_ver1\Main1.SchDoc with C_0805 from Privod_A_K.IntLib
Replace Part C? C_0805 in C:\AltiumPro\FP_LCD68_ver1\FP_LCD68\FP_LCD68_ver1\Main1.SchDoc with C_0805 from Privod_A_K.IntLib
Replace Part DA? DA_HCM12X in C:\AltiumPro\FP_LCD68_ver1\FP_LCD68\FP_LCD68_ver1\Main1.SchDoc with DA_HCM12X from Privod_A_K.IntLib
Replace Part DD1 DD_STM32F407VGT6 in C:\AltiumPro\FP_LCD68_ver1\FP_LCD68\FP_LCD68_ver1\Main1.SchDoc with DD_STM32F407VGT6 from Privod_A_K.IntLib
Replace Part DD1 DD_STM32F407VGT6 in C:\AltiumPro\FP_LCD68_ver1\FP_LCD68\FP_LCD68_ver1\Main1.SchDoc with DD_STM32F407VGT6 from Privod_A_K.IntLib
Replace Part L? L_PBY201209T-601Y-N in C:\AltiumPro\FP_LCD68_ver1\FP_LCD68\FP_LCD68_ver1\Main1.SchDoc with L_PBY201209T-601Y-N from Privod_A_K.IntLib
Replace Part R? R_0805 in C:\AltiumPro\FP_LCD68_ver1\FP_LCD68\FP_LCD68_ver1\Main1.SchDoc with R_0805 from Privod_A_K.IntLib
Replace Part R? R_0805 in C:\AltiumPro\FP_LCD68_ver1\FP_LCD68\FP_LCD68_ver1\Main1.SchDoc with R_0805 from Privod_A_K.IntLib
Replace Part R? R_0805 in C:\AltiumPro\FP_LCD68_ver1\FP_LCD68\FP_LCD68_ver1\Main1.SchDoc with R_0805 from Privod_A_K.IntLib
Replace Part R? R_0805 in C:\AltiumPro\FP_LCD68_ver1\FP_LCD68\FP_LCD68_ver1\Main1.SchDoc with R_0805 from Privod_A_K.IntLib
Replace Part R? R_0805 in C:\AltiumPro\FP_LCD68_ver1\FP_LCD68\FP_LCD68_ver1\Main1.SchDoc with R_0805 from Privod_A_K.IntLib
Replace Part R? R_YC164-JR-07 in C:\AltiumPro\FP_LCD68_ver1\FP_LCD68\FP_LCD68_ver1\Main1.SchDoc with R_YC164-JR-07 from Privod_A_K.IntLib
Replace Part R? R_YC164-JR-07 in C:\AltiumPro\FP_LCD68_ver1\FP_LCD68\FP_LCD68_ver1\Main1.SchDoc with R_YC164-JR-07 from Privod_A_K.IntLib
Replace Part R? R_YC164-JR-07 in C:\AltiumPro\FP_LCD68_ver1\FP_LCD68\FP_LCD68_ver1\Main1.SchDoc with R_YC164-JR-07 from Privod_A_K.IntLib
Replace Part R? R_YC164-JR-07 in C:\AltiumPro\FP_LCD68_ver1\FP_LCD68\FP_LCD68_ver1\Main1.SchDoc with R_YC164-JR-07 from Privod_A_K.IntLib
Replace Part R? R_YC164-JR-07 in C:\AltiumPro\FP_LCD68_ver1\FP_LCD68\FP_LCD68_ver1\Main1.SchDoc with R_YC164-JR-07 from Privod_A_K.IntLib
Replace Part R? R_YC164-JR-07 in C:\AltiumPro\FP_LCD68_ver1\FP_LCD68\FP_LCD68_ver1\Main1.SchDoc with R_YC164-JR-07 from Privod_A_K.IntLib
Replace Part R? R_YC164-JR-07 in C:\AltiumPro\FP_LCD68_ver1\FP_LCD68\FP_LCD68_ver1\Main1.SchDoc with R_YC164-JR-07 from Privod_A_K.IntLib
Replace Part R? R_YC164-JR-07 in C:\AltiumPro\FP_LCD68_ver1\FP_LCD68\FP_LCD68_ver1\Main1.SchDoc with R_YC164-JR-07 from Privod_A_K.IntLib
Replace Part SB? SB_6x6_SMD in C:\AltiumPro\FP_LCD68_ver1\FP_LCD68\FP_LCD68_ver1\Main1.SchDoc with SB_6x6_SMD from Privod_A_K.IntLib
Replace Part VD? VD_SH_SMA in C:\AltiumPro\FP_LCD68_ver1\FP_LCD68\FP_LCD68_ver1\Main1.SchDoc with VD_SH_SMA from Privod_A_K.IntLib
Replace Part VD? VD_SH_SMA in C:\AltiumPro\FP_LCD68_ver1\FP_LCD68\FP_LCD68_ver1\Main1.SchDoc with VD_SH_SMA from Privod_A_K.IntLib
Replace Part VD? VD_SH_SMA in C:\AltiumPro\FP_LCD68_ver1\FP_LCD68\FP_LCD68_ver1\Main1.SchDoc with VD_SH_SMA from Privod_A_K.IntLib
Replace Part VD? VD_ESD in C:\AltiumPro\FP_LCD68_ver1\FP_LCD68\FP_LCD68_ver1\Main1.SchDoc with VD_ESD from Privod_A_K.IntLib
Replace Part VD? VD_ESD in C:\AltiumPro\FP_LCD68_ver1\FP_LCD68\FP_LCD68_ver1\Main1.SchDoc with VD_ESD from Privod_A_K.IntLib
Replace Part VD? VD_SH_SMA in C:\AltiumPro\FP_LCD68_ver1\FP_LCD68\FP_LCD68_ver1\Main1.SchDoc with VD_SH_SMA from Privod_A_K.IntLib
Replace Part VD? VD_ESD in C:\AltiumPro\FP_LCD68_ver1\FP_LCD68\FP_LCD68_ver1\Main1.SchDoc with VD_ESD from Privod_A_K.IntLib
Replace Part VD? VD_Led_0805 in C:\AltiumPro\FP_LCD68_ver1\FP_LCD68\FP_LCD68_ver1\Main1.SchDoc with VD_Led_0805 from Privod_A_K.IntLib
Replace Part VT? VT_BC847B in C:\AltiumPro\FP_LCD68_ver1\FP_LCD68\FP_LCD68_ver1\Main1.SchDoc with VT_BC847B from Privod_A_K.IntLib
Replace Part XP? XP_5x2_V in C:\AltiumPro\FP_LCD68_ver1\FP_LCD68\FP_LCD68_ver1\Main1.SchDoc with XP_5x2_V from Privod_A_K.IntLib
Replace Part XS? XS_microSD-DM3AT in C:\AltiumPro\FP_LCD68_ver1\FP_LCD68\FP_LCD68_ver1\Main1.SchDoc with XS_microSD-DM3AT from Privod_A_K.IntLib
Replace Part XS? XS_7x2_pin in C:\AltiumPro\FP_LCD68_ver1\FP_LCD68\FP_LCD68_ver1\Main1.SchDoc with XS_7x2_pin from Privod_A_K.IntLib
