Replace Part C? C+_TAN_A in C:\AltiumPro\FP_LCD68_ver1\FP_LCD68\FP_LCD68_ver1\Out_Interface2.SchDoc with C+_TAN_A from Privod_A_K.IntLib
Replace Part C? C_0805 in C:\AltiumPro\FP_LCD68_ver1\FP_LCD68\FP_LCD68_ver1\Out_Interface2.SchDoc with C_0805 from Privod_A_K.IntLib
Replace Part C? C_0805 in C:\AltiumPro\FP_LCD68_ver1\FP_LCD68\FP_LCD68_ver1\Out_Interface2.SchDoc with C_0805 from Privod_A_K.IntLib
Replace Part C? C_0805 in C:\AltiumPro\FP_LCD68_ver1\FP_LCD68\FP_LCD68_ver1\Out_Interface2.SchDoc with C_0805 from Privod_A_K.IntLib
Replace Part C? C_0805 in C:\AltiumPro\FP_LCD68_ver1\FP_LCD68\FP_LCD68_ver1\Out_Interface2.SchDoc with C_0805 from Privod_A_K.IntLib
Replace Part C? C_0805 in C:\AltiumPro\FP_LCD68_ver1\FP_LCD68\FP_LCD68_ver1\Out_Interface2.SchDoc with C_0805 from Privod_A_K.IntLib
Replace Part C? C_0805 in C:\AltiumPro\FP_LCD68_ver1\FP_LCD68\FP_LCD68_ver1\Out_Interface2.SchDoc with C_0805 from Privod_A_K.IntLib
Replace Part C? C_0805 in C:\AltiumPro\FP_LCD68_ver1\FP_LCD68\FP_LCD68_ver1\Out_Interface2.SchDoc with C_0805 from Privod_A_K.IntLib
Replace Part C? C_0805 in C:\AltiumPro\FP_LCD68_ver1\FP_LCD68\FP_LCD68_ver1\Out_Interface2.SchDoc with C_0805 from Privod_A_K.IntLib
Replace Part C? C+_TAN_B in C:\AltiumPro\FP_LCD68_ver1\FP_LCD68\FP_LCD68_ver1\Out_Interface2.SchDoc with C+_TAN_B from Privod_A_K.IntLib
Replace Part C? C_0805 in C:\AltiumPro\FP_LCD68_ver1\FP_LCD68\FP_LCD68_ver1\Out_Interface2.SchDoc with C_0805 from Privod_A_K.IntLib
Replace Part C? C_0805 in C:\AltiumPro\FP_LCD68_ver1\FP_LCD68\FP_LCD68_ver1\Out_Interface2.SchDoc with C_0805 from Privod_A_K.IntLib
Replace Part C? C_0805 in C:\AltiumPro\FP_LCD68_ver1\FP_LCD68\FP_LCD68_ver1\Out_Interface2.SchDoc with C_0805 from Privod_A_K.IntLib
Replace Part C? C_0805 in C:\AltiumPro\FP_LCD68_ver1\FP_LCD68\FP_LCD68_ver1\Out_Interface2.SchDoc with C_0805 from Privod_A_K.IntLib
Replace Part C? C_0805 in C:\AltiumPro\FP_LCD68_ver1\FP_LCD68\FP_LCD68_ver1\Out_Interface2.SchDoc with C_0805 from Privod_A_K.IntLib
Replace Part C? C_0805 in C:\AltiumPro\FP_LCD68_ver1\FP_LCD68\FP_LCD68_ver1\Out_Interface2.SchDoc with C_0805 from Privod_A_K.IntLib
Replace Part C? C_0805 in C:\AltiumPro\FP_LCD68_ver1\FP_LCD68\FP_LCD68_ver1\Out_Interface2.SchDoc with C_0805 from Privod_A_K.IntLib
Replace Part C? C_0805 in C:\AltiumPro\FP_LCD68_ver1\FP_LCD68\FP_LCD68_ver1\Out_Interface2.SchDoc with C_0805 from Privod_A_K.IntLib
Replace Part C? C_0805 in C:\AltiumPro\FP_LCD68_ver1\FP_LCD68\FP_LCD68_ver1\Out_Interface2.SchDoc with C_0805 from Privod_A_K.IntLib
Replace Part C? C_0805 in C:\AltiumPro\FP_LCD68_ver1\FP_LCD68\FP_LCD68_ver1\Out_Interface2.SchDoc with C_0805 from Privod_A_K.IntLib
Replace Part C? C+_TAN_B in C:\AltiumPro\FP_LCD68_ver1\FP_LCD68\FP_LCD68_ver1\Out_Interface2.SchDoc with C+_TAN_B from Privod_A_K.IntLib
Replace Part DA? DA_ISO1050DW in C:\AltiumPro\FP_LCD68_ver1\FP_LCD68\FP_LCD68_ver1\Out_Interface2.SchDoc with DA_ISO1050DW from Privod_A_K.IntLib
Replace Part DA? DA_ISO1050DW in C:\AltiumPro\FP_LCD68_ver1\FP_LCD68\FP_LCD68_ver1\Out_Interface2.SchDoc with DA_ISO1050DW from Privod_A_K.IntLib
Replace Part DD? DD_ST3485EBDR in C:\AltiumPro\FP_LCD68_ver1\FP_LCD68\FP_LCD68_ver1\Out_Interface2.SchDoc with DD_ST3485EBDR from Privod_A_K.IntLib
Replace Part DD? DD_SCM3721ASA in C:\AltiumPro\FP_LCD68_ver1\FP_LCD68\FP_LCD68_ver1\Out_Interface2.SchDoc with DD_SCM3721ASA from Privod_A_K.IntLib
Replace Part DD? DD_74HC1G14GV in C:\AltiumPro\FP_LCD68_ver1\FP_LCD68\FP_LCD68_ver1\Out_Interface2.SchDoc with DD_74HC1G14GV from Privod_A_K.IntLib
Replace Part G? G_AM1S-Z in C:\AltiumPro\FP_LCD68_ver1\FP_LCD68\FP_LCD68_ver1\Out_Interface2.SchDoc with G_AM1S-Z from Privod_A_K.IntLib
Replace Part G? G_AM1S-Z in C:\AltiumPro\FP_LCD68_ver1\FP_LCD68\FP_LCD68_ver1\Out_Interface2.SchDoc with G_AM1S-Z from Privod_A_K.IntLib
Replace Part G? G_AM1S-Z in C:\AltiumPro\FP_LCD68_ver1\FP_LCD68\FP_LCD68_ver1\Out_Interface2.SchDoc with G_AM1S-Z from Privod_A_K.IntLib
Replace Part L? L_SRN3015 in C:\AltiumPro\FP_LCD68_ver1\FP_LCD68\FP_LCD68_ver1\Out_Interface2.SchDoc with L_SRN3015 from Privod_A_K.IntLib
Replace Part L? L_SRN3015 in C:\AltiumPro\FP_LCD68_ver1\FP_LCD68\FP_LCD68_ver1\Out_Interface2.SchDoc with L_SRN3015 from Privod_A_K.IntLib
Replace Part L? L_SRN3015 in C:\AltiumPro\FP_LCD68_ver1\FP_LCD68\FP_LCD68_ver1\Out_Interface2.SchDoc with L_SRN3015 from Privod_A_K.IntLib
Replace Part R? R_1206 in C:\AltiumPro\FP_LCD68_ver1\FP_LCD68\FP_LCD68_ver1\Out_Interface2.SchDoc with R_1206 from Privod_A_K.IntLib
Replace Part R? R_0805 in C:\AltiumPro\FP_LCD68_ver1\FP_LCD68\FP_LCD68_ver1\Out_Interface2.SchDoc with R_0805 from Privod_A_K.IntLib
Replace Part R? R_1206 in C:\AltiumPro\FP_LCD68_ver1\FP_LCD68\FP_LCD68_ver1\Out_Interface2.SchDoc with R_1206 from Privod_A_K.IntLib
Replace Part R? R_0805 in C:\AltiumPro\FP_LCD68_ver1\FP_LCD68\FP_LCD68_ver1\Out_Interface2.SchDoc with R_0805 from Privod_A_K.IntLib
Replace Part R? R_0805 in C:\AltiumPro\FP_LCD68_ver1\FP_LCD68\FP_LCD68_ver1\Out_Interface2.SchDoc with R_0805 from Privod_A_K.IntLib
Replace Part R? R_0805 in C:\AltiumPro\FP_LCD68_ver1\FP_LCD68\FP_LCD68_ver1\Out_Interface2.SchDoc with R_0805 from Privod_A_K.IntLib
Replace Part R? R_1210 in C:\AltiumPro\FP_LCD68_ver1\FP_LCD68\FP_LCD68_ver1\Out_Interface2.SchDoc with R_1210 from Privod_A_K.IntLib
Replace Part R? R_0805 in C:\AltiumPro\FP_LCD68_ver1\FP_LCD68\FP_LCD68_ver1\Out_Interface2.SchDoc with R_0805 from Privod_A_K.IntLib
Replace Part R? R_2512 in C:\AltiumPro\FP_LCD68_ver1\FP_LCD68\FP_LCD68_ver1\Out_Interface2.SchDoc with R_2512 from Privod_A_K.IntLib
Replace Part R? R_1210 in C:\AltiumPro\FP_LCD68_ver1\FP_LCD68\FP_LCD68_ver1\Out_Interface2.SchDoc with R_1210 from Privod_A_K.IntLib
Replace Part VD? VD_SMA in C:\AltiumPro\FP_LCD68_ver1\FP_LCD68\FP_LCD68_ver1\Out_Interface2.SchDoc with VD_SMA from Privod_A_K.IntLib
Replace Part VD? VD_SMBJ50A in C:\AltiumPro\FP_LCD68_ver1\FP_LCD68\FP_LCD68_ver1\Out_Interface2.SchDoc with VD_SMBJ50A from Privod_A_K.IntLib
Replace Part VD? VD_NUP2105L in C:\AltiumPro\FP_LCD68_ver1\FP_LCD68\FP_LCD68_ver1\Out_Interface2.SchDoc with VD_NUP2105L from Privod_A_K.IntLib
Replace Part VD? VD_SH_SMA in C:\AltiumPro\FP_LCD68_ver1\FP_LCD68\FP_LCD68_ver1\Out_Interface2.SchDoc with VD_SH_SMA from Privod_A_K.IntLib
Replace Part VD? VD_Ledx2_dip in C:\AltiumPro\FP_LCD68_ver1\FP_LCD68\FP_LCD68_ver1\Out_Interface2.SchDoc with VD_Ledx2_dip from Privod_A_K.IntLib
Replace Part VD? VD_ESDA25W in C:\AltiumPro\FP_LCD68_ver1\FP_LCD68\FP_LCD68_ver1\Out_Interface2.SchDoc with VD_ESDA25W from Privod_A_K.IntLib
Replace Part VD? VD_SMBJ50A in C:\AltiumPro\FP_LCD68_ver1\FP_LCD68\FP_LCD68_ver1\Out_Interface2.SchDoc with VD_SMBJ50A from Privod_A_K.IntLib
Replace Part VD? VD_NUP2105L in C:\AltiumPro\FP_LCD68_ver1\FP_LCD68\FP_LCD68_ver1\Out_Interface2.SchDoc with VD_NUP2105L from Privod_A_K.IntLib
Replace Part XS? XS_3_pin_3.8mm in C:\AltiumPro\FP_LCD68_ver1\FP_LCD68\FP_LCD68_ver1\Out_Interface2.SchDoc with XS_3_pin_3.8mm from Privod_A_K.IntLib
Replace Part XS? XS_3_pin_3.8mm in C:\AltiumPro\FP_LCD68_ver1\FP_LCD68\FP_LCD68_ver1\Out_Interface2.SchDoc with XS_3_pin_3.8mm from Privod_A_K.IntLib
Replace Part XS? XS_3_pin_3.8mm in C:\AltiumPro\FP_LCD68_ver1\FP_LCD68\FP_LCD68_ver1\Out_Interface2.SchDoc with XS_3_pin_3.8mm from Privod_A_K.IntLib
