Change Component Footprint: Designator=C28 Old Footprint=CAP_TAN_B New Footprint=CAP_TAN_A
Change Component Footprint: Designator=C29 Old Footprint=CAP_TAN_B New Footprint=CAP_TAN_A
Change Component Comment : Designator=C28 Old Comment=TAN_B New Comment=TAN_A
Change Component Comment : Designator=C29 Old Comment=TAN_B New Comment=TAN_A
Change component parameters: Designator = "C28"; Footprint = "CAP_TAN_A"; UniqueID = "\ICFZGHDY"
Change component parameters. Clean all parameters for all variants
Change component parameters (AddParameter): Name = "Идентификатор"; Value = ""; VariantName = "[No Variations]"
Change component parameters (AddParameter): Name = "Корпус"; Value = "A"; VariantName = "[No Variations]"
Change component parameters (AddParameter): Name = "Наименование"; Value = "CA45-A020K106T"; VariantName = "[No Variations]"
Change component parameters (AddParameter): Name = "Напряжение"; Value = ""; VariantName = "[No Variations]"
Change component parameters (AddParameter): Name = "Номинал"; Value = "10 uF"; VariantName = "[No Variations]"
Change component parameters (AddParameter): Name = "Поставщик"; Value = ""; VariantName = "[No Variations]"
Change component parameters (AddParameter): Name = "Примечания"; Value = ""; VariantName = "[No Variations]"
Change component parameters (AddParameter): Name = "Тип"; Value = "Конденсатор"; VariantName = "[No Variations]"
Change component parameters: Designator = "C29"; Footprint = "CAP_TAN_A"; UniqueID = "\DFENIMHS"
Change component parameters. Clean all parameters for all variants
Change component parameters (AddParameter): Name = "Идентификатор"; Value = ""; VariantName = "[No Variations]"
Change component parameters (AddParameter): Name = "Корпус"; Value = "A"; VariantName = "[No Variations]"
Change component parameters (AddParameter): Name = "Наименование"; Value = "CA45-A020K106T"; VariantName = "[No Variations]"
Change component parameters (AddParameter): Name = "Напряжение"; Value = ""; VariantName = "[No Variations]"
Change component parameters (AddParameter): Name = "Номинал"; Value = "10 uF"; VariantName = "[No Variations]"
Change component parameters (AddParameter): Name = "Поставщик"; Value = ""; VariantName = "[No Variations]"
Change component parameters (AddParameter): Name = "Примечания"; Value = ""; VariantName = "[No Variations]"
Change component parameters (AddParameter): Name = "Тип"; Value = "Конденсатор"; VariantName = "[No Variations]"
