Removed Pin From Net: NetName=NRF_TxEN Pin=R24-1
Removed Pin From Net: NetName=NRF_CE Pin=R24-2
Removed Pin From Net: NetName=NetR24_7 Pin=R24-7
Removed Pin From Net: NetName=NetR24_8 Pin=R24-8
Removed Pin From Net: NetName=NRF_AM Pin=R25-1
Removed Pin From Net: NetName=NRF_DR Pin=R25-2
Removed Pin From Net: NetName=NetR25_7 Pin=R25-7
Removed Pin From Net: NetName=NetR25_8 Pin=R25-8
Removed Member From Class: ClassName=U_Out_Interface2 Member=R26
Change Component Designator: OldDesignator=R25 NewDesignator=R24
Change Component Designator: OldDesignator=R26 NewDesignator=R25
Added Pin To Net: NetName=NRF_TxEN Pin=R24-1
Added Pin To Net: NetName=NRF_CE Pin=R24-2
Added Pin To Net: NetName=NetR24_7 Pin=R24-7
Added Pin To Net: NetName=NetR24_8 Pin=R24-8
Added Pin To Net: NetName=NRF_AM Pin=R25-1
Added Pin To Net: NetName=NRF_DR Pin=R25-2
Added Pin To Net: NetName=NetR25_7 Pin=R25-7
Added Pin To Net: NetName=NetR25_8 Pin=R25-8
Change Net Name : Old Net Name=NetR25_5 New Net Name=NetR24_5
Change Net Name : Old Net Name=NetR25_6 New Net Name=NetR24_6
Change Net Name : Old Net Name=NetR26_5 New Net Name=NetR25_5
Change Net Name : Old Net Name=NetR26_6 New Net Name=NetR25_6
