Removed Pin From Net: NetName=NRF_Pwr Pin=R24-1
Removed Pin From Net: NetName=NRF_CD Pin=R24-2
Removed Pin From Net: NetName=NRF_TxEN Pin=R24-3
Removed Pin From Net: NetName=NRF_CE Pin=R24-4
Removed Pin From Net: NetName=NetR24_5 Pin=R24-5
Removed Pin From Net: NetName=NetR24_7 Pin=R24-7
Removed Pin From Net: NetName=NetR24_8 Pin=R24-8
Removed Pin From Net: NetName=NRF_MISO Pin=R25-1
Removed Pin From Net: NetName=NRF_MOSI Pin=R25-2
Removed Pin From Net: NetName=NRF_AM Pin=R25-3
Removed Pin From Net: NetName=NRF_DR Pin=R25-4
Removed Pin From Net: NetName=NRF_SCK Pin=R26-3
Removed Pin From Net: NetName=NetR26_6 Pin=R26-6
Removed Pin From Net: NetName=PMODE0 Pin=R28-1
Removed Pin From Net: NetName=D_GND Pin=R28-8
Removed Pin From Net: NetName=+3.3V_D Pin=R29-1
Removed Pin From Net: NetName=PMODE0 Pin=R29-8
Removed Pin From Net: NetName=SD_CLK Pin=R50-1
Removed Pin From Net: NetName=SD_CMD/SDI Pin=R50-2
Removed Pin From Net: NetName=SD_DAT3/CS Pin=R50-3
Removed Pin From Net: NetName=+3.3V_D Pin=R50-6
Removed Pin From Net: NetName=+3.3V_D Pin=R50-7
Removed Pin From Net: NetName=SD_DAT0/SDO Pin=R51-1
Removed Pin From Net: NetName=SD_DAT1 Pin=R51-2
Removed Pin From Net: NetName=NetR51_3 Pin=R51-3
Removed Pin From Net: NetName=+3.3V_D Pin=R51-6
Removed Pin From Net: NetName=+3.3V_D Pin=R51-7
Removed Pin From Net: NetName=NetR24_6 Pin=XS5-2
Removed Pin From Net: NetName=NetR24_5 Pin=XS5-3
Removed Pin From Net: NetName=NetR24_8 Pin=XS5-4
Removed Pin From Net: NetName=NetR24_7 Pin=XS5-6
Removed Pin From Net: NetName=NetR25_6 Pin=XS5-7
Removed Pin From Net: NetName=NetR25_5 Pin=XS5-8
Removed Pin From Net: NetName=NetR25_8 Pin=XS5-9
Removed Pin From Net: NetName=NetR25_7 Pin=XS5-10
Added Component: Designator=R24(YC-164)
Add component. Clean all parameters for all variants
Add component (AddParameter): Name = "Идентификатор"; Value = "YC164-JR-0751RL"; VariantName = "[No Variations]"
Add component (AddParameter): Name = "Корпус"; Value = "1206U"; VariantName = "[No Variations]"
Add component (AddParameter): Name = "Наименование"; Value = "YC164-JR-0751RL"; VariantName = "[No Variations]"
Add component (AddParameter): Name = "Напряжение"; Value = ""; VariantName = "[No Variations]"
Add component (AddParameter): Name = "Номинал"; Value = "51"; VariantName = "[No Variations]"
Add component (AddParameter): Name = "Поставщик"; Value = ""; VariantName = "[No Variations]"
Add component (AddParameter): Name = "Примечания"; Value = ""; VariantName = "[No Variations]"
Add component (AddParameter): Name = "Тип"; Value = "Резистор"; VariantName = "[No Variations]"
Added Pin To Net: NetName=NRF_TxEN Pin=R24-1
Added Pin To Net: NetName=NRF_CE Pin=R24-3
Added Pin To Net: NetName=NRF_Pwr Pin=R24-3
Added Pin To Net: NetName=NRF_CD Pin=R24-4
Added Pin To Net: NetName=NetR24_5 Pin=R24-5
Added Pin To Net: NetName=NetR24_7 Pin=R24-6
Added Pin To Net: NetName=NetR24_8 Pin=R24-8
Added Pin To Net: NetName=NRF_AM Pin=R25-1
Added Pin To Net: NetName=NRF_DR Pin=R25-2
Added Pin To Net: NetName=NRF_MISO Pin=R25-3
Added Pin To Net: NetName=NRF_MOSI Pin=R25-4
Added Pin To Net: NetName=NRF_SCK Pin=R26-3
Added Pin To Net: NetName=NetR26_6 Pin=R26-6
Added Pin To Net: NetName=PMODE0 Pin=R28-1
Added Pin To Net: NetName=D_GND Pin=R28-8
Added Pin To Net: NetName=+3.3V_D Pin=R29-1
Added Pin To Net: NetName=PMODE0 Pin=R29-8
Added Pin To Net: NetName=NetR50_1 Pin=R50-1
Added Pin To Net: NetName=SD_CLK Pin=R50-1
Added Pin To Net: NetName=SD_CMD/SDI Pin=R50-2
Added Pin To Net: NetName=SD_DAT3/CS Pin=R50-3
Added Pin To Net: NetName=+3.3V_D Pin=R50-6
Added Pin To Net: NetName=+3.3V_D Pin=R50-7
Added Pin To Net: NetName=+3.3V_D Pin=R50-8
Added Pin To Net: NetName=D_O1 Pin=R51-1
Added Pin To Net: NetName=SD_DAT0/SDO Pin=R51-1
Added Pin To Net: NetName=SD_DAT1 Pin=R51-2
Added Pin To Net: NetName=NetR51_3 Pin=R51-3
Added Pin To Net: NetName=+3.3V_D Pin=R51-6
Added Pin To Net: NetName=+3.3V_D Pin=R51-7
Added Pin To Net: NetName=+3.3V_D Pin=R51-8
Added Pin To Net: NetName=NetR24_8 Pin=XS5-2
Added Pin To Net: NetName=NetR24_6 Pin=XS5-3
Added Pin To Net: NetName=NetR24_7 Pin=XS5-4
Added Pin To Net: NetName=NetR24_5 Pin=XS5-6
Added Pin To Net: NetName=NetR25_8 Pin=XS5-7
Added Pin To Net: NetName=NetR25_7 Pin=XS5-8
Added Pin To Net: NetName=NetR25_6 Pin=XS5-9
Added Pin To Net: NetName=NetR25_5 Pin=XS5-10
Change Net Name : Old Net Name=NetR24_7 New Net Name=NetR24_6
Added Member To Class: ClassName=U_Out_Interface2 Member=Component R24 сборка 4шт
Added Member To Class: ClassName=U_Ethernet Member=Component R28 (R29A) сборка 4шт
Added Member To Class: ClassName=U_Ethernet Member=Component R28 сборка 4шт
Added Member To Class: ClassName=U_Ethernet Member=Component R29 сборка 4шт
Added Member To Class: ClassName=U_DI_DO Member=Component R50 сборка 4шт
Added Member To Class: ClassName=U_DI_DO Member=Component R50 сборка 4шт
Added Member To Class: ClassName=U_DI_DO Member=Component R51 сборка 4шт
Added Member To Class: ClassName=U_DI_DO Member=Component R51 сборка 4шт
