Removed Pin From Net: NetName=LCD_C/D(RS-FSMC_A16) Pin=R75-1
Removed Pin From Net: NetName=LCD_/RD(FSMC_NOE) Pin=R75-2
Removed Pin From Net: NetName=LCD_/WR(FSMC_NWE) Pin=R75-3
Removed Pin From Net: NetName=LCD_DB0 Pin=R75-4
Removed Pin From Net: NetName=NetC106_2 Pin=R75-5
Removed Pin From Net: NetName=NetC105_2 Pin=R75-6
Removed Pin From Net: NetName=NetC104_2 Pin=R75-7
Removed Pin From Net: NetName=NetC103_2 Pin=R75-8
Removed Pin From Net: NetName=LCD_DB1 Pin=R76-1
Removed Pin From Net: NetName=LCD_DB2 Pin=R76-2
Removed Pin From Net: NetName=LCD_DB3 Pin=R76-3
Removed Pin From Net: NetName=LCD_DB4 Pin=R76-4
Removed Pin From Net: NetName=NetC110_2 Pin=R76-5
Removed Pin From Net: NetName=NetC109_2 Pin=R76-6
Removed Pin From Net: NetName=NetC108_2 Pin=R76-7
Removed Pin From Net: NetName=NetC107_2 Pin=R76-8
Removed Pin From Net: NetName=LCD_DB5 Pin=R77-1
Removed Pin From Net: NetName=LCD_DB6 Pin=R77-2
Removed Pin From Net: NetName=LCD_DB7 Pin=R77-3
Removed Pin From Net: NetName=LCD_/CE(CS-FSMC_NE1) Pin=R77-4
Removed Pin From Net: NetName=NetC114_2 Pin=R77-5
Removed Pin From Net: NetName=NetC113_2 Pin=R77-6
Removed Pin From Net: NetName=NetC112_2 Pin=R77-7
Removed Pin From Net: NetName=NetC111_2 Pin=R77-8
Removed Pin From Net: NetName=LCD_Reset Pin=R78-1
Removed Pin From Net: NetName=LCD_MD2 Pin=R78-2
Removed Pin From Net: NetName=LCD_FS1 Pin=R78-3
Removed Pin From Net: NetName=NetC118_2 Pin=R78-6
Removed Pin From Net: NetName=NetC117_2 Pin=R78-7
Removed Pin From Net: NetName=NetC115_2 Pin=R78-8
Added Pin To Net: NetName=LCD_DB0 Pin=R75-1
Added Pin To Net: NetName=LCD_/WR(FSMC_NWE) Pin=R75-2
Added Pin To Net: NetName=LCD_/RD(FSMC_NOE) Pin=R75-3
Added Pin To Net: NetName=LCD_C/D(RS-FSMC_A16) Pin=R75-4
Added Pin To Net: NetName=NetC103_2 Pin=R75-5
Added Pin To Net: NetName=NetC104_2 Pin=R75-6
Added Pin To Net: NetName=NetC105_2 Pin=R75-7
Added Pin To Net: NetName=NetC106_2 Pin=R75-8
Added Pin To Net: NetName=LCD_DB4 Pin=R76-1
Added Pin To Net: NetName=LCD_DB3 Pin=R76-2
Added Pin To Net: NetName=LCD_DB2 Pin=R76-3
Added Pin To Net: NetName=LCD_DB1 Pin=R76-4
Added Pin To Net: NetName=NetC107_2 Pin=R76-5
Added Pin To Net: NetName=NetC108_2 Pin=R76-6
Added Pin To Net: NetName=NetC109_2 Pin=R76-7
Added Pin To Net: NetName=NetC110_2 Pin=R76-8
Added Pin To Net: NetName=LCD_/CE(CS-FSMC_NE1) Pin=R77-1
Added Pin To Net: NetName=LCD_DB7 Pin=R77-2
Added Pin To Net: NetName=LCD_DB6 Pin=R77-3
Added Pin To Net: NetName=LCD_DB5 Pin=R77-4
Added Pin To Net: NetName=NetC111_2 Pin=R77-5
Added Pin To Net: NetName=NetC112_2 Pin=R77-6
Added Pin To Net: NetName=NetC113_2 Pin=R77-7
Added Pin To Net: NetName=NetC114_2 Pin=R77-8
Added Pin To Net: NetName=LCD_FS1 Pin=R78-2
Added Pin To Net: NetName=LCD_MD2 Pin=R78-3
Added Pin To Net: NetName=LCD_Reset Pin=R78-4
Added Pin To Net: NetName=NetC115_2 Pin=R78-5
Added Pin To Net: NetName=NetC117_2 Pin=R78-6
Added Pin To Net: NetName=NetC118_2 Pin=R78-7
