Removed Pin From Net: NetName=NRF_CE Pin=R24-3
Removed Pin From Net: NetName=NRF_AM Pin=R25-1
Removed Pin From Net: NetName=NRF_DR Pin=R25-2
Removed Pin From Net: NetName=NetR25_7 Pin=R25-7
Removed Pin From Net: NetName=NetR25_8 Pin=R25-8
Removed Pin From Net: NetName=NRF_MISO Pin=R26-3
Removed Pin From Net: NetName=NRF_MOSI Pin=R26-4
Removed Pin From Net: NetName=NetR26_5 Pin=R26-5
Removed Pin From Net: NetName=NetR26_6 Pin=R26-6
Added Component: Designator=R25(YC-164)
Add component. Clean all parameters for all variants
Add component (AddParameter): Name = "Идентификатор"; Value = "YC164-JR-0751RL"; VariantName = "[No Variations]"
Add component (AddParameter): Name = "Корпус"; Value = "1206U"; VariantName = "[No Variations]"
Add component (AddParameter): Name = "Наименование"; Value = "YC164-JR-0751RL"; VariantName = "[No Variations]"
Add component (AddParameter): Name = "Напряжение"; Value = ""; VariantName = "[No Variations]"
Add component (AddParameter): Name = "Номинал"; Value = "51"; VariantName = "[No Variations]"
Add component (AddParameter): Name = "Поставщик"; Value = ""; VariantName = "[No Variations]"
Add component (AddParameter): Name = "Примечания"; Value = ""; VariantName = "[No Variations]"
Add component (AddParameter): Name = "Тип"; Value = "Резистор"; VariantName = "[No Variations]"
Added Component: Designator=R26(YC-164)
Add component. Clean all parameters for all variants
Add component (AddParameter): Name = "Идентификатор"; Value = "YC164-JR-0751RL"; VariantName = "[No Variations]"
Add component (AddParameter): Name = "Корпус"; Value = "1206U"; VariantName = "[No Variations]"
Add component (AddParameter): Name = "Наименование"; Value = "YC164-JR-0751RL"; VariantName = "[No Variations]"
Add component (AddParameter): Name = "Напряжение"; Value = ""; VariantName = "[No Variations]"
Add component (AddParameter): Name = "Номинал"; Value = "51"; VariantName = "[No Variations]"
Add component (AddParameter): Name = "Поставщик"; Value = ""; VariantName = "[No Variations]"
Add component (AddParameter): Name = "Примечания"; Value = ""; VariantName = "[No Variations]"
Add component (AddParameter): Name = "Тип"; Value = "Резистор"; VariantName = "[No Variations]"
Added Pin To Net: NetName=NRF_CE Pin=R24-2
Added Pin To Net: NetName=NRF_AM Pin=R25-1
Added Pin To Net: NetName=NRF_DR Pin=R25-2
Added Pin To Net: NetName=NetR25_7 Pin=R25-7
Added Pin To Net: NetName=NetR25_8 Pin=R25-8
Added Pin To Net: NetName=NRF_MISO Pin=R26-3
Added Pin To Net: NetName=NRF_MOSI Pin=R26-4
Added Pin To Net: NetName=NetR26_5 Pin=R26-5
Added Pin To Net: NetName=NetR26_6 Pin=R26-6
Added Pin To Net: NetName=NetR24_7 Pin=R24-7
Added Pin To Net: NetName=NetR24_7 Pin=XS5-3
Added Net: Name=NetR24_7
Added Member To Class: ClassName=U_Out_Interface2 Member=Component R25 сборка 4шт
Added Member To Class: ClassName=U_Out_Interface2 Member=Component R26 (R25A) сборка 4шт
