Removed Pin From Net: NetName=D_GND Pin=B1-2
Removed Pin From Net: NetName=D_GND Pin=C1-1
Removed Pin From Net: NetName=+3.3V_D Pin=C2-1
Removed Pin From Net: NetName=D_GND Pin=C2-2
Removed Pin From Net: NetName=D_GND Pin=C3-2
Removed Pin From Net: NetName=D_GND Pin=C4-1
Removed Pin From Net: NetName=D_GND Pin=C5-2
Removed Pin From Net: NetName=+3.3V_D Pin=C6-1
Removed Pin From Net: NetName=D_GND Pin=C6-2
Removed Pin From Net: NetName=+3.3V_D Pin=C7-1
Removed Pin From Net: NetName=D_GND Pin=C7-2
Removed Pin From Net: NetName=+3.3V_D Pin=C8-1
Removed Pin From Net: NetName=D_GND Pin=C8-2
Removed Pin From Net: NetName=D_GND Pin=C9-1
Removed Pin From Net: NetName=+3.3V_D Pin=C10-1
Removed Pin From Net: NetName=D_GND Pin=C10-2
Removed Pin From Net: NetName=+3.3V_D Pin=C11-1
Removed Pin From Net: NetName=D_GND Pin=C11-2
Removed Pin From Net: NetName=+3.3V_D Pin=C12-1
Removed Pin From Net: NetName=D_GND Pin=C12-2
Removed Pin From Net: NetName=D_GND Pin=C13-2
Removed Pin From Net: NetName=D_GND Pin=C14-2
Removed Pin From Net: NetName=D_GND Pin=C15-1
Removed Pin From Net: NetName=D_GND Pin=C16-5
Removed Pin From Net: NetName=D_GND Pin=C16-6
Removed Pin From Net: NetName=D_GND Pin=C16-7
Removed Pin From Net: NetName=D_GND Pin=C16-8
Removed Pin From Net: NetName=D_GND Pin=C17-2
Removed Pin From Net: NetName=D_GND Pin=C22-1
Removed Pin From Net: NetName=+5V_D Pin=C22-2
Removed Pin From Net: NetName=+5V_CAN1 Pin=C24-1
Removed Pin From Net: NetName=Gnd_CAN1 Pin=C24-2
Removed Pin From Net: NetName=D_GND Pin=C25-1
Removed Pin From Net: NetName=+5V_D Pin=C25-2
Removed Pin From Net: NetName=+5V_CAN2 Pin=C27-1
Removed Pin From Net: NetName=Gnd_CAN2 Pin=C27-2
Removed Pin From Net: NetName=D_GND Pin=C28-2
Removed Pin From Net: NetName=D_GND Pin=C29-2
Removed Pin From Net: NetName=D_GND Pin=C36-2
Removed Pin From Net: NetName=+5V_RS Pin=C37-1
Removed Pin From Net: NetName=GND_RS Pin=C37-2
Removed Pin From Net: NetName=D_GND Pin=C38-1
Removed Pin From Net: NetName=+5V_D Pin=C38-2
Removed Pin From Net: NetName=D_GND Pin=C39-2
Removed Pin From Net: NetName=D_GND Pin=C40-1
Removed Pin From Net: NetName=+3.3V_A Pin=C40-2
Removed Pin From Net: NetName=D_GND Pin=C41-1
Removed Pin From Net: NetName=+3.3V_A Pin=C41-2
Removed Pin From Net: NetName=D_GND Pin=C42-1
Removed Pin From Net: NetName=+3.3V_D Pin=C42-2
Removed Pin From Net: NetName=D_GND Pin=C43-1
Removed Pin From Net: NetName=+3.3V_D Pin=C43-2
Removed Pin From Net: NetName=D_GND Pin=C44-1
Removed Pin From Net: NetName=+3.3V_D Pin=C44-2
Removed Pin From Net: NetName=+3.3V_A Pin=C45-1
Removed Pin From Net: NetName=D_GND Pin=C45-2
Removed Pin From Net: NetName=+3.3V_D Pin=C46-1
Removed Pin From Net: NetName=D_GND Pin=C46-2
Removed Pin From Net: NetName=D_GND Pin=C47-1
Removed Pin From Net: NetName=D_GND Pin=C49-1
Removed Pin From Net: NetName=D_GND Pin=C50-1
Removed Pin From Net: NetName=D_GND Pin=C51-1
Removed Pin From Net: NetName=D_GND Pin=C52-2
Removed Pin From Net: NetName=D_GND Pin=C54-1
Removed Pin From Net: NetName=D_GND Pin=C55-1
Removed Pin From Net: NetName=D_GND Pin=C57-1
Removed Pin From Net: NetName=+5V_D Pin=C57-2
Removed Pin From Net: NetName=+5V_D Pin=C58-1
Removed Pin From Net: NetName=D_GND Pin=C58-2
Removed Pin From Net: NetName=D_GND Pin=C59-2
Removed Pin From Net: NetName=+5V_D Pin=C62-1
Removed Pin From Net: NetName=D_GND Pin=C62-2
Removed Pin From Net: NetName=D_GND Pin=C63-1
Removed Pin From Net: NetName=+5V_D Pin=C63-2
Removed Pin From Net: NetName=D_GND Pin=C64-1
Removed Pin From Net: NetName=+3.3V_D Pin=C64-2
Removed Pin From Net: NetName=+3.3V_D Pin=C65-1
Removed Pin From Net: NetName=D_GND Pin=C65-2
Removed Pin From Net: NetName=D_GND Pin=C66-1
Removed Pin From Net: NetName=+3.3V_D Pin=C66-2
Removed Pin From Net: NetName=D_GND Pin=C67-1
Removed Pin From Net: NetName=+5V_D Pin=DA1-1
Removed Pin From Net: NetName=D_GND Pin=DA4-1
Removed Pin From Net: NetName=+3.3V_D Pin=DA4-2
Removed Pin From Net: NetName=+3.3V_D Pin=DA4-2
Removed Pin From Net: NetName=+5V_D Pin=DA4-3
Removed Pin From Net: NetName=D_GND Pin=DD1-10
Removed Pin From Net: NetName=+3.3V_D Pin=DD1-11
Removed Pin From Net: NetName=NRF_TxEN Pin=DD1-15
Removed Pin From Net: NetName=+3.3V_D Pin=DD1-19
Removed Pin From Net: NetName=D_GND Pin=DD1-20
Removed Pin From Net: NetName=+3.3V_D Pin=DD1-21
Removed Pin From Net: NetName=+3.3V_D Pin=DD1-22
Removed Pin From Net: NetName=NRF_Pwr Pin=DD1-26
Removed Pin From Net: NetName=D_GND Pin=DD1-27
Removed Pin From Net: NetName=+3.3V_D Pin=DD1-28
Removed Pin From Net: NetName=NRF_CSN(NSS) Pin=DD1-29
Removed Pin From Net: NetName=NRF_SCK Pin=DD1-30
Removed Pin From Net: NetName=NRF_MISO Pin=DD1-31
Removed Pin From Net: NetName=NRF_MOSI Pin=DD1-32
Removed Pin From Net: NetName=NRF_AM Pin=DD1-33
Removed Pin From Net: NetName=NRF_DR Pin=DD1-34
Removed Pin From Net: NetName=NRF_CD Pin=DD1-35
Removed Pin From Net: NetName=NRF_CE Pin=DD1-36
Removed Pin From Net: NetName=+3.3V_D Pin=DD1-50
Removed Pin From Net: NetName=RS_TX Pin=DD1-68
Removed Pin From Net: NetName=RS_RX Pin=DD1-69
Removed Pin From Net: NetName=CAN1_RX Pin=DD1-70
Removed Pin From Net: NetName=CAN1_TX Pin=DD1-71
Removed Pin From Net: NetName=D_GND Pin=DD1-74
Removed Pin From Net: NetName=+3.3V_D Pin=DD1-75
Removed Pin From Net: NetName=CAN2_RX Pin=DD1-91
Removed Pin From Net: NetName=CAN2_TX Pin=DD1-92
Removed Pin From Net: NetName=D_GND Pin=DD1-99
Removed Pin From Net: NetName=+3.3V_D Pin=DD1-100
Removed Pin From Net: NetName=D_GND Pin=DD5-3
Removed Pin From Net: NetName=+3.3V_A Pin=DD5-4
Removed Pin From Net: NetName=+3.3V_A Pin=DD5-8
Removed Pin From Net: NetName=D_GND Pin=DD5-9
Removed Pin From Net: NetName=+3.3V_A Pin=DD5-11
Removed Pin From Net: NetName=D_GND Pin=DD5-14
Removed Pin From Net: NetName=+3.3V_A Pin=DD5-15
Removed Pin From Net: NetName=D_GND Pin=DD5-16
Removed Pin From Net: NetName=+3.3V_A Pin=DD5-17
Removed Pin From Net: NetName=D_GND Pin=DD5-19
Removed Pin From Net: NetName=+3.3V_A Pin=DD5-21
Removed Pin From Net: NetName=+3.3V_D Pin=DD5-28
Removed Pin From Net: NetName=D_GND Pin=DD5-29
Removed Pin From Net: NetName=D_GND Pin=DD5-48
Removed Pin From Net: NetName=D_GND Pin=DD6-4
Removed Pin From Net: NetName=+3.3V_D Pin=DD6-8
Removed Pin From Net: NetName=D_GND Pin=G1-1
Removed Pin From Net: NetName=Gnd_CAN1 Pin=G1-3
Removed Pin From Net: NetName=+5V_CAN1 Pin=G1-4
Removed Pin From Net: NetName=D_GND Pin=G2-1
Removed Pin From Net: NetName=Gnd_CAN2 Pin=G2-3
Removed Pin From Net: NetName=+5V_CAN2 Pin=G2-4
Removed Pin From Net: NetName=D_GND Pin=G3-1
Removed Pin From Net: NetName=GND_RS Pin=G3-3
Removed Pin From Net: NetName=+5V_RS Pin=G3-4
Removed Pin From Net: NetName=D_GND Pin=G4-7
Removed Pin From Net: NetName=D_GND Pin=L1-2
Removed Pin From Net: NetName=+5V_D Pin=L2-2
Removed Pin From Net: NetName=D_GND Pin=L3-2
Removed Pin From Net: NetName=+5V_D Pin=L4-1
Removed Pin From Net: NetName=+5V_D Pin=L5-1
Removed Pin From Net: NetName=+5V_D Pin=L7-1
Removed Pin From Net: NetName=+3.3V_A Pin=L8-1
Removed Pin From Net: NetName=+3.3V_D Pin=L8-2
Removed Pin From Net: NetName=24V_GND Pin=L11-1
Removed Pin From Net: NetName=+3.3V_D Pin=R1-5
Removed Pin From Net: NetName=+3.3V_D Pin=R1-6
Removed Pin From Net: NetName=+3.3V_D Pin=R1-7
Removed Pin From Net: NetName=+3.3V_D Pin=R1-8
Removed Pin From Net: NetName=+3.3V_D Pin=R2-6
Removed Pin From Net: NetName=+3.3V_D Pin=R2-7
Removed Pin From Net: NetName=+3.3V_D Pin=R2-8
Removed Pin From Net: NetName=D_GND Pin=R4-1
Removed Pin From Net: NetName=D_GND Pin=R5-1
Removed Pin From Net: NetName=+3.3V_D Pin=R6-1
Removed Pin From Net: NetName=D_GND Pin=R7-2
Removed Pin From Net: NetName=D_GND Pin=R8-1
Removed Pin From Net: NetName=D_GND Pin=R9-1
Removed Pin From Net: NetName=+5V_D Pin=R10-3
Removed Pin From Net: NetName=D_GND Pin=R11-1
Removed Pin From Net: NetName=D_GND Pin=R12-1
Removed Pin From Net: NetName=D_GND Pin=R13-1
Removed Pin From Net: NetName=D_GND Pin=R14-1
Removed Pin From Net: NetName=D_GND Pin=R15-1
Removed Pin From Net: NetName=D_GND Pin=R16-1
Removed Pin From Net: NetName=+3.3V_D Pin=R17-1
Removed Pin From Net: NetName=+3.3V_D Pin=R17-2
Removed Pin From Net: NetName=+3.3V_D Pin=R17-3
Removed Pin From Net: NetName=+3.3V_D Pin=R17-4
Removed Pin From Net: NetName=+3.3V_D Pin=R18-1
Removed Pin From Net: NetName=D_GND Pin=R30-5
Removed Pin From Net: NetName=D_GND Pin=R30-6
Removed Pin From Net: NetName=D_GND Pin=R30-7
Removed Pin From Net: NetName=D_GND Pin=R30-8
Removed Pin From Net: NetName=+3.3V_D Pin=R31-1
Removed Pin From Net: NetName=+3.3V_D Pin=R31-2
Removed Pin From Net: NetName=+3.3V_D Pin=R31-3
Removed Pin From Net: NetName=D_GND Pin=R32-5
Removed Pin From Net: NetName=D_GND Pin=R32-6
Removed Pin From Net: NetName=D_GND Pin=R32-7
Removed Pin From Net: NetName=D_GND Pin=R32-8
Removed Pin From Net: NetName=+3.3V_A Pin=R33-2
Removed Pin From Net: NetName=+3.3V_A Pin=R34-2
Removed Pin From Net: NetName=+3.3V_A Pin=R35-2
Removed Pin From Net: NetName=+3.3V_D Pin=R36-2
Removed Pin From Net: NetName=+3.3V_D Pin=R39-2
Removed Pin From Net: NetName=+3.3V_D Pin=R40-2
Removed Pin From Net: NetName=+3.3V_D Pin=R42-2
Removed Pin From Net: NetName=D_GND Pin=R43-1
Removed Pin From Net: NetName=D_GND Pin=R44-1
Removed Pin From Net: NetName=24V_GND Pin=R45-1
Removed Pin From Net: NetName=D_GND Pin=R46-1
Removed Pin From Net: NetName=D_GND Pin=R47-1
Removed Pin From Net: NetName=D_GND Pin=R48-1
Removed Pin From Net: NetName=+5V_D Pin=R55-1
Removed Pin From Net: NetName=D_GND Pin=R55-3
Removed Pin From Net: NetName=+3.3V_D Pin=R57-2
Removed Pin From Net: NetName=D_GND Pin=SB1-1
Removed Pin From Net: NetName=D_GND Pin=SB1-1
Removed Pin From Net: NetName=+5V_D Pin=VD1-2
Removed Pin From Net: NetName=D_GND Pin=VD2-3
Removed Pin From Net: NetName=+3.3V_D Pin=VD3-1
Removed Pin From Net: NetName=+3.3V_D Pin=VD4-2
Removed Pin From Net: NetName=+5V_D Pin=VD5-2
Removed Pin From Net: NetName=+5V_D Pin=VD6-1
Removed Pin From Net: NetName=+3.3V_D Pin=VD6-2
Removed Pin From Net: NetName=D_GND Pin=VD6-3
Removed Pin From Net: NetName=D_GND Pin=VD15-2
Removed Pin From Net: NetName=Gnd_CAN1 Pin=VD18-1
Removed Pin From Net: NetName=+5V_CAN1 Pin=VD18-2
Removed Pin From Net: NetName=Gnd_CAN2 Pin=VD19-1
Removed Pin From Net: NetName=+5V_CAN2 Pin=VD19-2
Removed Pin From Net: NetName=GND_RS Pin=VD23-1
Removed Pin From Net: NetName=+5V_RS Pin=VD23-2
Removed Pin From Net: NetName=+24V Pin=VD25-1
Removed Pin From Net: NetName=+5V_D Pin=VD26-2
Removed Pin From Net: NetName=+5V_D Pin=VD27-1
Removed Pin From Net: NetName=D_GND Pin=VD29-1
Removed Pin From Net: NetName=+5V_D Pin=VD29-2
Removed Pin From Net: NetName=D_GND Pin=VD30-3
Removed Pin From Net: NetName=D_GND Pin=VD33-1
Removed Pin From Net: NetName=D_GND Pin=XP1-5
Removed Pin From Net: NetName=D_GND Pin=XP1-6
Removed Pin From Net: NetName=+3.3V_D Pin=XS1-4
Removed Pin From Net: NetName=D_GND Pin=XS1-6
Removed Pin From Net: NetName=D_GND Pin=XS1-SW_B
Removed Pin From Net: NetName=+24V Pin=XS8-1
Removed Pin From Net: NetName=24V_GND Pin=XS8-2
Removed Pin From Net: NetName=D_GND Pin=XS9-2
Removed Member From Class: ClassName=Main1 Member=B1
Removed Member From Class: ClassName=Main1 Member=BQ1
Removed Member From Class: ClassName=Main1 Member=BQ2
Removed Member From Class: ClassName=Ethernet Member=BQ3
Removed Member From Class: ClassName=Main1 Member=C1
Removed Member From Class: ClassName=Main1 Member=C2
Removed Member From Class: ClassName=Main1 Member=C3
Removed Member From Class: ClassName=Main1 Member=C4
Removed Member From Class: ClassName=Main1 Member=C5
Removed Member From Class: ClassName=Main1 Member=C6
Removed Member From Class: ClassName=Main1 Member=C7
Removed Member From Class: ClassName=Main1 Member=C8
Removed Member From Class: ClassName=Main1 Member=C9
Removed Member From Class: ClassName=Main1 Member=C10
Removed Member From Class: ClassName=Main1 Member=C11
Removed Member From Class: ClassName=Main1 Member=C12
Removed Member From Class: ClassName=Main1 Member=C13
Removed Member From Class: ClassName=Main1 Member=C14
Removed Member From Class: ClassName=Main1 Member=C15
Removed Member From Class: ClassName=LCD_Board Member=C16
Removed Member From Class: ClassName=LCD_Board Member=C17
Removed Member From Class: ClassName=Out_Interface2 Member=C22
Removed Member From Class: ClassName=Out_Interface2 Member=C24
Removed Member From Class: ClassName=Out_Interface2 Member=C25
Removed Member From Class: ClassName=Out_Interface2 Member=C27
Removed Member From Class: ClassName=Out_Interface2 Member=C28
Removed Member From Class: ClassName=Out_Interface2 Member=C29
Removed Member From Class: ClassName=Main1 Member=C36
Removed Member From Class: ClassName=Out_Interface2 Member=C37
Removed Member From Class: ClassName=Out_Interface2 Member=C38
Removed Member From Class: ClassName=Out_Interface2 Member=C39
Removed Member From Class: ClassName=Ethernet Member=C40
Removed Member From Class: ClassName=Ethernet Member=C41
Removed Member From Class: ClassName=Ethernet Member=C42
Removed Member From Class: ClassName=Ethernet Member=C43
Removed Member From Class: ClassName=Ethernet Member=C44
Removed Member From Class: ClassName=Ethernet Member=C45
Removed Member From Class: ClassName=Ethernet Member=C46
Removed Member From Class: ClassName=Ethernet Member=C47
Removed Member From Class: ClassName=Ethernet Member=C48
Removed Member From Class: ClassName=Ethernet Member=C49
Removed Member From Class: ClassName=Ethernet Member=C50
Removed Member From Class: ClassName=Ethernet Member=C51
Removed Member From Class: ClassName=Ethernet Member=C52
Removed Member From Class: ClassName=Ethernet Member=C53
Removed Member From Class: ClassName=Ethernet Member=C54
Removed Member From Class: ClassName=Ethernet Member=C55
Removed Member From Class: ClassName=LCD_Board Member=C67
Removed Member From Class: ClassName=Main1 Member=DA1
Removed Member From Class: ClassName=Main1 Member=DD1
Removed Member From Class: ClassName=Ethernet Member=DD5
Removed Member From Class: ClassName=Out_Interface2 Member=G1
Removed Member From Class: ClassName=Out_Interface2 Member=G2
Removed Member From Class: ClassName=Out_Interface2 Member=G3
Removed Member From Class: ClassName=LCD_Board Member=L1
Removed Member From Class: ClassName=LCD_Board Member=L2
Removed Member From Class: ClassName=LCD_Board Member=L3
Removed Member From Class: ClassName=Out_Interface2 Member=L4
Removed Member From Class: ClassName=Out_Interface2 Member=L5
Removed Member From Class: ClassName=Out_Interface2 Member=L7
Removed Member From Class: ClassName=Ethernet Member=L8
Removed Member From Class: ClassName=Main1 Member=R1
Removed Member From Class: ClassName=Main1 Member=R2
Removed Member From Class: ClassName=Main1 Member=R3
Removed Member From Class: ClassName=Main1 Member=R4
Removed Member From Class: ClassName=Main1 Member=R5
Removed Member From Class: ClassName=Main1 Member=R6
Removed Member From Class: ClassName=Main1 Member=R7
Removed Member From Class: ClassName=Main1 Member=R8
Removed Member From Class: ClassName=Main1 Member=R9
Removed Member From Class: ClassName=LCD_Board Member=R10
Removed Member From Class: ClassName=LCD_Board Member=R11
Removed Member From Class: ClassName=LCD_Board Member=R12
Removed Member From Class: ClassName=LCD_Board Member=R13
Removed Member From Class: ClassName=LCD_Board Member=R14
Removed Member From Class: ClassName=LCD_Board Member=R15
Removed Member From Class: ClassName=LCD_Board Member=R16
Removed Member From Class: ClassName=LCD_Board Member=R17
Removed Member From Class: ClassName=LCD_Board Member=R18
Removed Member From Class: ClassName=Ethernet Member=R30
Removed Member From Class: ClassName=Ethernet Member=R31
Removed Member From Class: ClassName=Ethernet Member=R32
Removed Member From Class: ClassName=Ethernet Member=R33
Removed Member From Class: ClassName=Ethernet Member=R34
Removed Member From Class: ClassName=Ethernet Member=R35
Removed Member From Class: ClassName=Ethernet Member=R36
Removed Member From Class: ClassName=Ethernet Member=R37
Removed Member From Class: ClassName=Ethernet Member=R38
Removed Member From Class: ClassName=Ethernet Member=R39
Removed Member From Class: ClassName=Ethernet Member=R40
Removed Member From Class: ClassName=Ethernet Member=R41
Removed Member From Class: ClassName=Ethernet Member=R42
Removed Member From Class: ClassName=Ethernet Member=R43
Removed Member From Class: ClassName=Ethernet Member=R44
Removed Member From Class: ClassName=LCD_Board Member=R47
Removed Member From Class: ClassName=LCD_Board Member=R48
Removed Member From Class: ClassName=Main1 Member=R52
Removed Member From Class: ClassName=Main1 Member=R53
Removed Member From Class: ClassName=LCD_Board Member=R55
Removed Member From Class: ClassName=LCD_Board Member=R56
Removed Member From Class: ClassName=Ethernet Member=R57
Removed Member From Class: ClassName=Main1 Member=SB1
Removed Member From Class: ClassName=Main1 Member=VD1
Removed Member From Class: ClassName=Main1 Member=VD2
Removed Member From Class: ClassName=Main1 Member=VD3
Removed Member From Class: ClassName=Main1 Member=VD4
Removed Member From Class: ClassName=Main1 Member=VD5
Removed Member From Class: ClassName=Main1 Member=VD6
Removed Member From Class: ClassName=Main1 Member=VD8
Removed Member From Class: ClassName=LCD_Board Member=VD9
Removed Member From Class: ClassName=LCD_Board Member=VD10
Removed Member From Class: ClassName=LCD_Board Member=VD11
Removed Member From Class: ClassName=LCD_Board Member=VD12
Removed Member From Class: ClassName=LCD_Board Member=VD13
Removed Member From Class: ClassName=LCD_Board Member=VD14
Removed Member From Class: ClassName=LCD_Board Member=VD15
Removed Member From Class: ClassName=Out_Interface2 Member=VD18
Removed Member From Class: ClassName=Out_Interface2 Member=VD19
Removed Member From Class: ClassName=Out_Interface2 Member=VD23
Removed Member From Class: ClassName=Main1 Member=VD30
Removed Member From Class: ClassName=LCD_Board Member=VD31
Removed Member From Class: ClassName=LCD_Board Member=VD32
Removed Member From Class: ClassName=LCD_Board Member=VD33
Removed Member From Class: ClassName=Main1 Member=VT1
Removed Member From Class: ClassName=Main1 Member=WG240128B
Removed Member From Class: ClassName=Main1 Member=XP1
Removed Member From Class: ClassName=LCD_Board Member=XP2
Removed Member From Class: ClassName=Main1 Member=XS1
Removed Member From Class: ClassName=LCD_Board Member=XS2
Removed Member From Class: ClassName=Ethernet Member=XS7
Removed Member From Class: ClassName=LCD_Board Member=XS9
Change component parameters: Designator = "XS3"; Footprint = "XS_8P8C (RJ45)"; UniqueID = "\BXBHTFNK"
Change component parameters. Clean all parameters for all variants
Change component parameters (AddParameter): Name = "Идентификатор"; Value = "8P8C (RJ45)"; VariantName = "[No Variations]"
Change component parameters (AddParameter): Name = "Наименование"; Value = "1-406541-1 "; VariantName = "[No Variations]"
Change component parameters: Designator = "VD21"; Footprint = "VD_SMA_(Do-214AC)"; UniqueID = "\TTSADZWD"
Change component parameters. Clean all parameters for all variants
Change component parameters (AddParameter): Name = "Идентификатор"; Value = ""; VariantName = "[No Variations]"
Change component parameters (AddParameter): Name = "Корпус"; Value = "SMA"; VariantName = "[No Variations]"
Change component parameters (AddParameter): Name = "Наименование"; Value = "10MQ030NPBF"; VariantName = "[No Variations]"
Change component parameters (AddParameter): Name = "Напряжение"; Value = "30В "; VariantName = "[No Variations]"
Change component parameters (AddParameter): Name = "Номинал"; Value = "1А"; VariantName = "[No Variations]"
Change component parameters (AddParameter): Name = "Поставщик"; Value = "chipdip"; VariantName = "[No Variations]"
Change component parameters (AddParameter): Name = "Примечания"; Value = ""; VariantName = "[No Variations]"
Change component parameters (AddParameter): Name = "Тип"; Value = "Диод Шоттки"; VariantName = "[No Variations]"
Change component parameters: Designator = "VD22"; Footprint = "VD_SMA_(Do-214AC)"; UniqueID = "\LUMFJDSB"
Change component parameters. Clean all parameters for all variants
Change component parameters (AddParameter): Name = "Идентификатор"; Value = ""; VariantName = "[No Variations]"
Change component parameters (AddParameter): Name = "Корпус"; Value = "SMA"; VariantName = "[No Variations]"
Change component parameters (AddParameter): Name = "Наименование"; Value = "10MQ030NPBF"; VariantName = "[No Variations]"
Change component parameters (AddParameter): Name = "Напряжение"; Value = "30В "; VariantName = "[No Variations]"
Change component parameters (AddParameter): Name = "Номинал"; Value = "1А"; VariantName = "[No Variations]"
Change component parameters (AddParameter): Name = "Поставщик"; Value = "chipdip"; VariantName = "[No Variations]"
Change component parameters (AddParameter): Name = "Примечания"; Value = ""; VariantName = "[No Variations]"
Change component parameters (AddParameter): Name = "Тип"; Value = "Диод Шоттки"; VariantName = "[No Variations]"
Added Component: Designator=A1_C22(CAP_TAN_A)
Add component. Clean all parameters for all variants
Add component (AddParameter): Name = "Идентификатор"; Value = ""; VariantName = "[No Variations]"
Add component (AddParameter): Name = "Корпус"; Value = "A"; VariantName = "[No Variations]"
Add component (AddParameter): Name = "Наименование"; Value = "CA45-A020K106T"; VariantName = "[No Variations]"
Add component (AddParameter): Name = "Напряжение"; Value = ""; VariantName = "[No Variations]"
Add component (AddParameter): Name = "Номинал"; Value = "10 uF"; VariantName = "[No Variations]"
Add component (AddParameter): Name = "Поставщик"; Value = ""; VariantName = "[No Variations]"
Add component (AddParameter): Name = "Примечания"; Value = ""; VariantName = "[No Variations]"
Add component (AddParameter): Name = "Тип"; Value = "Конденсатор"; VariantName = "[No Variations]"
Added Component: Designator=A1_C23(CAP_TAN_A)
Add component. Clean all parameters for all variants
Add component (AddParameter): Name = "Идентификатор"; Value = ""; VariantName = "[No Variations]"
Add component (AddParameter): Name = "Корпус"; Value = "A"; VariantName = "[No Variations]"
Add component (AddParameter): Name = "Наименование"; Value = "CA45-A020K475T"; VariantName = "[No Variations]"
Add component (AddParameter): Name = "Напряжение"; Value = ""; VariantName = "[No Variations]"
Add component (AddParameter): Name = "Номинал"; Value = "4.7 uF"; VariantName = "[No Variations]"
Add component (AddParameter): Name = "Поставщик"; Value = ""; VariantName = "[No Variations]"
Add component (AddParameter): Name = "Примечания"; Value = ""; VariantName = "[No Variations]"
Add component (AddParameter): Name = "Тип"; Value = "Конденсатор"; VariantName = "[No Variations]"
Added Component: Designator=A1_G1(AM1S-Z)
Add component. Clean all parameters for all variants
Add component (AddParameter): Name = "Аналог"; Value = "AM1S-0505SZ"; VariantName = "[No Variations]"
Add component (AddParameter): Name = "Идентификатор"; Value = "B0505S-1WR3"; VariantName = "[No Variations]"
Add component (AddParameter): Name = "Корпус"; Value = ""; VariantName = "[No Variations]"
Add component (AddParameter): Name = "Наименование"; Value = "B0505S-1WR3"; VariantName = "[No Variations]"
Add component (AddParameter): Name = "Напряжение"; Value = "5/5В"; VariantName = "[No Variations]"
Add component (AddParameter): Name = "Номинал"; Value = ""; VariantName = "[No Variations]"
Add component (AddParameter): Name = "Поставщик"; Value = ""; VariantName = "[No Variations]"
Add component (AddParameter): Name = "Примечания"; Value = ""; VariantName = "[No Variations]"
Add component (AddParameter): Name = "Тип"; Value = ""; VariantName = "[No Variations]"
Added Component: Designator=A1_L4(L_SRN3015)
Add component. Clean all parameters for all variants
Add component (AddParameter): Name = "Идентификатор"; Value = "NLCV32T-100K-EF"; VariantName = "[No Variations]"
Add component (AddParameter): Name = "Корпус"; Value = "1210"; VariantName = "[No Variations]"
Add component (AddParameter): Name = "Наименование"; Value = "NLCV32T-100K-EF"; VariantName = "[No Variations]"
Add component (AddParameter): Name = "Напряжение"; Value = ""; VariantName = "[No Variations]"
Add component (AddParameter): Name = "Номинал"; Value = "10 µH"; VariantName = "[No Variations]"
Add component (AddParameter): Name = "Поставщик"; Value = ""; VariantName = "[No Variations]"
Add component (AddParameter): Name = "Примечания"; Value = ""; VariantName = "[No Variations]"
Add component (AddParameter): Name = "Тип"; Value = "Индуктивность"; VariantName = "[No Variations]"
Added Component: Designator=A1_VD7(VD_SMA_(Do-214AC))
Add component. Clean all parameters for all variants
Add component (AddParameter): Name = "Идентификатор"; Value = ""; VariantName = "[No Variations]"
Add component (AddParameter): Name = "Корпус"; Value = "SMA"; VariantName = "[No Variations]"
Add component (AddParameter): Name = "Наименование"; Value = "SMAJ5.0A"; VariantName = "[No Variations]"
Add component (AddParameter): Name = "Напряжение"; Value = "5В"; VariantName = "[No Variations]"
Add component (AddParameter): Name = "Номинал"; Value = ""; VariantName = "[No Variations]"
Add component (AddParameter): Name = "Поставщик"; Value = ""; VariantName = "[No Variations]"
Add component (AddParameter): Name = "Примечания"; Value = ""; VariantName = "[No Variations]"
Add component (AddParameter): Name = "Тип"; Value = "Диод"; VariantName = "[No Variations]"
Added Component: Designator=A2_C22(CAP_TAN_A)
Add component. Clean all parameters for all variants
Add component (AddParameter): Name = "Идентификатор"; Value = ""; VariantName = "[No Variations]"
Add component (AddParameter): Name = "Корпус"; Value = "A"; VariantName = "[No Variations]"
Add component (AddParameter): Name = "Наименование"; Value = "CA45-A020K106T"; VariantName = "[No Variations]"
Add component (AddParameter): Name = "Напряжение"; Value = ""; VariantName = "[No Variations]"
Add component (AddParameter): Name = "Номинал"; Value = "10 uF"; VariantName = "[No Variations]"
Add component (AddParameter): Name = "Поставщик"; Value = ""; VariantName = "[No Variations]"
Add component (AddParameter): Name = "Примечания"; Value = ""; VariantName = "[No Variations]"
Add component (AddParameter): Name = "Тип"; Value = "Конденсатор"; VariantName = "[No Variations]"
Added Component: Designator=A2_C23(CAP_TAN_A)
Add component. Clean all parameters for all variants
Add component (AddParameter): Name = "Идентификатор"; Value = ""; VariantName = "[No Variations]"
Add component (AddParameter): Name = "Корпус"; Value = "A"; VariantName = "[No Variations]"
Add component (AddParameter): Name = "Наименование"; Value = "CA45-A020K475T"; VariantName = "[No Variations]"
Add component (AddParameter): Name = "Напряжение"; Value = ""; VariantName = "[No Variations]"
Add component (AddParameter): Name = "Номинал"; Value = "4.7 uF"; VariantName = "[No Variations]"
Add component (AddParameter): Name = "Поставщик"; Value = ""; VariantName = "[No Variations]"
Add component (AddParameter): Name = "Примечания"; Value = ""; VariantName = "[No Variations]"
Add component (AddParameter): Name = "Тип"; Value = "Конденсатор"; VariantName = "[No Variations]"
Added Component: Designator=A2_G1(AM1S-Z)
Add component. Clean all parameters for all variants
Add component (AddParameter): Name = "Аналог"; Value = "AM1S-0505SZ"; VariantName = "[No Variations]"
Add component (AddParameter): Name = "Идентификатор"; Value = "B0505S-1WR3"; VariantName = "[No Variations]"
Add component (AddParameter): Name = "Корпус"; Value = ""; VariantName = "[No Variations]"
Add component (AddParameter): Name = "Наименование"; Value = "B0505S-1WR3"; VariantName = "[No Variations]"
Add component (AddParameter): Name = "Напряжение"; Value = "5/5В"; VariantName = "[No Variations]"
Add component (AddParameter): Name = "Номинал"; Value = ""; VariantName = "[No Variations]"
Add component (AddParameter): Name = "Поставщик"; Value = ""; VariantName = "[No Variations]"
Add component (AddParameter): Name = "Примечания"; Value = ""; VariantName = "[No Variations]"
Add component (AddParameter): Name = "Тип"; Value = ""; VariantName = "[No Variations]"
Added Component: Designator=A2_L4(L_SRN3015)
Add component. Clean all parameters for all variants
Add component (AddParameter): Name = "Идентификатор"; Value = "NLCV32T-100K-EF"; VariantName = "[No Variations]"
Add component (AddParameter): Name = "Корпус"; Value = "1210"; VariantName = "[No Variations]"
Add component (AddParameter): Name = "Наименование"; Value = "NLCV32T-100K-EF"; VariantName = "[No Variations]"
Add component (AddParameter): Name = "Напряжение"; Value = ""; VariantName = "[No Variations]"
Add component (AddParameter): Name = "Номинал"; Value = "10 µH"; VariantName = "[No Variations]"
Add component (AddParameter): Name = "Поставщик"; Value = ""; VariantName = "[No Variations]"
Add component (AddParameter): Name = "Примечания"; Value = ""; VariantName = "[No Variations]"
Add component (AddParameter): Name = "Тип"; Value = "Индуктивность"; VariantName = "[No Variations]"
Added Component: Designator=A2_VD7(VD_SMA_(Do-214AC))
Add component. Clean all parameters for all variants
Add component (AddParameter): Name = "Идентификатор"; Value = ""; VariantName = "[No Variations]"
Add component (AddParameter): Name = "Корпус"; Value = "SMA"; VariantName = "[No Variations]"
Add component (AddParameter): Name = "Наименование"; Value = "SMAJ5.0A"; VariantName = "[No Variations]"
Add component (AddParameter): Name = "Напряжение"; Value = "5В"; VariantName = "[No Variations]"
Add component (AddParameter): Name = "Номинал"; Value = ""; VariantName = "[No Variations]"
Add component (AddParameter): Name = "Поставщик"; Value = ""; VariantName = "[No Variations]"
Add component (AddParameter): Name = "Примечания"; Value = ""; VariantName = "[No Variations]"
Add component (AddParameter): Name = "Тип"; Value = "Диод"; VariantName = "[No Variations]"
Added Component: Designator=A3_C22(CAP_TAN_A)
Add component. Clean all parameters for all variants
Add component (AddParameter): Name = "Идентификатор"; Value = ""; VariantName = "[No Variations]"
Add component (AddParameter): Name = "Корпус"; Value = "A"; VariantName = "[No Variations]"
Add component (AddParameter): Name = "Наименование"; Value = "CA45-A020K106T"; VariantName = "[No Variations]"
Add component (AddParameter): Name = "Напряжение"; Value = ""; VariantName = "[No Variations]"
Add component (AddParameter): Name = "Номинал"; Value = "10 uF"; VariantName = "[No Variations]"
Add component (AddParameter): Name = "Поставщик"; Value = ""; VariantName = "[No Variations]"
Add component (AddParameter): Name = "Примечания"; Value = ""; VariantName = "[No Variations]"
Add component (AddParameter): Name = "Тип"; Value = "Конденсатор"; VariantName = "[No Variations]"
Added Component: Designator=A3_C23(CAP_TAN_A)
Add component. Clean all parameters for all variants
Add component (AddParameter): Name = "Идентификатор"; Value = ""; VariantName = "[No Variations]"
Add component (AddParameter): Name = "Корпус"; Value = "A"; VariantName = "[No Variations]"
Add component (AddParameter): Name = "Наименование"; Value = "CA45-A020K475T"; VariantName = "[No Variations]"
Add component (AddParameter): Name = "Напряжение"; Value = ""; VariantName = "[No Variations]"
Add component (AddParameter): Name = "Номинал"; Value = "4.7 uF"; VariantName = "[No Variations]"
Add component (AddParameter): Name = "Поставщик"; Value = ""; VariantName = "[No Variations]"
Add component (AddParameter): Name = "Примечания"; Value = ""; VariantName = "[No Variations]"
Add component (AddParameter): Name = "Тип"; Value = "Конденсатор"; VariantName = "[No Variations]"
Added Component: Designator=A3_G1(AM1S-Z)
Add component. Clean all parameters for all variants
Add component (AddParameter): Name = "Аналог"; Value = "AM1S-0505SZ"; VariantName = "[No Variations]"
Add component (AddParameter): Name = "Идентификатор"; Value = "B0505S-1WR3"; VariantName = "[No Variations]"
Add component (AddParameter): Name = "Корпус"; Value = ""; VariantName = "[No Variations]"
Add component (AddParameter): Name = "Наименование"; Value = "B0505S-1WR3"; VariantName = "[No Variations]"
Add component (AddParameter): Name = "Напряжение"; Value = "5/5В"; VariantName = "[No Variations]"
Add component (AddParameter): Name = "Номинал"; Value = ""; VariantName = "[No Variations]"
Add component (AddParameter): Name = "Поставщик"; Value = ""; VariantName = "[No Variations]"
Add component (AddParameter): Name = "Примечания"; Value = ""; VariantName = "[No Variations]"
Add component (AddParameter): Name = "Тип"; Value = ""; VariantName = "[No Variations]"
Added Component: Designator=A3_L4(L_SRN3015)
Add component. Clean all parameters for all variants
Add component (AddParameter): Name = "Идентификатор"; Value = "NLCV32T-100K-EF"; VariantName = "[No Variations]"
Add component (AddParameter): Name = "Корпус"; Value = "1210"; VariantName = "[No Variations]"
Add component (AddParameter): Name = "Наименование"; Value = "NLCV32T-100K-EF"; VariantName = "[No Variations]"
Add component (AddParameter): Name = "Напряжение"; Value = ""; VariantName = "[No Variations]"
Add component (AddParameter): Name = "Номинал"; Value = "10 µH"; VariantName = "[No Variations]"
Add component (AddParameter): Name = "Поставщик"; Value = ""; VariantName = "[No Variations]"
Add component (AddParameter): Name = "Примечания"; Value = ""; VariantName = "[No Variations]"
Add component (AddParameter): Name = "Тип"; Value = "Индуктивность"; VariantName = "[No Variations]"
Added Component: Designator=A3_VD7(VD_SMA_(Do-214AC))
Add component. Clean all parameters for all variants
Add component (AddParameter): Name = "Идентификатор"; Value = ""; VariantName = "[No Variations]"
Add component (AddParameter): Name = "Корпус"; Value = "SMA"; VariantName = "[No Variations]"
Add component (AddParameter): Name = "Наименование"; Value = "SMAJ5.0A"; VariantName = "[No Variations]"
Add component (AddParameter): Name = "Напряжение"; Value = "5В"; VariantName = "[No Variations]"
Add component (AddParameter): Name = "Номинал"; Value = ""; VariantName = "[No Variations]"
Add component (AddParameter): Name = "Поставщик"; Value = ""; VariantName = "[No Variations]"
Add component (AddParameter): Name = "Примечания"; Value = ""; VariantName = "[No Variations]"
Add component (AddParameter): Name = "Тип"; Value = "Диод"; VariantName = "[No Variations]"
Added Pin To Net: NetName=+5V_CAN1 Pin=A1_C22-1
Added Pin To Net: NetName=Gnd_CAN2 Pin=A1_C22-2
Added Pin To Net: NetName=+5V_D Pin=A1_C23-1
Added Pin To Net: NetName=D_GND Pin=A1_C23-2
Added Pin To Net: NetName=D_GND Pin=A1_G1-1
Added Pin To Net: NetName=24V_GND Pin=A1_G1-2
Added Pin To Net: NetName=Gnd_CAN2 Pin=A1_G1-3
Added Pin To Net: NetName=+5V_CAN1 Pin=A1_G1-4
Added Pin To Net: NetName=+5V_D Pin=A1_L4-1
Added Pin To Net: NetName=24V_GND Pin=A1_L4-2
Added Pin To Net: NetName=Gnd_CAN2 Pin=A1_VD7-1
Added Pin To Net: NetName=+5V_CAN1 Pin=A1_VD7-2
Added Pin To Net: NetName=+5V_CAN2 Pin=A2_C22-1
Added Pin To Net: NetName=Gnd_CAN1 Pin=A2_C22-2
Added Pin To Net: NetName=+5V_D Pin=A2_C23-1
Added Pin To Net: NetName=D_GND Pin=A2_C23-2
Added Pin To Net: NetName=D_GND Pin=A2_G1-1
Added Pin To Net: NetName=+24V Pin=A2_G1-2
Added Pin To Net: NetName=Gnd_CAN1 Pin=A2_G1-3
Added Pin To Net: NetName=+5V_CAN2 Pin=A2_G1-4
Added Pin To Net: NetName=+5V_D Pin=A2_L4-1
Added Pin To Net: NetName=+24V Pin=A2_L4-2
Added Pin To Net: NetName=Gnd_CAN1 Pin=A2_VD7-1
Added Pin To Net: NetName=+5V_CAN2 Pin=A2_VD7-2
Added Pin To Net: NetName=+5V_RS Pin=A3_C22-1
Added Pin To Net: NetName=+5V_CAN1 Pin=A3_C22-2
Added Pin To Net: NetName=+5V_D Pin=A3_C23-1
Added Pin To Net: NetName=D_GND Pin=A3_C23-2
Added Pin To Net: NetName=D_GND Pin=A3_G1-1
Added Pin To Net: NetName=+3.3V_A Pin=A3_G1-2
Added Pin To Net: NetName=+5V_CAN1 Pin=A3_G1-3
Added Pin To Net: NetName=+5V_RS Pin=A3_G1-4
Added Pin To Net: NetName=+5V_D Pin=A3_L4-1
Added Pin To Net: NetName=+3.3V_A Pin=A3_L4-2
Added Pin To Net: NetName=+5V_CAN1 Pin=A3_VD7-1
Added Pin To Net: NetName=+5V_RS Pin=A3_VD7-2
Change Net Name : Old Net Name=+3.3V_A New Net Name=NetA3_G1_2
Change Net Name : Old Net Name=+24V New Net Name=NetA2_G1_2
Change Net Name : Old Net Name=24V_GND New Net Name=NetA1_G1_2
Change Class Name : Old Net Name=Ethernet New Net Name=A1
Change Class Name : Old Net Name=LCD_Board New Net Name=A3
Change Class Name : Old Net Name=Main1 New Net Name=A2
Added Class: Name=Power_5-5V
Added Member To Class: ClassName=A1 Member=Component A1_C22 (C22) TAN_A
Added Member To Class: ClassName=A1 Member=Component A1_C23 (C23) TAN_A
Added Member To Class: ClassName=A1 Member=Component A1_G1 (G1) AM1S-Z
Added Member To Class: ClassName=A1 Member=Component A1_L4 (L4) SRN3015
Added Member To Class: ClassName=A1 Member=Component A1_VD7 (VD7) VD_SMA
Added Member To Class: ClassName=A2 Member=Component A2_C22 (C22) TAN_A
Added Member To Class: ClassName=A2 Member=Component A2_C23 (C23) TAN_A
Added Member To Class: ClassName=A2 Member=Component A2_G1 (G1) AM1S-Z
Added Member To Class: ClassName=A2 Member=Component A2_L4 (L4) SRN3015
Added Member To Class: ClassName=A2 Member=Component A2_VD7 (VD7) VD_SMA
Added Member To Class: ClassName=A3 Member=Component A3_C22 (C22) TAN_A
Added Member To Class: ClassName=A3 Member=Component A3_C23 (C23) TAN_A
Added Member To Class: ClassName=A3 Member=Component A3_G1 (G1) AM1S-Z
Added Member To Class: ClassName=A3 Member=Component A3_L4 (L4) SRN3015
Added Member To Class: ClassName=A3 Member=Component A3_VD7 (VD7) VD_SMA
Added Room: Name=A1
Added Room: Name=A2
Added Room: Name=A3
