Removed Pin From Net: NetName=RS_A Pin=XS3-1
Removed Pin From Net: NetName=RS_B Pin=XS3-2
Removed Pin From Net: NetName=GND_RS Pin=XS3-3
Change Component Footprint: Designator=XS3 Old Footprint=XS_3_Pin _3.8mm New Footprint=XS_8P8C (RJ45)
Change Component Comment : Designator=XS3 Old Comment=XS_3_pin_3.8mm New Comment=XS_8P8C (RJ45)
Change component parameters: Designator = "VD1"; Footprint = "VD_SMA_(Do-214AC)"; UniqueID = "\WVQDCVYE"
Change component parameters. Clean all parameters for all variants
Change component parameters (AddParameter): Name = "Идентификатор"; Value = ""; VariantName = "[No Variations]"
Change component parameters (AddParameter): Name = "Корпус"; Value = "SMA"; VariantName = "[No Variations]"
Change component parameters (AddParameter): Name = "Наименование"; Value = "10MQ030NPBF"; VariantName = "[No Variations]"
Change component parameters (AddParameter): Name = "Напряжение"; Value = "30В "; VariantName = "[No Variations]"
Change component parameters (AddParameter): Name = "Номинал"; Value = "1А"; VariantName = "[No Variations]"
Change component parameters (AddParameter): Name = "Поставщик"; Value = "chipdip"; VariantName = "[No Variations]"
Change component parameters (AddParameter): Name = "Примечания"; Value = ""; VariantName = "[No Variations]"
Change component parameters (AddParameter): Name = "Тип"; Value = "Диод Шоттки"; VariantName = "[No Variations]"
Change component parameters: Designator = "VD4"; Footprint = "VD_SMA_(Do-214AC)"; UniqueID = "\GOXXNVTG"
Change component parameters. Clean all parameters for all variants
Change component parameters (AddParameter): Name = "Идентификатор"; Value = ""; VariantName = "[No Variations]"
Change component parameters (AddParameter): Name = "Корпус"; Value = "SMA"; VariantName = "[No Variations]"
Change component parameters (AddParameter): Name = "Наименование"; Value = "10MQ030NPBF"; VariantName = "[No Variations]"
Change component parameters (AddParameter): Name = "Напряжение"; Value = "30В "; VariantName = "[No Variations]"
Change component parameters (AddParameter): Name = "Номинал"; Value = "1А"; VariantName = "[No Variations]"
Change component parameters (AddParameter): Name = "Поставщик"; Value = "chipdip"; VariantName = "[No Variations]"
Change component parameters (AddParameter): Name = "Примечания"; Value = ""; VariantName = "[No Variations]"
Change component parameters (AddParameter): Name = "Тип"; Value = "Диод Шоттки"; VariantName = "[No Variations]"
Change component parameters: Designator = "VD5"; Footprint = "VD_SMA_(Do-214AC)"; UniqueID = "\CEFQUZID"
Change component parameters. Clean all parameters for all variants
Change component parameters (AddParameter): Name = "Идентификатор"; Value = ""; VariantName = "[No Variations]"
Change component parameters (AddParameter): Name = "Корпус"; Value = "SMA"; VariantName = "[No Variations]"
Change component parameters (AddParameter): Name = "Наименование"; Value = "10MQ030NPBF"; VariantName = "[No Variations]"
Change component parameters (AddParameter): Name = "Напряжение"; Value = "30В "; VariantName = "[No Variations]"
Change component parameters (AddParameter): Name = "Номинал"; Value = "1А"; VariantName = "[No Variations]"
Change component parameters (AddParameter): Name = "Поставщик"; Value = "chipdip"; VariantName = "[No Variations]"
Change component parameters (AddParameter): Name = "Примечания"; Value = ""; VariantName = "[No Variations]"
Change component parameters (AddParameter): Name = "Тип"; Value = "Диод Шоттки"; VariantName = "[No Variations]"
Change component parameters: Designator = "VD21"; Footprint = "VD_SMA_(Do-214AC)"; UniqueID = "\TTSADZWD"
Change component parameters. Clean all parameters for all variants
Change component parameters (AddParameter): Name = "Идентификатор"; Value = ""; VariantName = "[No Variations]"
Change component parameters (AddParameter): Name = "Корпус"; Value = "SMA"; VariantName = "[No Variations]"
Change component parameters (AddParameter): Name = "Наименование"; Value = "10MQ030NPBF"; VariantName = "[No Variations]"
Change component parameters (AddParameter): Name = "Напряжение"; Value = "30В "; VariantName = "[No Variations]"
Change component parameters (AddParameter): Name = "Номинал"; Value = "1А"; VariantName = "[No Variations]"
Change component parameters (AddParameter): Name = "Поставщик"; Value = "chipdip"; VariantName = "[No Variations]"
Change component parameters (AddParameter): Name = "Примечания"; Value = ""; VariantName = "[No Variations]"
Change component parameters (AddParameter): Name = "Тип"; Value = "Диод Шоттки"; VariantName = "[No Variations]"
Change component parameters: Designator = "VD22"; Footprint = "VD_SMA_(Do-214AC)"; UniqueID = "\LUMFJDSB"
Change component parameters. Clean all parameters for all variants
Change component parameters (AddParameter): Name = "Идентификатор"; Value = ""; VariantName = "[No Variations]"
Change component parameters (AddParameter): Name = "Корпус"; Value = "SMA"; VariantName = "[No Variations]"
Change component parameters (AddParameter): Name = "Наименование"; Value = "10MQ030NPBF"; VariantName = "[No Variations]"
Change component parameters (AddParameter): Name = "Напряжение"; Value = "30В "; VariantName = "[No Variations]"
Change component parameters (AddParameter): Name = "Номинал"; Value = "1А"; VariantName = "[No Variations]"
Change component parameters (AddParameter): Name = "Поставщик"; Value = "chipdip"; VariantName = "[No Variations]"
Change component parameters (AddParameter): Name = "Примечания"; Value = ""; VariantName = "[No Variations]"
Change component parameters (AddParameter): Name = "Тип"; Value = "Диод Шоттки"; VariantName = "[No Variations]"
Change component parameters: Designator = "VD26"; Footprint = "VD_SMA_(Do-214AC)"; UniqueID = "\JYZEWIUH"
Change component parameters. Clean all parameters for all variants
Change component parameters (AddParameter): Name = "Идентификатор"; Value = ""; VariantName = "[No Variations]"
Change component parameters (AddParameter): Name = "Корпус"; Value = "SMA"; VariantName = "[No Variations]"
Change component parameters (AddParameter): Name = "Наименование"; Value = "10MQ030NPBF"; VariantName = "[No Variations]"
Change component parameters (AddParameter): Name = "Напряжение"; Value = "30В "; VariantName = "[No Variations]"
Change component parameters (AddParameter): Name = "Номинал"; Value = "1А"; VariantName = "[No Variations]"
Change component parameters (AddParameter): Name = "Поставщик"; Value = "chipdip"; VariantName = "[No Variations]"
Change component parameters (AddParameter): Name = "Примечания"; Value = ""; VariantName = "[No Variations]"
Change component parameters (AddParameter): Name = "Тип"; Value = "Диод Шоттки"; VariantName = "[No Variations]"
Change component parameters: Designator = "C16"; Footprint = "CA0612"; UniqueID = "\ASXININH"
Change component parameters. Clean all parameters for all variants
Change component parameters (AddParameter): Name = "Идентификатор"; Value = "CA0612KRX7R7BB"; VariantName = "[No Variations]"
Change component parameters (AddParameter): Name = "Корпус"; Value = ""; VariantName = "[No Variations]"
Change component parameters (AddParameter): Name = "Наименование"; Value = "CA0612KRX7R7BB"; VariantName = "[No Variations]"
Change component parameters (AddParameter): Name = "Напряжение"; Value = ""; VariantName = "[No Variations]"
Change component parameters (AddParameter): Name = "Номинал"; Value = " 0.1 uF"; VariantName = "[No Variations]"
Change component parameters (AddParameter): Name = "Поставщик"; Value = ""; VariantName = "[No Variations]"
Change component parameters (AddParameter): Name = "Примечания"; Value = ""; VariantName = "[No Variations]"
Change component parameters (AddParameter): Name = "Тип"; Value = "Конденсатор"; VariantName = "[No Variations]"
Change component parameters: Designator = "R43"; Footprint = "RES_0805_(2x1.2x0.45)_0.125Вт"; UniqueID = "\YCNVISEB"
Change component parameters. Clean all parameters for all variants
Change component parameters (AddParameter): Name = "Идентификатор"; Value = "RC0805FR-0712K4L"; VariantName = "[No Variations]"
Change component parameters (AddParameter): Name = "Корпус"; Value = "0805"; VariantName = "[No Variations]"
Change component parameters (AddParameter): Name = "Наименование"; Value = "RC0805FR-0712K4L"; VariantName = "[No Variations]"
Change component parameters (AddParameter): Name = "Напряжение"; Value = ""; VariantName = "[No Variations]"
Change component parameters (AddParameter): Name = "Номинал"; Value = "12.4 k "; VariantName = "[No Variations]"
Change component parameters (AddParameter): Name = "Поставщик"; Value = ""; VariantName = "[No Variations]"
Change component parameters (AddParameter): Name = "Примечания"; Value = "1%"; VariantName = "[No Variations]"
Change component parameters (AddParameter): Name = "Тип"; Value = "Резистор"; VariantName = "[No Variations]"
Change component parameters: Designator = "VD28"; Footprint = "VD_SMC_(Do-214AB)"; UniqueID = "\DNWYKTYK"
Change component parameters. Clean all parameters for all variants
Change component parameters (AddParameter): Name = "Идентификатор"; Value = ""; VariantName = "[No Variations]"
Change component parameters (AddParameter): Name = "Корпус"; Value = "SMC"; VariantName = "[No Variations]"
Change component parameters (AddParameter): Name = "Наименование"; Value = "SM15T30A"; VariantName = "[No Variations]"
Change component parameters (AddParameter): Name = "Напряжение"; Value = "30В"; VariantName = "[No Variations]"
Change component parameters (AddParameter): Name = "Номинал"; Value = " 41.5В 36А 10/1000мкс"; VariantName = "[No Variations]"
Change component parameters (AddParameter): Name = "Поставщик"; Value = ""; VariantName = "[No Variations]"
Change component parameters (AddParameter): Name = "Примечания"; Value = ""; VariantName = "[No Variations]"
Change component parameters (AddParameter): Name = "Тип"; Value = "Диод"; VariantName = "[No Variations]"
Change component parameters: Designator = "BQ3"; Footprint = "Xtal_HC49S"; UniqueID = "\XEDQWYQI"
Change component parameters. Clean all parameters for all variants
Change component parameters (AddParameter): Name = "Идентификатор"; Value = "HC-49S 25 MHz"; VariantName = "[No Variations]"
Change component parameters (AddParameter): Name = "Корпус"; Value = "HC-49S"; VariantName = "[No Variations]"
Change component parameters (AddParameter): Name = "Наименование"; Value = "HC-49S 25 MHz"; VariantName = "[No Variations]"
Change component parameters (AddParameter): Name = "Напряжение"; Value = ""; VariantName = "[No Variations]"
Change component parameters (AddParameter): Name = "Номинал"; Value = "25Mhz"; VariantName = "[No Variations]"
Change component parameters (AddParameter): Name = "Поставщик"; Value = "chipdip "; VariantName = "[No Variations]"
Change component parameters (AddParameter): Name = "Примечания"; Value = ""; VariantName = "[No Variations]"
Change component parameters (AddParameter): Name = "Тип"; Value = ""; VariantName = "[No Variations]"
Change component parameters: Designator = "VD15"; Footprint = "SOT-363"; UniqueID = "\MARZRSET"
Change component parameters. Clean all parameters for all variants
Change component parameters (AddParameter): Name = "Идентификатор"; Value = "PESD3V3L5UY "; VariantName = "[No Variations]"
Change component parameters (AddParameter): Name = "Корпус"; Value = "SMC"; VariantName = "[No Variations]"
Change component parameters (AddParameter): Name = "Наименование"; Value = "PESD3V3L5UY "; VariantName = "[No Variations]"
Change component parameters (AddParameter): Name = "Напряжение"; Value = "3.3V"; VariantName = "[No Variations]"
Change component parameters (AddParameter): Name = "Номинал"; Value = ""; VariantName = "[No Variations]"
Change component parameters (AddParameter): Name = "Поставщик"; Value = ""; VariantName = "[No Variations]"
Change component parameters (AddParameter): Name = "Примечания"; Value = ""; VariantName = "[No Variations]"
Change component parameters (AddParameter): Name = "Тип"; Value = "Диод"; VariantName = "[No Variations]"
Change component parameters: Designator = "VT1"; Footprint = "SOT-23"; UniqueID = "\VACZZYHA"
Change component parameters. Clean all parameters for all variants
Change component parameters (AddParameter): Name = "Идентификатор"; Value = ""; VariantName = "[No Variations]"
Change component parameters (AddParameter): Name = "Корпус"; Value = "SOT-23"; VariantName = "[No Variations]"
Change component parameters (AddParameter): Name = "Наименование"; Value = "BC847B"; VariantName = "[No Variations]"
Change component parameters (AddParameter): Name = "Напряжение"; Value = " 45В"; VariantName = "[No Variations]"
Change component parameters (AddParameter): Name = "Номинал"; Value = " 0.1А"; VariantName = "[No Variations]"
Change component parameters (AddParameter): Name = "Поставщик"; Value = ""; VariantName = "[No Variations]"
Change component parameters (AddParameter): Name = "Примечания"; Value = ""; VariantName = "[No Variations]"
Change component parameters (AddParameter): Name = "Тип"; Value = "NPN"; VariantName = "[No Variations]"
Change component parameters: Designator = "XS1"; Footprint = "SD card connector2"; UniqueID = "\HYNWCJLD"
Change component parameters. Clean all parameters for all variants
Change component parameters (AddParameter): Name = "Наименование"; Value = "DM3DAT-SF"; VariantName = "[No Variations]"
Change component parameters (AddParameter): Name = "Примечание "; Value = "microSD"; VariantName = "[No Variations]"
Change component parameters: Designator = "XS3"; Footprint = "XS_8P8C (RJ45)"; UniqueID = "\BXBHTFNK"
Change component parameters. Clean all parameters for all variants
Change component parameters (AddParameter): Name = "Идентификатор"; Value = "8P8C (RJ45)"; VariantName = "[No Variations]"
Change component parameters (AddParameter): Name = "Наименование"; Value = "1-406541-1 "; VariantName = "[No Variations]"
Added Pin To Net: NetName=RS_B Pin=XS3-4
Added Pin To Net: NetName=RS_A Pin=XS3-5
Added Pin To Net: NetName=GND_RS Pin=XS3-8
