Removed Pin From Net: NetName=D_IN4 Pin=C46-1
Removed Pin From Net: NetName=D_GND Pin=C46-2
Removed Pin From Net: NetName=+5V_IN Pin=DA3_I4-1
Removed Pin From Net: NetName=NetDA3_I4_2 Pin=DA3_I4-2
Removed Pin From Net: NetName=D_GND Pin=DA3_I4-3
Removed Pin From Net: NetName=D_IN4 Pin=DD1-48
Removed Pin From Net: NetName=NetR30_1 Pin=R30-1
Removed Pin From Net: NetName=NetR30_2 Pin=R30-2
Removed Pin From Net: NetName=NetDD2_39 Pin=R30-3
Removed Pin From Net: NetName=NetDA3_I4_2 Pin=R30-5
Removed Pin From Net: NetName=D_GND Pin=R30-6
Removed Pin From Net: NetName=NetDA3_I2_2 Pin=R30-7
Removed Pin From Net: NetName=NetDA3_I1_2 Pin=R30-8
Removed Pin From Net: NetName=+3.3V_D Pin=R47_I4-2
Removed Pin From Net: NetName=D_IN4 Pin=R49-4
Removed Pin From Net: NetName=NetDA3_I3_2 Pin=R49-6
Removed Pin From Net: NetName=NetR50_1 Pin=R50-1
Removed Pin From Net: NetName=NetR50_2 Pin=R50-2
Removed Pin From Net: NetName=D_IN3 Pin=R50-3
Removed Pin From Net: NetName=SD_DAT2 Pin=R50-4
Removed Pin From Net: NetName=+3.3V_D Pin=R50-5
Removed Pin From Net: NetName=NetDA3_I3_4 Pin=R50-6
Removed Pin From Net: NetName=NetKL1_O2_1 Pin=R50-7
Removed Pin From Net: NetName=NetKL1_O1_1 Pin=R50-8
Removed Pin From Net: NetName=D_O1 Pin=R51-1
Removed Pin From Net: NetName=D_O2 Pin=R51-2
Removed Pin From Net: NetName=NetR51_3 Pin=R51-3
Removed Pin From Net: NetName=SD_SW Pin=R51-4
Removed Pin From Net: NetName=NetKL1_O3_1 Pin=R51-6
Removed Pin From Net: NetName=NetR48_O2_1 Pin=R51-7
Removed Pin From Net: NetName=NetR48_O1_1 Pin=R51-8
Removed Pin From Net: NetName=SD_CLK Pin=R52-1
Removed Pin From Net: NetName=SD_CMD/SDI Pin=R52-2
Removed Pin From Net: NetName=D_O3 Pin=R52-3
Removed Pin From Net: NetName=NetR48_O3_1 Pin=R52-6
Removed Pin From Net: NetName=+3.3V_D Pin=R52-7
Removed Pin From Net: NetName=+3.3V_D Pin=R52-8
Removed Pin From Net: NetName=SD_DAT0/SDO Pin=R59-1
Removed Pin From Net: NetName=Store_/WC Pin=R59-2
Removed Pin From Net: NetName=+3.3V_D Pin=R59-6
Removed Pin From Net: NetName=NetDD6_7 Pin=R59-7
Removed Pin From Net: NetName=+3.3V_D Pin=R59-8
Removed Pin From Net: NetName=Store_E2 Pin=R60-1
Removed Pin From Net: NetName=SD_DAT1 Pin=R60-2
Removed Pin From Net: NetName=SD_DAT3/CS Pin=R60-3
Removed Pin From Net: NetName=+3.3V_D Pin=R60-6
Removed Pin From Net: NetName=+3.3V_D Pin=R60-7
Removed Pin From Net: NetName=NetDD6_3 Pin=R60-8
Removed Pin From Net: NetName=Store_SDA Pin=R63-3
Removed Pin From Net: NetName=NetDD6_5 Pin=R63-6
Removed Pin From Net: NetName=NetDA3_I4_2 Pin=VD21_I4-1
Removed Pin From Net: NetName=+5V_IN Pin=VD21_I4-2
Removed Pin From Net: NetName=NetR51_3 Pin=XS9-3
Removed Member From Class: ClassName=U_DI_DO Member=C46
Removed Member From Class: ClassName=U_Store Member=R59
Removed Member From Class: ClassName=U_Store Member=R60
Removed Member From Class: ClassName=U_Store Member=R63
Removed Member From Class: ClassName=D_IN[1..4] Member=D_IN4
Change component parameters: Designator = "XS6"; Footprint = "XS_8P8C (RJ45)"; UniqueID = "\LGIQVVCC\WRZVSIBA"
Change component parameters. Clean all parameters for all variants
Change component parameters (AddParameter): Name = "Идентификатор"; Value = "8P8C (RJ45)"; VariantName = "[No Variations]"
Change component parameters (AddParameter): Name = "Наименование"; Value = "1-406541-1 "; VariantName = "[No Variations]"
Change component parameters: Designator = "VD1"; Footprint = "VD_SMA_(Do-214AC)"; UniqueID = "\WVQDCVYE"
Change component parameters. Clean all parameters for all variants
Change component parameters (AddParameter): Name = "Идентификатор"; Value = ""; VariantName = "[No Variations]"
Change component parameters (AddParameter): Name = "Корпус"; Value = "SMA"; VariantName = "[No Variations]"
Change component parameters (AddParameter): Name = "Наименование"; Value = "10MQ030NPBF"; VariantName = "[No Variations]"
Change component parameters (AddParameter): Name = "Напряжение"; Value = "30В "; VariantName = "[No Variations]"
Change component parameters (AddParameter): Name = "Номинал"; Value = "1А"; VariantName = "[No Variations]"
Change component parameters (AddParameter): Name = "Поставщик"; Value = "chipdip"; VariantName = "[No Variations]"
Change component parameters (AddParameter): Name = "Примечания"; Value = ""; VariantName = "[No Variations]"
Change component parameters (AddParameter): Name = "Тип"; Value = "Диод Шоттки"; VariantName = "[No Variations]"
Change component parameters: Designator = "VD5"; Footprint = "VD_SMA_(Do-214AC)"; UniqueID = "\GOXXNVTG"
Change component parameters. Clean all parameters for all variants
Change component parameters (AddParameter): Name = "Идентификатор"; Value = ""; VariantName = "[No Variations]"
Change component parameters (AddParameter): Name = "Корпус"; Value = "SMA"; VariantName = "[No Variations]"
Change component parameters (AddParameter): Name = "Наименование"; Value = "10MQ030NPBF"; VariantName = "[No Variations]"
Change component parameters (AddParameter): Name = "Напряжение"; Value = "30В "; VariantName = "[No Variations]"
Change component parameters (AddParameter): Name = "Номинал"; Value = "1А"; VariantName = "[No Variations]"
Change component parameters (AddParameter): Name = "Поставщик"; Value = "chipdip"; VariantName = "[No Variations]"
Change component parameters (AddParameter): Name = "Примечания"; Value = ""; VariantName = "[No Variations]"
Change component parameters (AddParameter): Name = "Тип"; Value = "Диод Шоттки"; VariantName = "[No Variations]"
Change component parameters: Designator = "VD7"; Footprint = "VD_SMA_(Do-214AC)"; UniqueID = "\CEFQUZID"
Change component parameters. Clean all parameters for all variants
Change component parameters (AddParameter): Name = "Идентификатор"; Value = ""; VariantName = "[No Variations]"
Change component parameters (AddParameter): Name = "Корпус"; Value = "SMA"; VariantName = "[No Variations]"
Change component parameters (AddParameter): Name = "Наименование"; Value = "10MQ030NPBF"; VariantName = "[No Variations]"
Change component parameters (AddParameter): Name = "Напряжение"; Value = "30В "; VariantName = "[No Variations]"
Change component parameters (AddParameter): Name = "Номинал"; Value = "1А"; VariantName = "[No Variations]"
Change component parameters (AddParameter): Name = "Поставщик"; Value = "chipdip"; VariantName = "[No Variations]"
Change component parameters (AddParameter): Name = "Примечания"; Value = ""; VariantName = "[No Variations]"
Change component parameters (AddParameter): Name = "Тип"; Value = "Диод Шоттки"; VariantName = "[No Variations]"
Change component parameters: Designator = "VD18"; Footprint = "VD_SMA_(Do-214AC)"; UniqueID = "\LGIQVVCC\TTSADZWD"
Change component parameters. Clean all parameters for all variants
Change component parameters (AddParameter): Name = "Идентификатор"; Value = ""; VariantName = "[No Variations]"
Change component parameters (AddParameter): Name = "Корпус"; Value = "SMA"; VariantName = "[No Variations]"
Change component parameters (AddParameter): Name = "Наименование"; Value = "10MQ030NPBF"; VariantName = "[No Variations]"
Change component parameters (AddParameter): Name = "Напряжение"; Value = "30В "; VariantName = "[No Variations]"
Change component parameters (AddParameter): Name = "Номинал"; Value = "1А"; VariantName = "[No Variations]"
Change component parameters (AddParameter): Name = "Поставщик"; Value = "chipdip"; VariantName = "[No Variations]"
Change component parameters (AddParameter): Name = "Примечания"; Value = ""; VariantName = "[No Variations]"
Change component parameters (AddParameter): Name = "Тип"; Value = "Диод Шоттки"; VariantName = "[No Variations]"
Change component parameters: Designator = "VD25"; Footprint = "VD_SMA_(Do-214AC)"; UniqueID = "\DFCJIMTY\AWOSABZT"
Change component parameters. Clean all parameters for all variants
Change component parameters (AddParameter): Name = "Идентификатор"; Value = ""; VariantName = "[No Variations]"
Change component parameters (AddParameter): Name = "Корпус"; Value = "SMA"; VariantName = "[No Variations]"
Change component parameters (AddParameter): Name = "Наименование"; Value = "10MQ030NPBF"; VariantName = "[No Variations]"
Change component parameters (AddParameter): Name = "Напряжение"; Value = "30В "; VariantName = "[No Variations]"
Change component parameters (AddParameter): Name = "Номинал"; Value = "1А"; VariantName = "[No Variations]"
Change component parameters (AddParameter): Name = "Поставщик"; Value = "chipdip"; VariantName = "[No Variations]"
Change component parameters (AddParameter): Name = "Примечания"; Value = ""; VariantName = "[No Variations]"
Change component parameters (AddParameter): Name = "Тип"; Value = "Диод Шоттки"; VariantName = "[No Variations]"
Change component parameters: Designator = "VD30"; Footprint = "VD_SMA_(Do-214AC)"; UniqueID = "\LGIQVVCC\QDLCQNAY\VIWUKFUK"
Change component parameters. Clean all parameters for all variants
Change component parameters (AddParameter): Name = "Идентификатор"; Value = ""; VariantName = "[No Variations]"
Change component parameters (AddParameter): Name = "Корпус"; Value = "SMA"; VariantName = "[No Variations]"
Change component parameters (AddParameter): Name = "Наименование"; Value = "10MQ030NPBF"; VariantName = "[No Variations]"
Change component parameters (AddParameter): Name = "Напряжение"; Value = "30В "; VariantName = "[No Variations]"
Change component parameters (AddParameter): Name = "Номинал"; Value = "1А"; VariantName = "[No Variations]"
Change component parameters (AddParameter): Name = "Поставщик"; Value = "chipdip"; VariantName = "[No Variations]"
Change component parameters (AddParameter): Name = "Примечания"; Value = ""; VariantName = "[No Variations]"
Change component parameters (AddParameter): Name = "Тип"; Value = "Диод Шоттки"; VariantName = "[No Variations]"
Change component parameters: Designator = "R41"; Footprint = "RES_0805_(2x1.2x0.45)_0.125Вт"; UniqueID = "\GNOTPESG\YCNVISEB"
Change component parameters. Clean all parameters for all variants
Change component parameters (AddParameter): Name = "Идентификатор"; Value = "RC0805FR-0712K4L"; VariantName = "[No Variations]"
Change component parameters (AddParameter): Name = "Корпус"; Value = "0805"; VariantName = "[No Variations]"
Change component parameters (AddParameter): Name = "Наименование"; Value = "RC0805FR-0712K4L"; VariantName = "[No Variations]"
Change component parameters (AddParameter): Name = "Напряжение"; Value = ""; VariantName = "[No Variations]"
Change component parameters (AddParameter): Name = "Номинал"; Value = "12.4 k "; VariantName = "[No Variations]"
Change component parameters (AddParameter): Name = "Поставщик"; Value = ""; VariantName = "[No Variations]"
Change component parameters (AddParameter): Name = "Примечания"; Value = "1%"; VariantName = "[No Variations]"
Change component parameters (AddParameter): Name = "Тип"; Value = "Резистор"; VariantName = "[No Variations]"
Change component parameters: Designator = "VD27"; Footprint = "VD_SMC_(Do-214AB)"; UniqueID = "\DFCJIMTY\YJYYIAUB"
Change component parameters. Clean all parameters for all variants
Change component parameters (AddParameter): Name = "Идентификатор"; Value = ""; VariantName = "[No Variations]"
Change component parameters (AddParameter): Name = "Корпус"; Value = "SMC"; VariantName = "[No Variations]"
Change component parameters (AddParameter): Name = "Наименование"; Value = "SM15T30A"; VariantName = "[No Variations]"
Change component parameters (AddParameter): Name = "Напряжение"; Value = "30В"; VariantName = "[No Variations]"
Change component parameters (AddParameter): Name = "Номинал"; Value = " 41.5В 36А 10/1000мкс"; VariantName = "[No Variations]"
Change component parameters (AddParameter): Name = "Поставщик"; Value = ""; VariantName = "[No Variations]"
Change component parameters (AddParameter): Name = "Примечания"; Value = ""; VariantName = "[No Variations]"
Change component parameters (AddParameter): Name = "Тип"; Value = "Диод"; VariantName = "[No Variations]"
Change component parameters: Designator = "BQ3"; Footprint = "Xtal_HC49S"; UniqueID = "\GNOTPESG\XEDQWYQI"
Change component parameters. Clean all parameters for all variants
Change component parameters (AddParameter): Name = "Идентификатор"; Value = "HC-49S 25 MHz"; VariantName = "[No Variations]"
Change component parameters (AddParameter): Name = "Корпус"; Value = "HC-49S"; VariantName = "[No Variations]"
Change component parameters (AddParameter): Name = "Наименование"; Value = "HC-49S 25 MHz"; VariantName = "[No Variations]"
Change component parameters (AddParameter): Name = "Напряжение"; Value = ""; VariantName = "[No Variations]"
Change component parameters (AddParameter): Name = "Номинал"; Value = "25Mhz"; VariantName = "[No Variations]"
Change component parameters (AddParameter): Name = "Поставщик"; Value = "chipdip "; VariantName = "[No Variations]"
Change component parameters (AddParameter): Name = "Примечания"; Value = ""; VariantName = "[No Variations]"
Change component parameters (AddParameter): Name = "Тип"; Value = ""; VariantName = "[No Variations]"
Change component parameters: Designator = "DD4"; Footprint = "SO-8_(0.15')"; UniqueID = "\LGIQVVCC\QDLCQNAY\DXUERMXB"
Change component parameters. Clean all parameters for all variants
Change component parameters (AddParameter): Name = "Идентификатор"; Value = "ST3485EBDR"; VariantName = "[No Variations]"
Change component parameters (AddParameter): Name = "Корпус"; Value = "SOIC-8"; VariantName = "[No Variations]"
Change component parameters (AddParameter): Name = "Наименование"; Value = "ST3485EBDR"; VariantName = "[No Variations]"
Change component parameters (AddParameter): Name = "Напряжение"; Value = ""; VariantName = "[No Variations]"
Change component parameters (AddParameter): Name = "Номинал"; Value = ""; VariantName = "[No Variations]"
Change component parameters (AddParameter): Name = "Поставщик"; Value = ""; VariantName = "[No Variations]"
Change component parameters (AddParameter): Name = "Примечания"; Value = " rs422, rs485 приемопередатчик"; VariantName = "[No Variations]"
Change component parameters (AddParameter): Name = "Тип"; Value = ""; VariantName = "[No Variations]"
Change component parameters: Designator = "VD17"; Footprint = "SOT-363"; UniqueID = "\PZGZDLXQ\MARZRSET"
Change component parameters. Clean all parameters for all variants
Change component parameters (AddParameter): Name = "Идентификатор"; Value = "PESD3V3L5UY "; VariantName = "[No Variations]"
Change component parameters (AddParameter): Name = "Корпус"; Value = "SMC"; VariantName = "[No Variations]"
Change component parameters (AddParameter): Name = "Наименование"; Value = "PESD3V3L5UY "; VariantName = "[No Variations]"
Change component parameters (AddParameter): Name = "Напряжение"; Value = "3.3V"; VariantName = "[No Variations]"
Change component parameters (AddParameter): Name = "Номинал"; Value = ""; VariantName = "[No Variations]"
Change component parameters (AddParameter): Name = "Поставщик"; Value = ""; VariantName = "[No Variations]"
Change component parameters (AddParameter): Name = "Примечания"; Value = ""; VariantName = "[No Variations]"
Change component parameters (AddParameter): Name = "Тип"; Value = "Диод"; VariantName = "[No Variations]"
Change component parameters: Designator = "XS11"; Footprint = "SD card connector2"; UniqueID = "\YWGLTNAH\ZYGPAONS"
Change component parameters. Clean all parameters for all variants
Change component parameters (AddParameter): Name = "Наименование"; Value = "DM3DAT-SF"; VariantName = "[No Variations]"
Change component parameters (AddParameter): Name = "Примечание "; Value = "microSD"; VariantName = "[No Variations]"
Change component parameters: Designator = "R52"; Footprint = "YC-164"; UniqueID = "\YWGLTNAH\ZQOYRMWK"
Change component parameters. Clean all parameters for all variants
Change component parameters (AddParameter): Name = "Идентификатор"; Value = "YC164-JR-071KL"; VariantName = "[No Variations]"
Change component parameters (AddParameter): Name = "Корпус"; Value = "1206U"; VariantName = "[No Variations]"
Change component parameters (AddParameter): Name = "Наименование"; Value = "YC164-JR-071KL"; VariantName = "[No Variations]"
Change component parameters (AddParameter): Name = "Напряжение"; Value = ""; VariantName = "[No Variations]"
Change component parameters (AddParameter): Name = "Номинал"; Value = "1k"; VariantName = "[No Variations]"
Change component parameters (AddParameter): Name = "Поставщик"; Value = ""; VariantName = "[No Variations]"
Change component parameters (AddParameter): Name = "Примечания"; Value = ""; VariantName = "[No Variations]"
Change component parameters (AddParameter): Name = "Тип"; Value = "Резистор"; VariantName = "[No Variations]"
Added Component: Designator=R30(YC-164)
Add component. Clean all parameters for all variants
Add component (AddParameter): Name = "Идентификатор"; Value = "YC164-JR-07330RL"; VariantName = "[No Variations]"
Add component (AddParameter): Name = "Корпус"; Value = "1206U"; VariantName = "[No Variations]"
Add component (AddParameter): Name = "Наименование"; Value = "YC164-JR-07330RL"; VariantName = "[No Variations]"
Add component (AddParameter): Name = "Напряжение"; Value = ""; VariantName = "[No Variations]"
Add component (AddParameter): Name = "Номинал"; Value = "330"; VariantName = "[No Variations]"
Add component (AddParameter): Name = "Поставщик"; Value = ""; VariantName = "[No Variations]"
Add component (AddParameter): Name = "Примечания"; Value = ""; VariantName = "[No Variations]"
Add component (AddParameter): Name = "Тип"; Value = "Резистор"; VariantName = "[No Variations]"
Added Component: Designator=R50(YC-164)
Add component. Clean all parameters for all variants
Add component (AddParameter): Name = "Идентификатор"; Value = "YC164-JR-0710KL"; VariantName = "[No Variations]"
Add component (AddParameter): Name = "Корпус"; Value = "1206U"; VariantName = "[No Variations]"
Add component (AddParameter): Name = "Наименование"; Value = "YC164-JR-0710KL"; VariantName = "[No Variations]"
Add component (AddParameter): Name = "Напряжение"; Value = ""; VariantName = "[No Variations]"
Add component (AddParameter): Name = "Номинал"; Value = "10k"; VariantName = "[No Variations]"
Add component (AddParameter): Name = "Поставщик"; Value = ""; VariantName = "[No Variations]"
Add component (AddParameter): Name = "Примечания"; Value = ""; VariantName = "[No Variations]"
Add component (AddParameter): Name = "Тип"; Value = "Резистор"; VariantName = "[No Variations]"
Added Component: Designator=R50(YC-164)
Add component. Clean all parameters for all variants
Add component (AddParameter): Name = "Идентификатор"; Value = "YC164-JR-0751RL"; VariantName = "[No Variations]"
Add component (AddParameter): Name = "Корпус"; Value = "1206U"; VariantName = "[No Variations]"
Add component (AddParameter): Name = "Наименование"; Value = "YC164-JR-0751RL"; VariantName = "[No Variations]"
Add component (AddParameter): Name = "Напряжение"; Value = ""; VariantName = "[No Variations]"
Add component (AddParameter): Name = "Номинал"; Value = "51"; VariantName = "[No Variations]"
Add component (AddParameter): Name = "Поставщик"; Value = ""; VariantName = "[No Variations]"
Add component (AddParameter): Name = "Примечания"; Value = ""; VariantName = "[No Variations]"
Add component (AddParameter): Name = "Тип"; Value = "Резистор"; VariantName = "[No Variations]"
Added Component: Designator=R50(YC-164)
Add component. Clean all parameters for all variants
Add component (AddParameter): Name = "Идентификатор"; Value = "YC164-JR-0751RL"; VariantName = "[No Variations]"
Add component (AddParameter): Name = "Корпус"; Value = "1206U"; VariantName = "[No Variations]"
Add component (AddParameter): Name = "Наименование"; Value = "YC164-JR-0751RL"; VariantName = "[No Variations]"
Add component (AddParameter): Name = "Напряжение"; Value = ""; VariantName = "[No Variations]"
Add component (AddParameter): Name = "Номинал"; Value = "51"; VariantName = "[No Variations]"
Add component (AddParameter): Name = "Поставщик"; Value = ""; VariantName = "[No Variations]"
Add component (AddParameter): Name = "Примечания"; Value = ""; VariantName = "[No Variations]"
Add component (AddParameter): Name = "Тип"; Value = "Резистор"; VariantName = "[No Variations]"
Added Component: Designator=R51(YC-164)
Add component. Clean all parameters for all variants
Add component (AddParameter): Name = "Идентификатор"; Value = "YC164-JR-0710KL"; VariantName = "[No Variations]"
Add component (AddParameter): Name = "Корпус"; Value = "1206U"; VariantName = "[No Variations]"
Add component (AddParameter): Name = "Наименование"; Value = "YC164-JR-0710KL"; VariantName = "[No Variations]"
Add component (AddParameter): Name = "Напряжение"; Value = ""; VariantName = "[No Variations]"
Add component (AddParameter): Name = "Номинал"; Value = "10k"; VariantName = "[No Variations]"
Add component (AddParameter): Name = "Поставщик"; Value = ""; VariantName = "[No Variations]"
Add component (AddParameter): Name = "Примечания"; Value = ""; VariantName = "[No Variations]"
Add component (AddParameter): Name = "Тип"; Value = "Резистор"; VariantName = "[No Variations]"
Added Component: Designator=R51(YC-164)
Add component. Clean all parameters for all variants
Add component (AddParameter): Name = "Идентификатор"; Value = "YC164-JR-07330RL"; VariantName = "[No Variations]"
Add component (AddParameter): Name = "Корпус"; Value = "1206U"; VariantName = "[No Variations]"
Add component (AddParameter): Name = "Наименование"; Value = "YC164-JR-07330RL"; VariantName = "[No Variations]"
Add component (AddParameter): Name = "Напряжение"; Value = ""; VariantName = "[No Variations]"
Add component (AddParameter): Name = "Номинал"; Value = "330"; VariantName = "[No Variations]"
Add component (AddParameter): Name = "Поставщик"; Value = ""; VariantName = "[No Variations]"
Add component (AddParameter): Name = "Примечания"; Value = ""; VariantName = "[No Variations]"
Add component (AddParameter): Name = "Тип"; Value = "Резистор"; VariantName = "[No Variations]"
Added Component: Designator=R51(YC-164)
Add component. Clean all parameters for all variants
Add component (AddParameter): Name = "Идентификатор"; Value = "YC164-JR-07330RL"; VariantName = "[No Variations]"
Add component (AddParameter): Name = "Корпус"; Value = "1206U"; VariantName = "[No Variations]"
Add component (AddParameter): Name = "Наименование"; Value = "YC164-JR-07330RL"; VariantName = "[No Variations]"
Add component (AddParameter): Name = "Напряжение"; Value = ""; VariantName = "[No Variations]"
Add component (AddParameter): Name = "Номинал"; Value = "330"; VariantName = "[No Variations]"
Add component (AddParameter): Name = "Поставщик"; Value = ""; VariantName = "[No Variations]"
Add component (AddParameter): Name = "Примечания"; Value = ""; VariantName = "[No Variations]"
Add component (AddParameter): Name = "Тип"; Value = "Резистор"; VariantName = "[No Variations]"
Added Pin To Net: NetName=NetR30_1 Pin=R30-1
Added Pin To Net: NetName=NetR30_2 Pin=R30-2
Added Pin To Net: NetName=NetDA3_I4_2 Pin=R30-3
Added Pin To Net: NetName=NetDD2_39 Pin=R30-3
Added Pin To Net: NetName=D_GND Pin=R30-6
Added Pin To Net: NetName=NetDA3_I3_2 Pin=R30-6
Added Pin To Net: NetName=NetDA3_I2_2 Pin=R30-7
Added Pin To Net: NetName=NetDA3_I1_2 Pin=R30-8
Added Pin To Net: NetName=D_IN3 Pin=R49-3
Added Pin To Net: NetName=NetDA3_I3_4 Pin=R49-6
Added Pin To Net: NetName=NetR50_1 Pin=R50-1
Added Pin To Net: NetName=SD_CLK Pin=R50-1
Added Pin To Net: NetName=NetR50_2 Pin=R50-2
Added Pin To Net: NetName=SD_CMD/SDI Pin=R50-2
Added Pin To Net: NetName=D_IN4 Pin=R50-3
Added Pin To Net: NetName=SD_DAT3/CS Pin=R50-3
Added Pin To Net: NetName=SD_DAT2 Pin=R50-4
Added Pin To Net: NetName=+3.3V_D Pin=R50-5
Added Pin To Net: NetName=+3.3V_D Pin=R50-6
Added Pin To Net: NetName=NetKL1_O3_1 Pin=R50-6
Added Pin To Net: NetName=+3.3V_D Pin=R50-7
Added Pin To Net: NetName=NetKL1_O2_1 Pin=R50-7
Added Pin To Net: NetName=+3.3V_D Pin=R50-8
Added Pin To Net: NetName=NetKL1_O1_1 Pin=R50-8
Added Pin To Net: NetName=D_O1 Pin=R51-1
Added Pin To Net: NetName=SD_DAT0/SDO Pin=R51-1
Added Pin To Net: NetName=D_O2 Pin=R51-2
Added Pin To Net: NetName=SD_DAT1 Pin=R51-2
Added Pin To Net: NetName=D_O3 Pin=R51-3
Added Pin To Net: NetName=NetR51_3 Pin=R51-3
Added Pin To Net: NetName=SD_SW Pin=R51-4
Added Pin To Net: NetName=NetR51_3 Pin=R51-5
Added Pin To Net: NetName=+3.3V_D Pin=R51-6
Added Pin To Net: NetName=NetR48_O3_1 Pin=R51-6
Added Pin To Net: NetName=+3.3V_D Pin=R51-7
Added Pin To Net: NetName=NetR48_O2_1 Pin=R51-7
Added Pin To Net: NetName=+3.3V_D Pin=R51-8
Added Pin To Net: NetName=NetR48_O1_1 Pin=R51-8
Added Pin To Net: NetName=Store_E2 Pin=R52-1
Added Pin To Net: NetName=Store_/WC Pin=R52-2
Added Pin To Net: NetName=Store_SDA Pin=R52-3
Added Pin To Net: NetName=NetDD6_5 Pin=R52-6
Added Pin To Net: NetName=NetDD6_7 Pin=R52-7
Added Pin To Net: NetName=NetDD6_3 Pin=R52-8
Added Pin To Net: NetName=NetDA3_I4_2 Pin=XS8-3
Added Pin To Net: NetName=D_IN4 Pin=XS9-3
Added Pin To Net: NetName=NetR51_3 Pin=XS11-SW_A
Change Net Name : Old Net Name=D_IN4 New Net Name=NetR50_3
Change Net Name : Old Net Name=NetDA3_I4_2 New Net Name=NetR30_3
Change Net Color : Old Net Color=RGB(255, 110, 255) New Net Color=Default
Change Class Name : Old Net Name=D_IN[1..4] New Net Name=D_IN[1..3]
Added Member To Class: ClassName=U_DI_DO Member=Component R30 сборка 4шт
Added Member To Class: ClassName=U_DI_DO Member=Component R50 сборка 4шт
Added Member To Class: ClassName=U_DI_DO Member=Component R50 сборка 4шт
Added Member To Class: ClassName=U_Store Member=Component R50 сборка 4шт
Added Member To Class: ClassName=U_DI_DO Member=Component R51 сборка 4шт
Added Member To Class: ClassName=U_DI_DO Member=Component R51 сборка 4шт
Added Member To Class: ClassName=U_Store Member=Component R51 сборка 4шт
