Change Component Designator: OldDesignator=O1_R70 NewDesignator=R70_O1
Change Component Designator: OldDesignator=O1_VD32 NewDesignator=VD32_O1
Change Component Designator: OldDesignator=O2_R70 NewDesignator=R70_O2
Change Component Designator: OldDesignator=O2_VD32 NewDesignator=VD32_O2
Change Component Designator: OldDesignator=O3_R70 NewDesignator=R70_O3
Change Component Designator: OldDesignator=O3_VD32 NewDesignator=VD32_O3
Change component parameters: Designator = "DD2"; Footprint = "LQFP_48_custom"; UniqueID = "\GNOTPESG\CMISEPUF"
Change component parameters. Clean all parameters for all variants
Change component parameters (AddParameter): Name = "Наименование"; Value = "W5500"; VariantName = "[No Variations]"
Change component parameters: Designator = "XS6"; Footprint = "XS_8P8C (RJ45)"; UniqueID = "\LGIQVVCC\WRZVSIBA"
Change component parameters. Clean all parameters for all variants
Change component parameters (AddParameter): Name = "Идентификатор"; Value = "8P8C (RJ45)"; VariantName = "[No Variations]"
Change component parameters (AddParameter): Name = "Наименование"; Value = "1-406541-1 "; VariantName = "[No Variations]"
Change component parameters: Designator = "XS12"; Footprint = "XS_8P8C (RJ45)"; UniqueID = "\LGIQVVCC\RPPVGIGN"
Change component parameters. Clean all parameters for all variants
Change component parameters (AddParameter): Name = "Идентификатор"; Value = "8P8C (RJ45)"; VariantName = "[No Variations]"
Change component parameters (AddParameter): Name = "Наименование"; Value = "1-406541-1 "; VariantName = "[No Variations]"
Change component parameters: Designator = "VD1"; Footprint = "VD_SMA_(Do-214AC)"; UniqueID = "\WVQDCVYE"
Change component parameters. Clean all parameters for all variants
Change component parameters (AddParameter): Name = "Идентификатор"; Value = ""; VariantName = "[No Variations]"
Change component parameters (AddParameter): Name = "Корпус"; Value = "SMA"; VariantName = "[No Variations]"
Change component parameters (AddParameter): Name = "Наименование"; Value = "10MQ030NPBF"; VariantName = "[No Variations]"
Change component parameters (AddParameter): Name = "Напряжение"; Value = "30В "; VariantName = "[No Variations]"
Change component parameters (AddParameter): Name = "Номинал"; Value = "1А"; VariantName = "[No Variations]"
Change component parameters (AddParameter): Name = "Поставщик"; Value = "chipdip"; VariantName = "[No Variations]"
Change component parameters (AddParameter): Name = "Примечания"; Value = ""; VariantName = "[No Variations]"
Change component parameters (AddParameter): Name = "Тип"; Value = "Диод Шоттки"; VariantName = "[No Variations]"
Change component parameters: Designator = "VD5"; Footprint = "VD_SMA_(Do-214AC)"; UniqueID = "\GOXXNVTG"
Change component parameters. Clean all parameters for all variants
Change component parameters (AddParameter): Name = "Идентификатор"; Value = ""; VariantName = "[No Variations]"
Change component parameters (AddParameter): Name = "Корпус"; Value = "SMA"; VariantName = "[No Variations]"
Change component parameters (AddParameter): Name = "Наименование"; Value = "10MQ030NPBF"; VariantName = "[No Variations]"
Change component parameters (AddParameter): Name = "Напряжение"; Value = "30В "; VariantName = "[No Variations]"
Change component parameters (AddParameter): Name = "Номинал"; Value = "1А"; VariantName = "[No Variations]"
Change component parameters (AddParameter): Name = "Поставщик"; Value = "chipdip"; VariantName = "[No Variations]"
Change component parameters (AddParameter): Name = "Примечания"; Value = ""; VariantName = "[No Variations]"
Change component parameters (AddParameter): Name = "Тип"; Value = "Диод Шоттки"; VariantName = "[No Variations]"
Change component parameters: Designator = "VD7"; Footprint = "VD_SMA_(Do-214AC)"; UniqueID = "\CEFQUZID"
Change component parameters. Clean all parameters for all variants
Change component parameters (AddParameter): Name = "Идентификатор"; Value = ""; VariantName = "[No Variations]"
Change component parameters (AddParameter): Name = "Корпус"; Value = "SMA"; VariantName = "[No Variations]"
Change component parameters (AddParameter): Name = "Наименование"; Value = "10MQ030NPBF"; VariantName = "[No Variations]"
Change component parameters (AddParameter): Name = "Напряжение"; Value = "30В "; VariantName = "[No Variations]"
Change component parameters (AddParameter): Name = "Номинал"; Value = "1А"; VariantName = "[No Variations]"
Change component parameters (AddParameter): Name = "Поставщик"; Value = "chipdip"; VariantName = "[No Variations]"
Change component parameters (AddParameter): Name = "Примечания"; Value = ""; VariantName = "[No Variations]"
Change component parameters (AddParameter): Name = "Тип"; Value = "Диод Шоттки"; VariantName = "[No Variations]"
Change component parameters: Designator = "VD18"; Footprint = "VD_SMA_(Do-214AC)"; UniqueID = "\LGIQVVCC\TTSADZWD"
Change component parameters. Clean all parameters for all variants
Change component parameters (AddParameter): Name = "Идентификатор"; Value = ""; VariantName = "[No Variations]"
Change component parameters (AddParameter): Name = "Корпус"; Value = "SMA"; VariantName = "[No Variations]"
Change component parameters (AddParameter): Name = "Наименование"; Value = "10MQ030NPBF"; VariantName = "[No Variations]"
Change component parameters (AddParameter): Name = "Напряжение"; Value = "30В "; VariantName = "[No Variations]"
Change component parameters (AddParameter): Name = "Номинал"; Value = "1А"; VariantName = "[No Variations]"
Change component parameters (AddParameter): Name = "Поставщик"; Value = "chipdip"; VariantName = "[No Variations]"
Change component parameters (AddParameter): Name = "Примечания"; Value = ""; VariantName = "[No Variations]"
Change component parameters (AddParameter): Name = "Тип"; Value = "Диод Шоттки"; VariantName = "[No Variations]"
Change component parameters: Designator = "VD25"; Footprint = "VD_SMA_(Do-214AC)"; UniqueID = "\DFCJIMTY\AWOSABZT"
Change component parameters. Clean all parameters for all variants
Change component parameters (AddParameter): Name = "Идентификатор"; Value = ""; VariantName = "[No Variations]"
Change component parameters (AddParameter): Name = "Корпус"; Value = "SMA"; VariantName = "[No Variations]"
Change component parameters (AddParameter): Name = "Наименование"; Value = "10MQ030NPBF"; VariantName = "[No Variations]"
Change component parameters (AddParameter): Name = "Напряжение"; Value = "30В "; VariantName = "[No Variations]"
Change component parameters (AddParameter): Name = "Номинал"; Value = "1А"; VariantName = "[No Variations]"
Change component parameters (AddParameter): Name = "Поставщик"; Value = "chipdip"; VariantName = "[No Variations]"
Change component parameters (AddParameter): Name = "Примечания"; Value = ""; VariantName = "[No Variations]"
Change component parameters (AddParameter): Name = "Тип"; Value = "Диод Шоттки"; VariantName = "[No Variations]"
Change component parameters: Designator = "VD30"; Footprint = "VD_SMA_(Do-214AC)"; UniqueID = "\LGIQVVCC\QDLCQNAY\VIWUKFUK"
Change component parameters. Clean all parameters for all variants
Change component parameters (AddParameter): Name = "Идентификатор"; Value = ""; VariantName = "[No Variations]"
Change component parameters (AddParameter): Name = "Корпус"; Value = "SMA"; VariantName = "[No Variations]"
Change component parameters (AddParameter): Name = "Наименование"; Value = "10MQ030NPBF"; VariantName = "[No Variations]"
Change component parameters (AddParameter): Name = "Напряжение"; Value = "30В "; VariantName = "[No Variations]"
Change component parameters (AddParameter): Name = "Номинал"; Value = "1А"; VariantName = "[No Variations]"
Change component parameters (AddParameter): Name = "Поставщик"; Value = "chipdip"; VariantName = "[No Variations]"
Change component parameters (AddParameter): Name = "Примечания"; Value = ""; VariantName = "[No Variations]"
Change component parameters (AddParameter): Name = "Тип"; Value = "Диод Шоттки"; VariantName = "[No Variations]"
Change component parameters: Designator = "R43"; Footprint = "RES_0805_(2x1.2x0.45)_0.125Вт"; UniqueID = "\GNOTPESG\YCNVISEB"
Change component parameters. Clean all parameters for all variants
Change component parameters (AddParameter): Name = "Идентификатор"; Value = "RC0805FR-0712K4L"; VariantName = "[No Variations]"
Change component parameters (AddParameter): Name = "Корпус"; Value = "0805"; VariantName = "[No Variations]"
Change component parameters (AddParameter): Name = "Наименование"; Value = "RC0805FR-0712K4L"; VariantName = "[No Variations]"
Change component parameters (AddParameter): Name = "Напряжение"; Value = ""; VariantName = "[No Variations]"
Change component parameters (AddParameter): Name = "Номинал"; Value = "12.4 k "; VariantName = "[No Variations]"
Change component parameters (AddParameter): Name = "Поставщик"; Value = ""; VariantName = "[No Variations]"
Change component parameters (AddParameter): Name = "Примечания"; Value = "1%"; VariantName = "[No Variations]"
Change component parameters (AddParameter): Name = "Тип"; Value = "Резистор"; VariantName = "[No Variations]"
Change component parameters: Designator = "VD27"; Footprint = "VD_SMC_(Do-214AB)"; UniqueID = "\DFCJIMTY\YJYYIAUB"
Change component parameters. Clean all parameters for all variants
Change component parameters (AddParameter): Name = "Идентификатор"; Value = ""; VariantName = "[No Variations]"
Change component parameters (AddParameter): Name = "Корпус"; Value = "SMC"; VariantName = "[No Variations]"
Change component parameters (AddParameter): Name = "Наименование"; Value = "SM15T30A"; VariantName = "[No Variations]"
Change component parameters (AddParameter): Name = "Напряжение"; Value = "30В"; VariantName = "[No Variations]"
Change component parameters (AddParameter): Name = "Номинал"; Value = " 41.5В 36А 10/1000мкс"; VariantName = "[No Variations]"
Change component parameters (AddParameter): Name = "Поставщик"; Value = ""; VariantName = "[No Variations]"
Change component parameters (AddParameter): Name = "Примечания"; Value = ""; VariantName = "[No Variations]"
Change component parameters (AddParameter): Name = "Тип"; Value = "Диод"; VariantName = "[No Variations]"
Change component parameters: Designator = "BQ3"; Footprint = "Xtal_HC49S"; UniqueID = "\GNOTPESG\XEDQWYQI"
Change component parameters. Clean all parameters for all variants
Change component parameters (AddParameter): Name = "Идентификатор"; Value = "HC-49S 25 MHz"; VariantName = "[No Variations]"
Change component parameters (AddParameter): Name = "Корпус"; Value = "HC-49S"; VariantName = "[No Variations]"
Change component parameters (AddParameter): Name = "Наименование"; Value = "HC-49S 25 MHz"; VariantName = "[No Variations]"
Change component parameters (AddParameter): Name = "Напряжение"; Value = ""; VariantName = "[No Variations]"
Change component parameters (AddParameter): Name = "Номинал"; Value = "25Mhz"; VariantName = "[No Variations]"
Change component parameters (AddParameter): Name = "Поставщик"; Value = "chipdip "; VariantName = "[No Variations]"
Change component parameters (AddParameter): Name = "Примечания"; Value = ""; VariantName = "[No Variations]"
Change component parameters (AddParameter): Name = "Тип"; Value = ""; VariantName = "[No Variations]"
Change component parameters: Designator = "DD4"; Footprint = "SO-8_(0.15')"; UniqueID = "\LGIQVVCC\QDLCQNAY\DXUERMXB"
Change component parameters. Clean all parameters for all variants
Change component parameters (AddParameter): Name = "Идентификатор"; Value = "ST3485EBDR"; VariantName = "[No Variations]"
Change component parameters (AddParameter): Name = "Корпус"; Value = "SOIC-8"; VariantName = "[No Variations]"
Change component parameters (AddParameter): Name = "Наименование"; Value = "ST3485EBDR"; VariantName = "[No Variations]"
Change component parameters (AddParameter): Name = "Напряжение"; Value = ""; VariantName = "[No Variations]"
Change component parameters (AddParameter): Name = "Номинал"; Value = ""; VariantName = "[No Variations]"
Change component parameters (AddParameter): Name = "Поставщик"; Value = ""; VariantName = "[No Variations]"
Change component parameters (AddParameter): Name = "Примечания"; Value = " rs422, rs485 приемопередатчик"; VariantName = "[No Variations]"
Change component parameters (AddParameter): Name = "Тип"; Value = ""; VariantName = "[No Variations]"
Change component parameters: Designator = "XP4"; Footprint = "XP_7_H_Pin"; UniqueID = "\PZGZDLXQ\WIVYVSHW"
Change component parameters. Clean all parameters for all variants
Change component parameters (AddParameter): Name = "Аналог"; Value = "PH1MR-140GBOOT6.0-U"; VariantName = "[No Variations]"
Change component parameters (AddParameter): Name = "Идентификатор"; Value = "PLS-10R "; VariantName = "[No Variations]"
Change component parameters (AddParameter): Name = "Корпус"; Value = ""; VariantName = "[No Variations]"
Change component parameters (AddParameter): Name = "Наименование"; Value = "PLS-10R "; VariantName = "[No Variations]"
Change component parameters (AddParameter): Name = "Напряжение"; Value = ""; VariantName = "[No Variations]"
Change component parameters (AddParameter): Name = "Номинал"; Value = ""; VariantName = "[No Variations]"
Change component parameters (AddParameter): Name = "Поставщик"; Value = ""; VariantName = "[No Variations]"
Change component parameters (AddParameter): Name = "Примечания"; Value = "(DS-1022-1x10)"; VariantName = "[No Variations]"
Change component parameters (AddParameter): Name = "Тип"; Value = ""; VariantName = "[No Variations]"
Change component parameters: Designator = "XS11"; Footprint = "SD card connector2"; UniqueID = "\YWGLTNAH\ZYGPAONS"
Change component parameters. Clean all parameters for all variants
Change component parameters (AddParameter): Name = "Наименование"; Value = "DM3DAT-SF"; VariantName = "[No Variations]"
Change component parameters (AddParameter): Name = "Примечание "; Value = "microSD"; VariantName = "[No Variations]"
Change component parameters: Designator = "XS1"; Footprint = "XS_20_H_Pin"; UniqueID = "\PZGZDLXQ\EVJLUALB"
Change component parameters. Clean all parameters for all variants
Change component parameters (AddParameter): Name = "Идентификатор"; Value = "PBS-20R (DS-1024 -1x 20 - R)"; VariantName = "[No Variations]"
Change component parameters (AddParameter): Name = "Корпус"; Value = ""; VariantName = "[No Variations]"
Change component parameters (AddParameter): Name = "Наименование"; Value = "PBS-20R (DS-1024 -1x 20 - R)"; VariantName = "[No Variations]"
Change component parameters (AddParameter): Name = "Напряжение"; Value = ""; VariantName = "[No Variations]"
Change component parameters (AddParameter): Name = "Номинал"; Value = ""; VariantName = "[No Variations]"
Change component parameters (AddParameter): Name = "Поставщик"; Value = ""; VariantName = "[No Variations]"
Change component parameters (AddParameter): Name = "Примечания"; Value = "КУПИТЬ к нему PLS-20R (DS-1022-1x20)"; VariantName = "[No Variations]"
Change component parameters (AddParameter): Name = "Тип"; Value = ""; VariantName = "[No Variations]"
Added Component: Designator=WG1(WG240128B)
Add component. Clean all parameters for all variants
Add component (AddParameter): Name = "Идентификатор"; Value = ""; VariantName = "[No Variations]"
Add component (AddParameter): Name = "Корпус"; Value = ""; VariantName = "[No Variations]"
Add component (AddParameter): Name = "Наименование"; Value = ""; VariantName = "[No Variations]"
Add component (AddParameter): Name = "Напряжение"; Value = ""; VariantName = "[No Variations]"
Add component (AddParameter): Name = "Номинал"; Value = ""; VariantName = "[No Variations]"
Add component (AddParameter): Name = "Поставщик"; Value = ""; VariantName = "[No Variations]"
Add component (AddParameter): Name = "Примечания"; Value = ""; VariantName = "[No Variations]"
Add component (AddParameter): Name = "Тип"; Value = ""; VariantName = "[No Variations]"
Change Net Name : Old Net Name=NetO1_R70_2 New Net Name=NetR70_O1_2
Change Net Name : Old Net Name=NetO2_R70_2 New Net Name=NetR70_O2_2
Change Net Name : Old Net Name=NetO3_R70_2 New Net Name=NetR70_O3_2
Added Member To Class: ClassName=Main1 Member=Component C10 0805
Added Member To Class: ClassName=Main1 Member=Component C11 0805
Added Member To Class: ClassName=Main1 Member=Component WG1 WG240128B-TFH-VZ
