Removed Pin From Net: NetName=LCD_C/D(RS-FSMC_A16) Pin=XS1-4
Removed Pin From Net: NetName=LCD_/RD(FSMC_NOE) Pin=XS1-5
Removed Pin From Net: NetName=LCD_/WR(FSMC_NWE) Pin=XS1-6
Removed Pin From Net: NetName=LCD_DB0 Pin=XS1-7
Removed Pin From Net: NetName=LCD_DB1 Pin=XS1-8
Removed Pin From Net: NetName=LCD_DB2 Pin=XS1-9
Removed Pin From Net: NetName=LCD_DB3 Pin=XS1-10
Removed Pin From Net: NetName=LCD_DB4 Pin=XS1-11
Removed Pin From Net: NetName=LCD_DB5 Pin=XS1-12
Removed Pin From Net: NetName=LCD_DB6 Pin=XS1-13
Removed Pin From Net: NetName=LCD_DB7 Pin=XS1-14
Removed Pin From Net: NetName=LCD_/CE(CS-FSMC_NE1) Pin=XS1-15
Removed Pin From Net: NetName=LCD_Reset Pin=XS1-16
Removed Pin From Net: NetName=LCD_MD2 Pin=XS1-18
Removed Pin From Net: NetName=LCD_FS1 Pin=XS1-19
Added Component: Designator=C66(CA0612)
Add component. Clean all parameters for all variants
Add component (AddParameter): Name = "Идентификатор"; Value = "AC0612JRNPO9BN101"; VariantName = "[No Variations]"
Add component (AddParameter): Name = "Корпус"; Value = "0612"; VariantName = "[No Variations]"
Add component (AddParameter): Name = "Наименование"; Value = "AC0612JRNPO9BN101"; VariantName = "[No Variations]"
Add component (AddParameter): Name = "Напряжение"; Value = ""; VariantName = "[No Variations]"
Add component (AddParameter): Name = "Номинал"; Value = "100 pF"; VariantName = "[No Variations]"
Add component (AddParameter): Name = "Поставщик"; Value = ""; VariantName = "[No Variations]"
Add component (AddParameter): Name = "Примечания"; Value = ""; VariantName = "[No Variations]"
Add component (AddParameter): Name = "Тип"; Value = "Конденсатор"; VariantName = "[No Variations]"
Added Component: Designator=C67(CA0612)
Add component. Clean all parameters for all variants
Add component (AddParameter): Name = "Идентификатор"; Value = "AC0612JRNPO9BN101"; VariantName = "[No Variations]"
Add component (AddParameter): Name = "Корпус"; Value = "0612"; VariantName = "[No Variations]"
Add component (AddParameter): Name = "Наименование"; Value = "AC0612JRNPO9BN101"; VariantName = "[No Variations]"
Add component (AddParameter): Name = "Напряжение"; Value = ""; VariantName = "[No Variations]"
Add component (AddParameter): Name = "Номинал"; Value = "100 pF"; VariantName = "[No Variations]"
Add component (AddParameter): Name = "Поставщик"; Value = ""; VariantName = "[No Variations]"
Add component (AddParameter): Name = "Примечания"; Value = ""; VariantName = "[No Variations]"
Add component (AddParameter): Name = "Тип"; Value = "Конденсатор"; VariantName = "[No Variations]"
Added Component: Designator=C68(CA0612)
Add component. Clean all parameters for all variants
Add component (AddParameter): Name = "Идентификатор"; Value = "AC0612JRNPO9BN101"; VariantName = "[No Variations]"
Add component (AddParameter): Name = "Корпус"; Value = "0612"; VariantName = "[No Variations]"
Add component (AddParameter): Name = "Наименование"; Value = "AC0612JRNPO9BN101"; VariantName = "[No Variations]"
Add component (AddParameter): Name = "Напряжение"; Value = ""; VariantName = "[No Variations]"
Add component (AddParameter): Name = "Номинал"; Value = "100 pF"; VariantName = "[No Variations]"
Add component (AddParameter): Name = "Поставщик"; Value = ""; VariantName = "[No Variations]"
Add component (AddParameter): Name = "Примечания"; Value = ""; VariantName = "[No Variations]"
Add component (AddParameter): Name = "Тип"; Value = "Конденсатор"; VariantName = "[No Variations]"
Added Component: Designator=C69(CA0612)
Add component. Clean all parameters for all variants
Add component (AddParameter): Name = "Идентификатор"; Value = "AC0612JRNPO9BN101"; VariantName = "[No Variations]"
Add component (AddParameter): Name = "Корпус"; Value = "0612"; VariantName = "[No Variations]"
Add component (AddParameter): Name = "Наименование"; Value = "AC0612JRNPO9BN101"; VariantName = "[No Variations]"
Add component (AddParameter): Name = "Напряжение"; Value = ""; VariantName = "[No Variations]"
Add component (AddParameter): Name = "Номинал"; Value = "100 pF"; VariantName = "[No Variations]"
Add component (AddParameter): Name = "Поставщик"; Value = ""; VariantName = "[No Variations]"
Add component (AddParameter): Name = "Примечания"; Value = ""; VariantName = "[No Variations]"
Add component (AddParameter): Name = "Тип"; Value = "Конденсатор"; VariantName = "[No Variations]"
Added Component: Designator=C70(CA0612)
Add component. Clean all parameters for all variants
Add component (AddParameter): Name = "Идентификатор"; Value = "AC0612JRNPO9BN101"; VariantName = "[No Variations]"
Add component (AddParameter): Name = "Корпус"; Value = "0612"; VariantName = "[No Variations]"
Add component (AddParameter): Name = "Наименование"; Value = "AC0612JRNPO9BN101"; VariantName = "[No Variations]"
Add component (AddParameter): Name = "Напряжение"; Value = ""; VariantName = "[No Variations]"
Add component (AddParameter): Name = "Номинал"; Value = "100 pF"; VariantName = "[No Variations]"
Add component (AddParameter): Name = "Поставщик"; Value = ""; VariantName = "[No Variations]"
Add component (AddParameter): Name = "Примечания"; Value = ""; VariantName = "[No Variations]"
Add component (AddParameter): Name = "Тип"; Value = "Конденсатор"; VariantName = "[No Variations]"
Added Component: Designator=R75(YC-164)
Add component. Clean all parameters for all variants
Add component (AddParameter): Name = "Идентификатор"; Value = "YC164-JR-0751RL"; VariantName = "[No Variations]"
Add component (AddParameter): Name = "Корпус"; Value = "1206U"; VariantName = "[No Variations]"
Add component (AddParameter): Name = "Наименование"; Value = "YC164-JR-0751RL"; VariantName = "[No Variations]"
Add component (AddParameter): Name = "Напряжение"; Value = ""; VariantName = "[No Variations]"
Add component (AddParameter): Name = "Номинал"; Value = "51"; VariantName = "[No Variations]"
Add component (AddParameter): Name = "Поставщик"; Value = ""; VariantName = "[No Variations]"
Add component (AddParameter): Name = "Примечания"; Value = ""; VariantName = "[No Variations]"
Add component (AddParameter): Name = "Тип"; Value = "Резистор"; VariantName = "[No Variations]"
Added Component: Designator=R76(YC-164)
Add component. Clean all parameters for all variants
Add component (AddParameter): Name = "Идентификатор"; Value = "YC164-JR-0751RL"; VariantName = "[No Variations]"
Add component (AddParameter): Name = "Корпус"; Value = "1206U"; VariantName = "[No Variations]"
Add component (AddParameter): Name = "Наименование"; Value = "YC164-JR-0751RL"; VariantName = "[No Variations]"
Add component (AddParameter): Name = "Напряжение"; Value = ""; VariantName = "[No Variations]"
Add component (AddParameter): Name = "Номинал"; Value = "51"; VariantName = "[No Variations]"
Add component (AddParameter): Name = "Поставщик"; Value = ""; VariantName = "[No Variations]"
Add component (AddParameter): Name = "Примечания"; Value = ""; VariantName = "[No Variations]"
Add component (AddParameter): Name = "Тип"; Value = "Резистор"; VariantName = "[No Variations]"
Added Component: Designator=R77(YC-164)
Add component. Clean all parameters for all variants
Add component (AddParameter): Name = "Идентификатор"; Value = "YC164-JR-0751RL"; VariantName = "[No Variations]"
Add component (AddParameter): Name = "Корпус"; Value = "1206U"; VariantName = "[No Variations]"
Add component (AddParameter): Name = "Наименование"; Value = "YC164-JR-0751RL"; VariantName = "[No Variations]"
Add component (AddParameter): Name = "Напряжение"; Value = ""; VariantName = "[No Variations]"
Add component (AddParameter): Name = "Номинал"; Value = "51"; VariantName = "[No Variations]"
Add component (AddParameter): Name = "Поставщик"; Value = ""; VariantName = "[No Variations]"
Add component (AddParameter): Name = "Примечания"; Value = ""; VariantName = "[No Variations]"
Add component (AddParameter): Name = "Тип"; Value = "Резистор"; VariantName = "[No Variations]"
Added Component: Designator=R78(YC-164)
Add component. Clean all parameters for all variants
Add component (AddParameter): Name = "Идентификатор"; Value = "YC164-JR-0751RL"; VariantName = "[No Variations]"
Add component (AddParameter): Name = "Корпус"; Value = "1206U"; VariantName = "[No Variations]"
Add component (AddParameter): Name = "Наименование"; Value = "YC164-JR-0751RL"; VariantName = "[No Variations]"
Add component (AddParameter): Name = "Напряжение"; Value = ""; VariantName = "[No Variations]"
Add component (AddParameter): Name = "Номинал"; Value = "51"; VariantName = "[No Variations]"
Add component (AddParameter): Name = "Поставщик"; Value = ""; VariantName = "[No Variations]"
Add component (AddParameter): Name = "Примечания"; Value = ""; VariantName = "[No Variations]"
Add component (AddParameter): Name = "Тип"; Value = "Резистор"; VariantName = "[No Variations]"
Added Pin To Net: NetName=D_GND Pin=C66-5
Added Pin To Net: NetName=D_GND Pin=C66-6
Added Pin To Net: NetName=D_GND Pin=C66-7
Added Pin To Net: NetName=D_GND Pin=C66-8
Added Pin To Net: NetName=D_GND Pin=C67-5
Added Pin To Net: NetName=D_GND Pin=C67-6
Added Pin To Net: NetName=D_GND Pin=C67-7
Added Pin To Net: NetName=D_GND Pin=C67-8
Added Pin To Net: NetName=D_GND Pin=C68-5
Added Pin To Net: NetName=D_GND Pin=C68-6
Added Pin To Net: NetName=D_GND Pin=C68-7
Added Pin To Net: NetName=D_GND Pin=C68-8
Added Pin To Net: NetName=D_GND Pin=C69-5
Added Pin To Net: NetName=D_GND Pin=C69-6
Added Pin To Net: NetName=D_GND Pin=C69-7
Added Pin To Net: NetName=D_GND Pin=C69-8
Added Pin To Net: NetName=D_GND Pin=C70-6
Added Pin To Net: NetName=D_GND Pin=C70-7
Added Pin To Net: NetName=D_GND Pin=C70-8
Added Pin To Net: NetName=LCD_C/D(RS-FSMC_A16) Pin=R75-1
Added Pin To Net: NetName=LCD_/RD(FSMC_NOE) Pin=R75-2
Added Pin To Net: NetName=LCD_/WR(FSMC_NWE) Pin=R75-3
Added Pin To Net: NetName=LCD_DB0 Pin=R75-4
Added Pin To Net: NetName=LCD_DB1 Pin=R76-1
Added Pin To Net: NetName=LCD_DB2 Pin=R76-2
Added Pin To Net: NetName=LCD_DB3 Pin=R76-3
Added Pin To Net: NetName=LCD_DB4 Pin=R76-4
Added Pin To Net: NetName=LCD_DB5 Pin=R77-1
Added Pin To Net: NetName=LCD_DB6 Pin=R77-2
Added Pin To Net: NetName=LCD_DB7 Pin=R77-3
Added Pin To Net: NetName=LCD_/CE(CS-FSMC_NE1) Pin=R77-4
Added Pin To Net: NetName=LCD_Reset Pin=R78-1
Added Pin To Net: NetName=LCD_MD2 Pin=R78-2
Added Pin To Net: NetName=LCD_FS1 Pin=R78-3
Added Pin To Net: NetName=NetC66_1 Pin=C66-1
Added Pin To Net: NetName=NetC66_1 Pin=L1-1
Added Pin To Net: NetName=NetC66_1 Pin=XS1-1
Added Net: Name=NetC66_1
Added Pin To Net: NetName=NetC66_2 Pin=C66-2
Added Pin To Net: NetName=NetC66_2 Pin=L2-1
Added Pin To Net: NetName=NetC66_2 Pin=XS1-2
Added Net: Name=NetC66_2
Added Pin To Net: NetName=NetC66_3 Pin=C66-3
Added Pin To Net: NetName=NetC66_3 Pin=R13-2
Added Pin To Net: NetName=NetC66_3 Pin=XS1-3
Added Net: Name=NetC66_3
Added Pin To Net: NetName=NetC66_4 Pin=C66-4
Added Pin To Net: NetName=NetC66_4 Pin=R75-8
Added Pin To Net: NetName=NetC66_4 Pin=XS1-4
Added Net: Name=NetC66_4
Added Pin To Net: NetName=NetC67_1 Pin=C67-1
Added Pin To Net: NetName=NetC67_1 Pin=R75-7
Added Pin To Net: NetName=NetC67_1 Pin=XS1-5
Added Net: Name=NetC67_1
Added Pin To Net: NetName=NetC67_2 Pin=C67-2
Added Pin To Net: NetName=NetC67_2 Pin=R75-6
Added Pin To Net: NetName=NetC67_2 Pin=XS1-6
Added Net: Name=NetC67_2
Added Pin To Net: NetName=NetC67_3 Pin=C67-3
Added Pin To Net: NetName=NetC67_3 Pin=R75-5
Added Pin To Net: NetName=NetC67_3 Pin=XS1-7
Added Net: Name=NetC67_3
Added Pin To Net: NetName=NetC67_4 Pin=C67-4
Added Pin To Net: NetName=NetC67_4 Pin=R76-8
Added Pin To Net: NetName=NetC67_4 Pin=XS1-8
Added Net: Name=NetC67_4
Added Pin To Net: NetName=NetC68_1 Pin=C68-1
Added Pin To Net: NetName=NetC68_1 Pin=R76-7
Added Pin To Net: NetName=NetC68_1 Pin=XS1-9
Added Net: Name=NetC68_1
Added Pin To Net: NetName=NetC68_2 Pin=C68-2
Added Pin To Net: NetName=NetC68_2 Pin=R76-6
Added Pin To Net: NetName=NetC68_2 Pin=XS1-10
Added Net: Name=NetC68_2
Added Pin To Net: NetName=NetC68_3 Pin=C68-3
Added Pin To Net: NetName=NetC68_3 Pin=R76-5
Added Pin To Net: NetName=NetC68_3 Pin=XS1-11
Added Net: Name=NetC68_3
Added Pin To Net: NetName=NetC68_4 Pin=C68-4
Added Pin To Net: NetName=NetC68_4 Pin=R77-8
Added Pin To Net: NetName=NetC68_4 Pin=XS1-12
Added Net: Name=NetC68_4
Added Pin To Net: NetName=NetC69_1 Pin=C69-1
Added Pin To Net: NetName=NetC69_1 Pin=R77-7
Added Pin To Net: NetName=NetC69_1 Pin=XS1-13
Added Net: Name=NetC69_1
Added Pin To Net: NetName=NetC69_2 Pin=C69-2
Added Pin To Net: NetName=NetC69_2 Pin=R77-6
Added Pin To Net: NetName=NetC69_2 Pin=XS1-14
Added Net: Name=NetC69_2
Added Pin To Net: NetName=NetC69_3 Pin=C69-3
Added Pin To Net: NetName=NetC69_3 Pin=R77-5
Added Pin To Net: NetName=NetC69_3 Pin=XS1-15
Added Net: Name=NetC69_3
Added Pin To Net: NetName=NetC69_4 Pin=C69-4
Added Pin To Net: NetName=NetC69_4 Pin=R78-8
Added Pin To Net: NetName=NetC69_4 Pin=XS1-16
Added Net: Name=NetC69_4
Added Pin To Net: NetName=NetC70_1 Pin=C70-1
Added Pin To Net: NetName=NetC70_1 Pin=R13-1
Added Pin To Net: NetName=NetC70_1 Pin=XS1-17
Added Net: Name=NetC70_1
Added Pin To Net: NetName=NetC70_2 Pin=C70-2
Added Pin To Net: NetName=NetC70_2 Pin=R78-7
Added Pin To Net: NetName=NetC70_2 Pin=XS1-18
Added Net: Name=NetC70_2
Added Pin To Net: NetName=NetC70_3 Pin=C70-3
Added Pin To Net: NetName=NetC70_3 Pin=R78-6
Added Pin To Net: NetName=NetC70_3 Pin=XS1-19
Added Net: Name=NetC70_3
Added Member To Class: ClassName=U_LCD_Board Member=Component C66 Cборка 4 шт
Added Member To Class: ClassName=U_LCD_Board Member=Component C67 Cборка 4 шт
Added Member To Class: ClassName=U_LCD_Board Member=Component C68 Cборка 4 шт
Added Member To Class: ClassName=U_LCD_Board Member=Component C69 Cборка 4 шт
Added Member To Class: ClassName=U_LCD_Board Member=Component C70 Cборка 4 шт
Added Member To Class: ClassName=U_LCD_Board Member=Component R75 сборка 4шт
Added Member To Class: ClassName=U_LCD_Board Member=Component R76 сборка 4шт
Added Member To Class: ClassName=U_LCD_Board Member=Component R77 сборка 4шт
Added Member To Class: ClassName=U_LCD_Board Member=Component R78 сборка 4шт
