Removed Pin From Net: NetName=SD_SW Pin=VD2-2
Removed Pin From Net: NetName=D_GND Pin=VD2-3
Removed Pin From Net: NetName=+3.3V_D Pin=VD6-2
Removed Pin From Net: NetName=D_GND Pin=VD7-1
Removed Pin From Net: NetName=+5V_D Pin=VD7-2
Removed Pin From Net: NetName=NRST_MC Pin=VD30-2
Removed Pin From Net: NetName=D_GND Pin=VD30-3
Removed Member From Class: ClassName=Main1 Member=VD7
Change Component Footprint: Designator=VD6 Old Footprint=VD_SOD523 New Footprint=SOT-23
Change Component Comment : Designator=VD6 Old Comment=ESD New Comment=VD_BAT54S
Change component parameters: Designator = "VD6"; Footprint = "SOT-23"; UniqueID = "\SBUHUNZT"
Change component parameters. Clean all parameters for all variants
Change component parameters (AddParameter): Name = "Идентификатор"; Value = "PESD3V3L2BT"; VariantName = "[No Variations]"
Change component parameters (AddParameter): Name = "Корпус"; Value = "SOT-23-3"; VariantName = "[No Variations]"
Change component parameters (AddParameter): Name = "Наименование"; Value = "PESD3V3L2BT"; VariantName = "[No Variations]"
Change component parameters (AddParameter): Name = "Напряжение"; Value = "3.3V"; VariantName = "[No Variations]"
Change component parameters (AddParameter): Name = "Номинал"; Value = ""; VariantName = "[No Variations]"
Change component parameters (AddParameter): Name = "Поставщик"; Value = ""; VariantName = "[No Variations]"
Change component parameters (AddParameter): Name = "Примечания"; Value = ""; VariantName = "[No Variations]"
Change component parameters (AddParameter): Name = "Тип"; Value = "Защитные диоды"; VariantName = "[No Variations]"
Added Pin To Net: NetName=D_GND Pin=VD2-2
Added Pin To Net: NetName=SD_SW Pin=VD2-3
Added Pin To Net: NetName=D_GND Pin=VD6-2
Added Pin To Net: NetName=+3.3V_D Pin=VD6-3
Added Pin To Net: NetName=+5V_D Pin=VD6-3
Added Pin To Net: NetName=D_GND Pin=VD30-2
Added Pin To Net: NetName=NRST_MC Pin=VD30-3
