Replace Part C? C_1206 in C:\AltiumPro\FP_LCD68_ver1\FP_LCD68\FP_LCD68_ver1\Power.SchDoc with C_1206 from Privod_A_K.IntLib
Replace Part C? C_0805 in C:\AltiumPro\FP_LCD68_ver1\FP_LCD68\FP_LCD68_ver1\Power.SchDoc with C_0805 from Privod_A_K.IntLib
Replace Part C? C+_TAN_A in C:\AltiumPro\FP_LCD68_ver1\FP_LCD68\FP_LCD68_ver1\Power.SchDoc with C+_TAN_A from Privod_A_K.IntLib
Replace Part C? C+_K50-35_(8x11.5) in C:\AltiumPro\FP_LCD68_ver1\FP_LCD68\FP_LCD68_ver1\Power.SchDoc with C+_K50-35_(8x11.5) from Privod_A_K.IntLib
Replace Part C? C_0805 in C:\AltiumPro\FP_LCD68_ver1\FP_LCD68\FP_LCD68_ver1\Power.SchDoc with C_0805 from Privod_A_K.IntLib
Replace Part C? C_0805 in C:\AltiumPro\FP_LCD68_ver1\FP_LCD68\FP_LCD68_ver1\Power.SchDoc with C_0805 from Privod_A_K.IntLib
Replace Part C? C+_TAN_A in C:\AltiumPro\FP_LCD68_ver1\FP_LCD68\FP_LCD68_ver1\Power.SchDoc with C+_TAN_A from Privod_A_K.IntLib
Replace Part C? C_0805 in C:\AltiumPro\FP_LCD68_ver1\FP_LCD68\FP_LCD68_ver1\Power.SchDoc with C_0805 from Privod_A_K.IntLib
Replace Part C? C_0805 in C:\AltiumPro\FP_LCD68_ver1\FP_LCD68\FP_LCD68_ver1\Power.SchDoc with C_0805 from Privod_A_K.IntLib
Replace Part C? C+_TAN_A in C:\AltiumPro\FP_LCD68_ver1\FP_LCD68\FP_LCD68_ver1\Power.SchDoc with C+_TAN_A from Privod_A_K.IntLib
Replace Part DA? DA_AMS1117-3.3 in C:\AltiumPro\FP_LCD68_ver1\FP_LCD68\FP_LCD68_ver1\Power.SchDoc with DA_AMS1117-3.3 from Privod_A_K.IntLib
Replace Part G? G_WRB2405S-1WR2 in C:\AltiumPro\FP_LCD68_ver1\FP_LCD68\FP_LCD68_ver1\Power.SchDoc with G_WRB2405S-1WR2 from Privod_A_K.IntLib
Replace Part L? L_B82790 in C:\AltiumPro\FP_LCD68_ver1\FP_LCD68\FP_LCD68_ver1\Power.SchDoc with L_B82790 from Privod_A_K.IntLib
Replace Part L? L_PBY201209T-601Y-N in C:\AltiumPro\FP_LCD68_ver1\FP_LCD68\FP_LCD68_ver1\Power.SchDoc with L_PBY201209T-601Y-N from Privod_A_K.IntLib
Replace Part L? L_PBY201209T-601Y-N in C:\AltiumPro\FP_LCD68_ver1\FP_LCD68\FP_LCD68_ver1\Power.SchDoc with L_PBY201209T-601Y-N from Privod_A_K.IntLib
Replace Part R? R_0805 in C:\AltiumPro\FP_LCD68_ver1\FP_LCD68\FP_LCD68_ver1\Power.SchDoc with R_0805 from Privod_A_K.IntLib
Replace Part R? R_0805 in C:\AltiumPro\FP_LCD68_ver1\FP_LCD68\FP_LCD68_ver1\Power.SchDoc with R_0805 from Privod_A_K.IntLib
Replace Part R? R_0805 in C:\AltiumPro\FP_LCD68_ver1\FP_LCD68\FP_LCD68_ver1\Power.SchDoc with R_0805 from Privod_A_K.IntLib
Replace Part VD? VD_Led_0805 in C:\AltiumPro\FP_LCD68_ver1\FP_LCD68\FP_LCD68_ver1\Power.SchDoc with VD_Led_0805 from Privod_A_K.IntLib
Replace Part VD? VD_Led_0805 in C:\AltiumPro\FP_LCD68_ver1\FP_LCD68\FP_LCD68_ver1\Power.SchDoc with VD_Led_0805 from Privod_A_K.IntLib
Replace Part VD? VD_SMA in C:\AltiumPro\FP_LCD68_ver1\FP_LCD68\FP_LCD68_ver1\Power.SchDoc with VD_SMA from Privod_A_K.IntLib
Replace Part VD? VD_SH_SMA in C:\AltiumPro\FP_LCD68_ver1\FP_LCD68\FP_LCD68_ver1\Power.SchDoc with VD_SH_SMA from Privod_A_K.IntLib
Replace Part VD? VD_STPS3150U in C:\AltiumPro\FP_LCD68_ver1\FP_LCD68\FP_LCD68_ver1\Power.SchDoc with VD_STPS3150U from Privod_A_K.IntLib
Replace Part VD? VD_SMCJ48A in C:\AltiumPro\FP_LCD68_ver1\FP_LCD68\FP_LCD68_ver1\Power.SchDoc with VD_SMCJ48A from Privod_A_K.IntLib
Replace Part XS? XS_3_pin_3.8mm in C:\AltiumPro\FP_LCD68_ver1\FP_LCD68\FP_LCD68_ver1\Power.SchDoc with XS_3_pin_3.8mm from Privod_A_K.IntLib
