Change Component Designator: Old Designator=C? New Designator=C56
Change Component Designator: Old Designator=C? New Designator=C57
Change Component Designator: Old Designator=C? New Designator=C58
Change Component Designator: Old Designator=C? New Designator=C59
Change Component Designator: Old Designator=C? New Designator=C60
Change Component Designator: Old Designator=C? New Designator=C61
Change Component Designator: Old Designator=C? New Designator=C62
Change Component Designator: Old Designator=C? New Designator=C63
Change Component Designator: Old Designator=C? New Designator=C64
Change Component Designator: Old Designator=C? New Designator=C65
Change Component Designator: Old Designator=DA? New Designator=DA4
Change Component Designator: Old Designator=G? New Designator=G4
Change Component Designator: Old Designator=L? New Designator=L9
Change Component Designator: Old Designator=L? New Designator=L10
Change Component Designator: Old Designator=L? New Designator=L11
Change Component Designator: Old Designator=R? New Designator=R45
Change Component Designator: Old Designator=R? New Designator=R46
Change Component Designator: Old Designator=VD? New Designator=VD24
Change Component Designator: Old Designator=VD? New Designator=VD25
Change Component Designator: Old Designator=VD? New Designator=VD26
Change Component Designator: Old Designator=VD? New Designator=VD27
Change Component Designator: Old Designator=VD? New Designator=VD28
Change Component Designator: Old Designator=VD? New Designator=VD29
Change Component Designator: Old Designator=XS? New Designator=XS8
