Change Component Designator: Old Designator=C? New Designator=C45
Change Component Designator: Old Designator=C? New Designator=C46
Change Component Designator: Old Designator=C? New Designator=C47
Change Component Designator: Old Designator=C? New Designator=C48
Change Component Designator: Old Designator=C? New Designator=C49
Change Component Designator: Old Designator=C? New Designator=C50
Change Component Designator: Old Designator=C? New Designator=C51
Change Component Designator: Old Designator=C? New Designator=C52
Change Component Designator: Old Designator=C? New Designator=C53
Change Component Designator: Old Designator=C? New Designator=C54
Change Component Designator: Old Designator=DA? New Designator=DA4
Change Component Designator: Old Designator=G? New Designator=G2
Change Component Designator: Old Designator=L? New Designator=L7
Change Component Designator: Old Designator=L? New Designator=L8
Change Component Designator: Old Designator=L? New Designator=L9
Change Component Designator: Old Designator=R? New Designator=R53
Change Component Designator: Old Designator=R? New Designator=R54
Change Component Designator: Old Designator=VD? New Designator=VD23
Change Component Designator: Old Designator=VD? New Designator=VD24
Change Component Designator: Old Designator=VD? New Designator=VD25
Change Component Designator: Old Designator=VD? New Designator=VD26
Change Component Designator: Old Designator=VD? New Designator=VD27
Change Component Designator: Old Designator=VD? New Designator=VD28
Change Component Designator: Old Designator=XS? New Designator=XS10
